2022-02-25 23:47:33.274 INFO  [acme.Launcher@main] Starting Launcher using Java 1.8.0_281 on LAPTOP-RPDAL2KC with PID 14068 (C:\Users\salva\OneDrive\Escritorio\DP II\Workspace-22.0\Frameworks\Acme-Framework-22.1\target\classes started by salva in C:\Users\salva\OneDrive\Escritorio\DP II\Workspace-22.0\Projects\Acme-One) 
2022-02-25 23:47:33.276 DEBUG [acme.Launcher@main] Running with Spring Boot v2.4.2, Spring v5.3.3 
2022-02-25 23:47:33.278 INFO  [acme.Launcher@main] The following profiles are active: development,default 
2022-02-25 23:47:37.274 DEBUG [org.apache.jasper.servlet.JasperInitializer@main] Initializing Jasper for context [application] 
2022-02-25 23:47:43.970 DEBUG [org.apache.jasper.servlet.JspServlet@main] Scratch dir for the JSP engine is: [C:\Users\salva\AppData\Local\Temp\tomcat.8080.6336225092923966784\work\Tomcat\localhost\hello-world-22.1] 
2022-02-25 23:47:43.971 DEBUG [org.apache.jasper.servlet.JspServlet@main] IMPORTANT: Do not modify the generated servlets 
2022-02-25 23:47:43.993 INFO  [acme.Launcher@main] Started Launcher in 11.799 seconds (JVM running for 12.894) 
2022-02-25 23:47:44.001 DEBUG [acme.Launcher@main] Found classpath entry '/C:/Users/salva/OneDrive/Escritorio/DP%20II/Workspace-22.0/Projects/Acme-One/target/test-classes/' 
2022-02-25 23:47:44.001 DEBUG [acme.Launcher@main] Found classpath entry '/C:/Users/salva/OneDrive/Escritorio/DP%20II/Workspace-22.0/Projects/Acme-One/target/classes/' 
2022-02-25 23:47:44.002 DEBUG [acme.Launcher@main] Found classpath entry '/C:/Users/salva/OneDrive/Escritorio/DP%20II/Workspace-22.0/Frameworks/Acme-Framework-22.1/target/classes/' 
2022-02-25 23:47:44.002 DEBUG [acme.Launcher@main] Found classpath entry '/C:/Users/salva/OneDrive/Escritorio/DP%20II/Workspace-22.0/Frameworks/Acme-Framework-22.1/target/test-classes/' 
2022-02-25 23:47:44.003 DEBUG [acme.Launcher@main] Found classpath entry '/C:/Users/salva/.m2/repository/org/springframework/boot/spring-boot-starter-tomcat/2.4.2/spring-boot-starter-tomcat-2.4.2.jar' 
2022-02-25 23:47:44.003 DEBUG [acme.Launcher@main] Found classpath entry '/C:/Users/salva/.m2/repository/jakarta/annotation/jakarta.annotation-api/1.3.5/jakarta.annotation-api-1.3.5.jar' 
2022-02-25 23:47:44.003 DEBUG [acme.Launcher@main] Found classpath entry '/C:/Users/salva/.m2/repository/org/apache/tomcat/embed/tomcat-embed-core/9.0.41/tomcat-embed-core-9.0.41.jar' 
2022-02-25 23:47:44.004 DEBUG [acme.Launcher@main] Found classpath entry '/C:/Users/salva/.m2/repository/org/glassfish/jakarta.el/3.0.3/jakarta.el-3.0.3.jar' 
2022-02-25 23:47:44.004 DEBUG [acme.Launcher@main] Found classpath entry '/C:/Users/salva/.m2/repository/org/apache/tomcat/embed/tomcat-embed-websocket/9.0.41/tomcat-embed-websocket-9.0.41.jar' 
2022-02-25 23:47:44.004 DEBUG [acme.Launcher@main] Found classpath entry '/C:/Users/salva/.m2/repository/org/apache/tomcat/embed/tomcat-embed-jasper/9.0.41/tomcat-embed-jasper-9.0.41.jar' 
2022-02-25 23:47:44.005 DEBUG [acme.Launcher@main] Found classpath entry '/C:/Users/salva/.m2/repository/org/apache/tomcat/embed/tomcat-embed-el/9.0.41/tomcat-embed-el-9.0.41.jar' 
2022-02-25 23:47:44.005 DEBUG [acme.Launcher@main] Found classpath entry '/C:/Users/salva/.m2/repository/org/eclipse/jdt/ecj/3.18.0/ecj-3.18.0.jar' 
2022-02-25 23:47:44.005 DEBUG [acme.Launcher@main] Found classpath entry '/C:/Users/salva/.m2/repository/javax/servlet/jstl/1.2/jstl-1.2.jar' 
2022-02-25 23:47:44.006 DEBUG [acme.Launcher@main] Found classpath entry '/C:/Users/salva/.m2/repository/org/springframework/boot/spring-boot-starter-test/2.4.2/spring-boot-starter-test-2.4.2.jar' 
2022-02-25 23:47:44.006 DEBUG [acme.Launcher@main] Found classpath entry '/C:/Users/salva/.m2/repository/org/springframework/boot/spring-boot-starter/2.4.2/spring-boot-starter-2.4.2.jar' 
2022-02-25 23:47:44.006 DEBUG [acme.Launcher@main] Found classpath entry '/C:/Users/salva/.m2/repository/org/springframework/boot/spring-boot/2.4.2/spring-boot-2.4.2.jar' 
2022-02-25 23:47:44.006 DEBUG [acme.Launcher@main] Found classpath entry '/C:/Users/salva/.m2/repository/org/springframework/boot/spring-boot-autoconfigure/2.4.2/spring-boot-autoconfigure-2.4.2.jar' 
2022-02-25 23:47:44.007 DEBUG [acme.Launcher@main] Found classpath entry '/C:/Users/salva/.m2/repository/org/springframework/boot/spring-boot-starter-logging/2.4.2/spring-boot-starter-logging-2.4.2.jar' 
2022-02-25 23:47:44.008 DEBUG [acme.Launcher@main] Found classpath entry '/C:/Users/salva/.m2/repository/ch/qos/logback/logback-classic/1.2.3/logback-classic-1.2.3.jar' 
2022-02-25 23:47:44.008 DEBUG [acme.Launcher@main] Found classpath entry '/C:/Users/salva/.m2/repository/ch/qos/logback/logback-core/1.2.3/logback-core-1.2.3.jar' 
2022-02-25 23:47:44.008 DEBUG [acme.Launcher@main] Found classpath entry '/C:/Users/salva/.m2/repository/org/apache/logging/log4j/log4j-to-slf4j/2.13.3/log4j-to-slf4j-2.13.3.jar' 
2022-02-25 23:47:44.008 DEBUG [acme.Launcher@main] Found classpath entry '/C:/Users/salva/.m2/repository/org/apache/logging/log4j/log4j-api/2.13.3/log4j-api-2.13.3.jar' 
2022-02-25 23:47:44.008 DEBUG [acme.Launcher@main] Found classpath entry '/C:/Users/salva/.m2/repository/org/slf4j/jul-to-slf4j/1.7.30/jul-to-slf4j-1.7.30.jar' 
2022-02-25 23:47:44.008 DEBUG [acme.Launcher@main] Found classpath entry '/C:/Users/salva/.m2/repository/org/yaml/snakeyaml/1.27/snakeyaml-1.27.jar' 
2022-02-25 23:47:44.009 DEBUG [acme.Launcher@main] Found classpath entry '/C:/Users/salva/.m2/repository/org/springframework/boot/spring-boot-test/2.4.2/spring-boot-test-2.4.2.jar' 
2022-02-25 23:47:44.009 DEBUG [acme.Launcher@main] Found classpath entry '/C:/Users/salva/.m2/repository/org/springframework/boot/spring-boot-test-autoconfigure/2.4.2/spring-boot-test-autoconfigure-2.4.2.jar' 
2022-02-25 23:47:44.009 DEBUG [acme.Launcher@main] Found classpath entry '/C:/Users/salva/.m2/repository/com/jayway/jsonpath/json-path/2.4.0/json-path-2.4.0.jar' 
2022-02-25 23:47:44.009 DEBUG [acme.Launcher@main] Found classpath entry '/C:/Users/salva/.m2/repository/net/minidev/json-smart/2.3/json-smart-2.3.jar' 
2022-02-25 23:47:44.010 DEBUG [acme.Launcher@main] Found classpath entry '/C:/Users/salva/.m2/repository/net/minidev/accessors-smart/1.2/accessors-smart-1.2.jar' 
2022-02-25 23:47:44.010 DEBUG [acme.Launcher@main] Found classpath entry '/C:/Users/salva/.m2/repository/org/ow2/asm/asm/5.0.4/asm-5.0.4.jar' 
2022-02-25 23:47:44.010 DEBUG [acme.Launcher@main] Found classpath entry '/C:/Users/salva/.m2/repository/jakarta/xml/bind/jakarta.xml.bind-api/2.3.3/jakarta.xml.bind-api-2.3.3.jar' 
2022-02-25 23:47:44.010 DEBUG [acme.Launcher@main] Found classpath entry '/C:/Users/salva/.m2/repository/jakarta/activation/jakarta.activation-api/1.2.2/jakarta.activation-api-1.2.2.jar' 
2022-02-25 23:47:44.011 DEBUG [acme.Launcher@main] Found classpath entry '/C:/Users/salva/.m2/repository/org/assertj/assertj-core/3.18.1/assertj-core-3.18.1.jar' 
2022-02-25 23:47:44.011 DEBUG [acme.Launcher@main] Found classpath entry '/C:/Users/salva/.m2/repository/org/hamcrest/hamcrest/2.2/hamcrest-2.2.jar' 
2022-02-25 23:47:44.011 DEBUG [acme.Launcher@main] Found classpath entry '/C:/Users/salva/.m2/repository/org/junit/jupiter/junit-jupiter/5.7.0/junit-jupiter-5.7.0.jar' 
2022-02-25 23:47:44.011 DEBUG [acme.Launcher@main] Found classpath entry '/C:/Users/salva/.m2/repository/org/mockito/mockito-core/3.6.28/mockito-core-3.6.28.jar' 
2022-02-25 23:47:44.011 DEBUG [acme.Launcher@main] Found classpath entry '/C:/Users/salva/.m2/repository/net/bytebuddy/byte-buddy-agent/1.10.19/byte-buddy-agent-1.10.19.jar' 
2022-02-25 23:47:44.012 DEBUG [acme.Launcher@main] Found classpath entry '/C:/Users/salva/.m2/repository/org/objenesis/objenesis/3.1/objenesis-3.1.jar' 
2022-02-25 23:47:44.013 DEBUG [acme.Launcher@main] Found classpath entry '/C:/Users/salva/.m2/repository/org/mockito/mockito-junit-jupiter/3.6.28/mockito-junit-jupiter-3.6.28.jar' 
2022-02-25 23:47:44.013 DEBUG [acme.Launcher@main] Found classpath entry '/C:/Users/salva/.m2/repository/org/skyscreamer/jsonassert/1.5.0/jsonassert-1.5.0.jar' 
2022-02-25 23:47:44.014 DEBUG [acme.Launcher@main] Found classpath entry '/C:/Users/salva/.m2/repository/com/vaadin/external/google/android-json/0.0.20131108.vaadin1/android-json-0.0.20131108.vaadin1.jar' 
2022-02-25 23:47:44.015 DEBUG [acme.Launcher@main] Found classpath entry '/C:/Users/salva/.m2/repository/org/springframework/spring-core/5.3.3/spring-core-5.3.3.jar' 
2022-02-25 23:47:44.016 DEBUG [acme.Launcher@main] Found classpath entry '/C:/Users/salva/.m2/repository/org/springframework/spring-jcl/5.3.3/spring-jcl-5.3.3.jar' 
2022-02-25 23:47:44.017 DEBUG [acme.Launcher@main] Found classpath entry '/C:/Users/salva/.m2/repository/org/springframework/spring-test/5.3.3/spring-test-5.3.3.jar' 
2022-02-25 23:47:44.018 DEBUG [acme.Launcher@main] Found classpath entry '/C:/Users/salva/.m2/repository/org/xmlunit/xmlunit-core/2.7.0/xmlunit-core-2.7.0.jar' 
2022-02-25 23:47:44.018 DEBUG [acme.Launcher@main] Found classpath entry '/C:/Users/salva/.m2/repository/org/springframework/boot/spring-boot-starter-security/2.4.2/spring-boot-starter-security-2.4.2.jar' 
2022-02-25 23:47:44.019 DEBUG [acme.Launcher@main] Found classpath entry '/C:/Users/salva/.m2/repository/org/springframework/spring-aop/5.3.3/spring-aop-5.3.3.jar' 
2022-02-25 23:47:44.019 DEBUG [acme.Launcher@main] Found classpath entry '/C:/Users/salva/.m2/repository/org/springframework/security/spring-security-web/5.4.2/spring-security-web-5.4.2.jar' 
2022-02-25 23:47:44.019 DEBUG [acme.Launcher@main] Found classpath entry '/C:/Users/salva/.m2/repository/org/springframework/security/spring-security-core/5.4.2/spring-security-core-5.4.2.jar' 
2022-02-25 23:47:44.020 DEBUG [acme.Launcher@main] Found classpath entry '/C:/Users/salva/.m2/repository/org/springframework/spring-beans/5.3.3/spring-beans-5.3.3.jar' 
2022-02-25 23:47:44.020 DEBUG [acme.Launcher@main] Found classpath entry '/C:/Users/salva/.m2/repository/org/springframework/spring-context/5.3.3/spring-context-5.3.3.jar' 
2022-02-25 23:47:44.021 DEBUG [acme.Launcher@main] Found classpath entry '/C:/Users/salva/.m2/repository/org/springframework/spring-expression/5.3.3/spring-expression-5.3.3.jar' 
2022-02-25 23:47:44.021 DEBUG [acme.Launcher@main] Found classpath entry '/C:/Users/salva/.m2/repository/org/springframework/spring-web/5.3.3/spring-web-5.3.3.jar' 
2022-02-25 23:47:44.021 DEBUG [acme.Launcher@main] Found classpath entry '/C:/Users/salva/.m2/repository/org/springframework/security/spring-security-config/5.4.2/spring-security-config-5.4.2.jar' 
2022-02-25 23:47:44.022 DEBUG [acme.Launcher@main] Found classpath entry '/C:/Users/salva/.m2/repository/org/springframework/security/spring-security-taglibs/5.4.2/spring-security-taglibs-5.4.2.jar' 
2022-02-25 23:47:44.022 DEBUG [acme.Launcher@main] Found classpath entry '/C:/Users/salva/.m2/repository/org/springframework/security/spring-security-acl/5.4.2/spring-security-acl-5.4.2.jar' 
2022-02-25 23:47:44.023 DEBUG [acme.Launcher@main] Found classpath entry '/C:/Users/salva/.m2/repository/org/springframework/spring-jdbc/5.3.3/spring-jdbc-5.3.3.jar' 
2022-02-25 23:47:44.023 DEBUG [acme.Launcher@main] Found classpath entry '/C:/Users/salva/.m2/repository/org/springframework/spring-tx/5.3.3/spring-tx-5.3.3.jar' 
2022-02-25 23:47:44.023 DEBUG [acme.Launcher@main] Found classpath entry '/C:/Users/salva/.m2/repository/org/springframework/boot/spring-boot-starter-web/2.4.2/spring-boot-starter-web-2.4.2.jar' 
2022-02-25 23:47:44.023 DEBUG [acme.Launcher@main] Found classpath entry '/C:/Users/salva/.m2/repository/org/springframework/boot/spring-boot-starter-json/2.4.2/spring-boot-starter-json-2.4.2.jar' 
2022-02-25 23:47:44.024 DEBUG [acme.Launcher@main] Found classpath entry '/C:/Users/salva/.m2/repository/com/fasterxml/jackson/core/jackson-databind/2.11.4/jackson-databind-2.11.4.jar' 
2022-02-25 23:47:44.024 DEBUG [acme.Launcher@main] Found classpath entry '/C:/Users/salva/.m2/repository/com/fasterxml/jackson/core/jackson-annotations/2.11.4/jackson-annotations-2.11.4.jar' 
2022-02-25 23:47:44.024 DEBUG [acme.Launcher@main] Found classpath entry '/C:/Users/salva/.m2/repository/com/fasterxml/jackson/core/jackson-core/2.11.4/jackson-core-2.11.4.jar' 
2022-02-25 23:47:44.025 DEBUG [acme.Launcher@main] Found classpath entry '/C:/Users/salva/.m2/repository/com/fasterxml/jackson/datatype/jackson-datatype-jdk8/2.11.4/jackson-datatype-jdk8-2.11.4.jar' 
2022-02-25 23:47:44.025 DEBUG [acme.Launcher@main] Found classpath entry '/C:/Users/salva/.m2/repository/com/fasterxml/jackson/datatype/jackson-datatype-jsr310/2.11.4/jackson-datatype-jsr310-2.11.4.jar' 
2022-02-25 23:47:44.025 DEBUG [acme.Launcher@main] Found classpath entry '/C:/Users/salva/.m2/repository/com/fasterxml/jackson/module/jackson-module-parameter-names/2.11.4/jackson-module-parameter-names-2.11.4.jar' 
2022-02-25 23:47:44.026 DEBUG [acme.Launcher@main] Found classpath entry '/C:/Users/salva/.m2/repository/org/springframework/spring-webmvc/5.3.3/spring-webmvc-5.3.3.jar' 
2022-02-25 23:47:44.026 DEBUG [acme.Launcher@main] Found classpath entry '/C:/Users/salva/.m2/repository/org/apache/tiles/tiles-jsp/3.0.8/tiles-jsp-3.0.8.jar' 
2022-02-25 23:47:44.026 DEBUG [acme.Launcher@main] Found classpath entry '/C:/Users/salva/.m2/repository/org/apache/tiles/tiles-servlet/3.0.8/tiles-servlet-3.0.8.jar' 
2022-02-25 23:47:44.027 DEBUG [acme.Launcher@main] Found classpath entry '/C:/Users/salva/.m2/repository/org/apache/tiles/tiles-core/3.0.8/tiles-core-3.0.8.jar' 
2022-02-25 23:47:44.027 DEBUG [acme.Launcher@main] Found classpath entry '/C:/Users/salva/.m2/repository/commons-digester/commons-digester/2.0/commons-digester-2.0.jar' 
2022-02-25 23:47:44.027 DEBUG [acme.Launcher@main] Found classpath entry '/C:/Users/salva/.m2/repository/org/slf4j/jcl-over-slf4j/1.7.30/jcl-over-slf4j-1.7.30.jar' 
2022-02-25 23:47:44.027 DEBUG [acme.Launcher@main] Found classpath entry '/C:/Users/salva/.m2/repository/org/apache/tiles/tiles-request-servlet/1.0.7/tiles-request-servlet-1.0.7.jar' 
2022-02-25 23:47:44.028 DEBUG [acme.Launcher@main] Found classpath entry '/C:/Users/salva/.m2/repository/org/apache/tiles/tiles-template/3.0.8/tiles-template-3.0.8.jar' 
2022-02-25 23:47:44.028 DEBUG [acme.Launcher@main] Found classpath entry '/C:/Users/salva/.m2/repository/org/apache/tiles/tiles-api/3.0.8/tiles-api-3.0.8.jar' 
2022-02-25 23:47:44.028 DEBUG [acme.Launcher@main] Found classpath entry '/C:/Users/salva/.m2/repository/org/apache/tiles/tiles-autotag-core-runtime/1.2/tiles-autotag-core-runtime-1.2.jar' 
2022-02-25 23:47:44.029 DEBUG [acme.Launcher@main] Found classpath entry '/C:/Users/salva/.m2/repository/org/slf4j/slf4j-api/1.7.30/slf4j-api-1.7.30.jar' 
2022-02-25 23:47:44.029 DEBUG [acme.Launcher@main] Found classpath entry '/C:/Users/salva/.m2/repository/org/apache/tiles/tiles-request-jsp/1.0.7/tiles-request-jsp-1.0.7.jar' 
2022-02-25 23:47:44.029 DEBUG [acme.Launcher@main] Found classpath entry '/C:/Users/salva/.m2/repository/org/apache/tiles/tiles-request-api/1.0.7/tiles-request-api-1.0.7.jar' 
2022-02-25 23:47:44.029 DEBUG [acme.Launcher@main] Found classpath entry '/C:/Users/salva/.m2/repository/org/springframework/boot/spring-boot-starter-data-jpa/2.4.2/spring-boot-starter-data-jpa-2.4.2.jar' 
2022-02-25 23:47:44.030 DEBUG [acme.Launcher@main] Found classpath entry '/C:/Users/salva/.m2/repository/org/springframework/boot/spring-boot-starter-aop/2.4.2/spring-boot-starter-aop-2.4.2.jar' 
2022-02-25 23:47:44.030 DEBUG [acme.Launcher@main] Found classpath entry '/C:/Users/salva/.m2/repository/org/aspectj/aspectjweaver/1.9.6/aspectjweaver-1.9.6.jar' 
2022-02-25 23:47:44.031 DEBUG [acme.Launcher@main] Found classpath entry '/C:/Users/salva/.m2/repository/org/springframework/boot/spring-boot-starter-jdbc/2.4.2/spring-boot-starter-jdbc-2.4.2.jar' 
2022-02-25 23:47:44.031 DEBUG [acme.Launcher@main] Found classpath entry '/C:/Users/salva/.m2/repository/jakarta/transaction/jakarta.transaction-api/1.3.3/jakarta.transaction-api-1.3.3.jar' 
2022-02-25 23:47:44.031 DEBUG [acme.Launcher@main] Found classpath entry '/C:/Users/salva/.m2/repository/jakarta/persistence/jakarta.persistence-api/2.2.3/jakarta.persistence-api-2.2.3.jar' 
2022-02-25 23:47:44.032 DEBUG [acme.Launcher@main] Found classpath entry '/C:/Users/salva/.m2/repository/org/hibernate/hibernate-core/5.4.27.Final/hibernate-core-5.4.27.Final.jar' 
2022-02-25 23:47:44.032 DEBUG [acme.Launcher@main] Found classpath entry '/C:/Users/salva/.m2/repository/org/jboss/logging/jboss-logging/3.4.1.Final/jboss-logging-3.4.1.Final.jar' 
2022-02-25 23:47:44.033 DEBUG [acme.Launcher@main] Found classpath entry '/C:/Users/salva/.m2/repository/org/javassist/javassist/3.27.0-GA/javassist-3.27.0-GA.jar' 
2022-02-25 23:47:44.033 DEBUG [acme.Launcher@main] Found classpath entry '/C:/Users/salva/.m2/repository/antlr/antlr/2.7.7/antlr-2.7.7.jar' 
2022-02-25 23:47:44.034 DEBUG [acme.Launcher@main] Found classpath entry '/C:/Users/salva/.m2/repository/org/jboss/jandex/2.1.3.Final/jandex-2.1.3.Final.jar' 
2022-02-25 23:47:44.035 DEBUG [acme.Launcher@main] Found classpath entry '/C:/Users/salva/.m2/repository/com/fasterxml/classmate/1.5.1/classmate-1.5.1.jar' 
2022-02-25 23:47:44.035 DEBUG [acme.Launcher@main] Found classpath entry '/C:/Users/salva/.m2/repository/org/dom4j/dom4j/2.1.3/dom4j-2.1.3.jar' 
2022-02-25 23:47:44.035 DEBUG [acme.Launcher@main] Found classpath entry '/C:/Users/salva/.m2/repository/org/hibernate/common/hibernate-commons-annotations/5.1.2.Final/hibernate-commons-annotations-5.1.2.Final.jar' 
2022-02-25 23:47:44.035 DEBUG [acme.Launcher@main] Found classpath entry '/C:/Users/salva/.m2/repository/org/glassfish/jaxb/jaxb-runtime/2.3.3/jaxb-runtime-2.3.3.jar' 
2022-02-25 23:47:44.036 DEBUG [acme.Launcher@main] Found classpath entry '/C:/Users/salva/.m2/repository/org/glassfish/jaxb/txw2/2.3.3/txw2-2.3.3.jar' 
2022-02-25 23:47:44.036 DEBUG [acme.Launcher@main] Found classpath entry '/C:/Users/salva/.m2/repository/com/sun/istack/istack-commons-runtime/3.0.11/istack-commons-runtime-3.0.11.jar' 
2022-02-25 23:47:44.036 DEBUG [acme.Launcher@main] Found classpath entry '/C:/Users/salva/.m2/repository/com/sun/activation/jakarta.activation/1.2.2/jakarta.activation-1.2.2.jar' 
2022-02-25 23:47:44.037 DEBUG [acme.Launcher@main] Found classpath entry '/C:/Users/salva/.m2/repository/org/springframework/data/spring-data-jpa/2.4.3/spring-data-jpa-2.4.3.jar' 
2022-02-25 23:47:44.037 DEBUG [acme.Launcher@main] Found classpath entry '/C:/Users/salva/.m2/repository/org/springframework/data/spring-data-commons/2.4.3/spring-data-commons-2.4.3.jar' 
2022-02-25 23:47:44.037 DEBUG [acme.Launcher@main] Found classpath entry '/C:/Users/salva/.m2/repository/org/springframework/spring-orm/5.3.3/spring-orm-5.3.3.jar' 
2022-02-25 23:47:44.038 DEBUG [acme.Launcher@main] Found classpath entry '/C:/Users/salva/.m2/repository/org/springframework/spring-aspects/5.3.3/spring-aspects-5.3.3.jar' 
2022-02-25 23:47:44.038 DEBUG [acme.Launcher@main] Found classpath entry '/C:/Users/salva/.m2/repository/org/springframework/boot/spring-boot-starter-validation/2.4.2/spring-boot-starter-validation-2.4.2.jar' 
2022-02-25 23:47:44.038 DEBUG [acme.Launcher@main] Found classpath entry '/C:/Users/salva/.m2/repository/org/hibernate/validator/hibernate-validator/6.1.7.Final/hibernate-validator-6.1.7.Final.jar' 
2022-02-25 23:47:44.039 DEBUG [acme.Launcher@main] Found classpath entry '/C:/Users/salva/.m2/repository/jakarta/validation/jakarta.validation-api/2.0.2/jakarta.validation-api-2.0.2.jar' 
2022-02-25 23:47:44.039 DEBUG [acme.Launcher@main] Found classpath entry '/C:/Users/salva/.m2/repository/mysql/mysql-connector-java/8.0.22/mysql-connector-java-8.0.22.jar' 
2022-02-25 23:47:44.039 DEBUG [acme.Launcher@main] Found classpath entry '/C:/Users/salva/.m2/repository/com/zaxxer/HikariCP/3.4.5/HikariCP-3.4.5.jar' 
2022-02-25 23:47:44.040 DEBUG [acme.Launcher@main] Found classpath entry '/C:/Users/salva/.m2/repository/org/junit/jupiter/junit-jupiter-engine/5.7.0/junit-jupiter-engine-5.7.0.jar' 
2022-02-25 23:47:44.040 DEBUG [acme.Launcher@main] Found classpath entry '/C:/Users/salva/.m2/repository/org/apiguardian/apiguardian-api/1.1.0/apiguardian-api-1.1.0.jar' 
2022-02-25 23:47:44.040 DEBUG [acme.Launcher@main] Found classpath entry '/C:/Users/salva/.m2/repository/org/junit/platform/junit-platform-engine/1.7.0/junit-platform-engine-1.7.0.jar' 
2022-02-25 23:47:44.041 DEBUG [acme.Launcher@main] Found classpath entry '/C:/Users/salva/.m2/repository/org/junit/jupiter/junit-jupiter-api/5.7.0/junit-jupiter-api-5.7.0.jar' 
2022-02-25 23:47:44.041 DEBUG [acme.Launcher@main] Found classpath entry '/C:/Users/salva/.m2/repository/org/opentest4j/opentest4j/1.2.0/opentest4j-1.2.0.jar' 
2022-02-25 23:47:44.041 DEBUG [acme.Launcher@main] Found classpath entry '/C:/Users/salva/.m2/repository/org/junit/platform/junit-platform-commons/1.7.0/junit-platform-commons-1.7.0.jar' 
2022-02-25 23:47:44.041 DEBUG [acme.Launcher@main] Found classpath entry '/C:/Users/salva/.m2/repository/org/junit/jupiter/junit-jupiter-params/5.7.0/junit-jupiter-params-5.7.0.jar' 
2022-02-25 23:47:44.041 DEBUG [acme.Launcher@main] Found classpath entry '/C:/Users/salva/.m2/repository/org/junit/platform/junit-platform-launcher/1.7.0/junit-platform-launcher-1.7.0.jar' 
2022-02-25 23:47:44.042 DEBUG [acme.Launcher@main] Found classpath entry '/C:/Users/salva/.m2/repository/org/seleniumhq/selenium/selenium-java/3.141.59/selenium-java-3.141.59.jar' 
2022-02-25 23:47:44.042 DEBUG [acme.Launcher@main] Found classpath entry '/C:/Users/salva/.m2/repository/org/seleniumhq/selenium/selenium-api/3.141.59/selenium-api-3.141.59.jar' 
2022-02-25 23:47:44.042 DEBUG [acme.Launcher@main] Found classpath entry '/C:/Users/salva/.m2/repository/org/seleniumhq/selenium/selenium-chrome-driver/3.141.59/selenium-chrome-driver-3.141.59.jar' 
2022-02-25 23:47:44.042 DEBUG [acme.Launcher@main] Found classpath entry '/C:/Users/salva/.m2/repository/org/seleniumhq/selenium/selenium-edge-driver/3.141.59/selenium-edge-driver-3.141.59.jar' 
2022-02-25 23:47:44.043 DEBUG [acme.Launcher@main] Found classpath entry '/C:/Users/salva/.m2/repository/org/seleniumhq/selenium/selenium-firefox-driver/3.141.59/selenium-firefox-driver-3.141.59.jar' 
2022-02-25 23:47:44.043 DEBUG [acme.Launcher@main] Found classpath entry '/C:/Users/salva/.m2/repository/org/seleniumhq/selenium/selenium-ie-driver/3.141.59/selenium-ie-driver-3.141.59.jar' 
2022-02-25 23:47:44.043 DEBUG [acme.Launcher@main] Found classpath entry '/C:/Users/salva/.m2/repository/org/seleniumhq/selenium/selenium-opera-driver/3.141.59/selenium-opera-driver-3.141.59.jar' 
2022-02-25 23:47:44.044 DEBUG [acme.Launcher@main] Found classpath entry '/C:/Users/salva/.m2/repository/org/seleniumhq/selenium/selenium-remote-driver/3.141.59/selenium-remote-driver-3.141.59.jar' 
2022-02-25 23:47:44.044 DEBUG [acme.Launcher@main] Found classpath entry '/C:/Users/salva/.m2/repository/org/seleniumhq/selenium/selenium-safari-driver/3.141.59/selenium-safari-driver-3.141.59.jar' 
2022-02-25 23:47:44.044 DEBUG [acme.Launcher@main] Found classpath entry '/C:/Users/salva/.m2/repository/org/seleniumhq/selenium/selenium-support/3.141.59/selenium-support-3.141.59.jar' 
2022-02-25 23:47:44.044 DEBUG [acme.Launcher@main] Found classpath entry '/C:/Users/salva/.m2/repository/net/bytebuddy/byte-buddy/1.10.19/byte-buddy-1.10.19.jar' 
2022-02-25 23:47:44.045 DEBUG [acme.Launcher@main] Found classpath entry '/C:/Users/salva/.m2/repository/org/apache/commons/commons-exec/1.3/commons-exec-1.3.jar' 
2022-02-25 23:47:44.045 DEBUG [acme.Launcher@main] Found classpath entry '/C:/Users/salva/.m2/repository/com/google/guava/guava/25.0-jre/guava-25.0-jre.jar' 
2022-02-25 23:47:44.045 DEBUG [acme.Launcher@main] Found classpath entry '/C:/Users/salva/.m2/repository/com/google/code/findbugs/jsr305/1.3.9/jsr305-1.3.9.jar' 
2022-02-25 23:47:44.045 DEBUG [acme.Launcher@main] Found classpath entry '/C:/Users/salva/.m2/repository/org/checkerframework/checker-compat-qual/2.0.0/checker-compat-qual-2.0.0.jar' 
2022-02-25 23:47:44.046 DEBUG [acme.Launcher@main] Found classpath entry '/C:/Users/salva/.m2/repository/com/google/errorprone/error_prone_annotations/2.1.3/error_prone_annotations-2.1.3.jar' 
2022-02-25 23:47:44.046 DEBUG [acme.Launcher@main] Found classpath entry '/C:/Users/salva/.m2/repository/com/google/j2objc/j2objc-annotations/1.1/j2objc-annotations-1.1.jar' 
2022-02-25 23:47:44.046 DEBUG [acme.Launcher@main] Found classpath entry '/C:/Users/salva/.m2/repository/org/codehaus/mojo/animal-sniffer-annotations/1.14/animal-sniffer-annotations-1.14.jar' 
2022-02-25 23:47:44.047 DEBUG [acme.Launcher@main] Found classpath entry '/C:/Users/salva/.m2/repository/com/squareup/okhttp3/okhttp/3.14.9/okhttp-3.14.9.jar' 
2022-02-25 23:47:44.048 DEBUG [acme.Launcher@main] Found classpath entry '/C:/Users/salva/.m2/repository/com/squareup/okio/okio/1.14.0/okio-1.14.0.jar' 
2022-02-25 23:47:44.048 DEBUG [acme.Launcher@main] Found classpath entry '/C:/Users/salva/.m2/repository/org/apache/commons/commons-lang3/3.11/commons-lang3-3.11.jar' 
2022-02-25 23:47:44.048 DEBUG [acme.Launcher@main] Found classpath entry '/C:/Users/salva/.m2/repository/org/apache/commons/commons-text/1.8/commons-text-1.8.jar' 
2022-02-25 23:47:44.048 DEBUG [acme.Launcher@main] Found classpath entry '/C:/Users/salva/.m2/repository/commons-io/commons-io/2.6/commons-io-2.6.jar' 
2022-02-25 23:47:44.048 DEBUG [acme.Launcher@main] Found classpath entry '/C:/Users/salva/.m2/repository/commons-cli/commons-cli/1.4/commons-cli-1.4.jar' 
2022-02-25 23:47:44.048 DEBUG [acme.Launcher@main] Found classpath entry '/C:/Users/salva/.m2/repository/org/projectlombok/lombok/1.18.16/lombok-1.18.16.jar' 
2022-02-25 23:47:44.048 DEBUG [acme.Launcher@main] Found classpath entry '/C:/Users/salva/.m2/repository/com/opencsv/opencsv/5.4/opencsv-5.4.jar' 
2022-02-25 23:47:44.049 DEBUG [acme.Launcher@main] Found classpath entry '/C:/Users/salva/.m2/repository/commons-beanutils/commons-beanutils/1.9.4/commons-beanutils-1.9.4.jar' 
2022-02-25 23:47:44.049 DEBUG [acme.Launcher@main] Found classpath entry '/C:/Users/salva/.m2/repository/commons-logging/commons-logging/1.2/commons-logging-1.2.jar' 
2022-02-25 23:47:44.049 DEBUG [acme.Launcher@main] Found classpath entry '/C:/Users/salva/.m2/repository/commons-collections/commons-collections/3.2.2/commons-collections-3.2.2.jar' 
2022-02-25 23:47:44.049 DEBUG [acme.Launcher@main] Found classpath entry '/C:/Users/salva/.m2/repository/org/apache/commons/commons-collections4/4.4/commons-collections4-4.4.jar' 
2022-02-25 23:47:44.049 DEBUG [acme.Launcher@main] Found classpath entry '/C:/Users/salva/OneDrive/Escritorio/DP%20II/Workspace-22.0/Tools/IDEs/eclipse-jee-2021-12-R/configuration/org.eclipse.osgi/418/0/.cp/lib/javaagent-shaded.jar' 
2022-02-25 23:47:44.165 DEBUG [acme.Launcher@main] Found entity class 'acme.roles.Consumer 
2022-02-25 23:47:44.166 DEBUG [acme.Launcher@main] Found entity class 'acme.roles.Provider 
2022-02-25 23:47:44.166 DEBUG [acme.Launcher@main] Found entity class 'acme.framework.entities.UserAccount 
2022-02-25 23:47:44.166 DEBUG [acme.Launcher@main] Found entity class 'acme.framework.roles.Administrator 
2022-02-25 23:47:44.166 DEBUG [acme.Launcher@main] Found entity class 'acme.framework.roles.Anonymous 
2022-02-25 23:47:44.167 DEBUG [acme.Launcher@main] Found entity class 'acme.framework.roles.Authenticated 
2022-02-25 23:47:44.172 INFO  [acme.Launcher@main] Running application (Standalone) 
2022-02-25 23:50:51.014 DEBUG [acme.framework.components.tiles.DynamicTilesView@http-nio-8080-exec-1] View name 'fragments/welcome', model {} 
2022-02-25 23:50:51.037 DEBUG [org.apache.tiles.definition.dao.BaseLocaleUrlDefinitionDAO@http-nio-8080-exec-1] File Resource file:/C:/Users/salva/OneDrive/Escritorio/DP%20II/Workspace-22.0/Projects/Acme-One/target/classes/WEB-INF/views/master/tiles_en.xml at file:/C:/Users/salva/OneDrive/Escritorio/DP%20II/Workspace-22.0/Projects/Acme-One/target/classes/WEB-INF/views/master/tiles_en.xml not found, continue 
2022-02-25 23:50:51.048 DEBUG [org.apache.jasper.servlet.JspServlet@http-nio-8080-exec-1] JspEngine --> /WEB-INF/views/master/page.jsp 
2022-02-25 23:50:51.049 DEBUG [org.apache.jasper.servlet.JspServlet@http-nio-8080-exec-1] ServletPath: /WEB-INF/views/master/page.jsp 
2022-02-25 23:50:51.051 DEBUG [org.apache.jasper.servlet.JspServlet@http-nio-8080-exec-1] PathInfo: null 
2022-02-25 23:50:51.052 DEBUG [org.apache.jasper.servlet.JspServlet@http-nio-8080-exec-1] RealPath: C:\Users\salva\OneDrive\Escritorio\DP II\Workspace-22.0\Projects\Acme-One\target\classes\WEB-INF\views\master\page.jsp 
2022-02-25 23:50:51.053 DEBUG [org.apache.jasper.servlet.JspServlet@http-nio-8080-exec-1] RequestURI: /hello-world-22.1/WEB-INF/views/master/page.jsp 
2022-02-25 23:50:51.053 DEBUG [org.apache.jasper.servlet.JspServlet@http-nio-8080-exec-1] QueryString: null 
2022-02-25 23:50:59.387 DEBUG [acme.framework.configuration.ExtendedMessageSource@http-nio-8080-exec-1] Loading properties [C:\Users\salva\OneDrive\Escritorio\DP II\Workspace-22.0\Projects\Acme-One\target\classes\WEB-INF\views\administrator\user-account\messages-en.i18n] with encoding 'utf-8' 
2022-02-25 23:50:59.390 DEBUG [acme.framework.configuration.ExtendedMessageSource@http-nio-8080-exec-1] Loading properties [C:\Users\salva\OneDrive\Escritorio\DP II\Workspace-22.0\Projects\Acme-One\target\classes\WEB-INF\views\anonymous\user-account\messages-en.i18n] with encoding 'utf-8' 
2022-02-25 23:50:59.392 DEBUG [acme.framework.configuration.ExtendedMessageSource@http-nio-8080-exec-1] Loading properties [C:\Users\salva\OneDrive\Escritorio\DP II\Workspace-22.0\Projects\Acme-One\target\classes\WEB-INF\views\authenticated\consumer\messsages-en.i18n] with encoding 'utf-8' 
2022-02-25 23:50:59.394 DEBUG [acme.framework.configuration.ExtendedMessageSource@http-nio-8080-exec-1] Loading properties [C:\Users\salva\OneDrive\Escritorio\DP II\Workspace-22.0\Projects\Acme-One\target\classes\WEB-INF\views\authenticated\provider\messsages-en.i18n] with encoding 'utf-8' 
2022-02-25 23:50:59.395 DEBUG [acme.framework.configuration.ExtendedMessageSource@http-nio-8080-exec-1] Loading properties [C:\Users\salva\OneDrive\Escritorio\DP II\Workspace-22.0\Projects\Acme-One\target\classes\WEB-INF\views\authenticated\user-account\messages-en.i18n] with encoding 'utf-8' 
2022-02-25 23:50:59.397 DEBUG [acme.framework.configuration.ExtendedMessageSource@http-nio-8080-exec-1] Loading properties [C:\Users\salva\OneDrive\Escritorio\DP II\Workspace-22.0\Projects\Acme-One\target\classes\WEB-INF\views\fragments\banner-en.i18n] with encoding 'utf-8' 
2022-02-25 23:50:59.399 DEBUG [acme.framework.configuration.ExtendedMessageSource@http-nio-8080-exec-1] Loading properties [C:\Users\salva\OneDrive\Escritorio\DP II\Workspace-22.0\Projects\Acme-One\target\classes\WEB-INF\views\fragments\company-en.i18n] with encoding 'utf-8' 
2022-02-25 23:50:59.401 DEBUG [acme.framework.configuration.ExtendedMessageSource@http-nio-8080-exec-1] Loading properties [C:\Users\salva\OneDrive\Escritorio\DP II\Workspace-22.0\Projects\Acme-One\target\classes\WEB-INF\views\fragments\footer-en.i18n] with encoding 'utf-8' 
2022-02-25 23:50:59.403 DEBUG [acme.framework.configuration.ExtendedMessageSource@http-nio-8080-exec-1] Loading properties [C:\Users\salva\OneDrive\Escritorio\DP II\Workspace-22.0\Projects\Acme-One\target\classes\WEB-INF\views\fragments\license-en.i18n] with encoding 'utf-8' 
2022-02-25 23:50:59.405 DEBUG [acme.framework.configuration.ExtendedMessageSource@http-nio-8080-exec-1] Loading properties [C:\Users\salva\OneDrive\Escritorio\DP II\Workspace-22.0\Projects\Acme-One\target\classes\WEB-INF\views\fragments\menu-en.i18n] with encoding 'utf-8' 
2022-02-25 23:50:59.407 DEBUG [acme.framework.configuration.ExtendedMessageSource@http-nio-8080-exec-1] Loading properties [C:\Users\salva\OneDrive\Escritorio\DP II\Workspace-22.0\Projects\Acme-One\target\classes\WEB-INF\views\fragments\messsages-en.i18n] with encoding 'utf-8' 
2022-02-25 23:50:59.409 DEBUG [acme.framework.configuration.ExtendedMessageSource@http-nio-8080-exec-1] Loading properties [C:\Users\salva\OneDrive\Escritorio\DP II\Workspace-22.0\Projects\Acme-One\target\classes\WEB-INF\views\fragments\title-en.i18n] with encoding 'utf-8' 
2022-02-25 23:50:59.410 DEBUG [acme.framework.configuration.ExtendedMessageSource@http-nio-8080-exec-1] Loading properties [C:\Users\salva\OneDrive\Escritorio\DP II\Workspace-22.0\Projects\Acme-One\target\classes\WEB-INF\views\fragments\welcome-en.i18n] with encoding 'utf-8' 
2022-02-25 23:50:59.412 DEBUG [acme.framework.configuration.ExtendedMessageSource@http-nio-8080-exec-1] Loading properties [C:\Users\salva\OneDrive\Escritorio\DP II\Workspace-22.0\Projects\Acme-One\target\classes\WEB-INF\views\master\defaults-en.i18n] with encoding 'utf-8' 
2022-02-25 23:50:59.413 DEBUG [acme.framework.configuration.ExtendedMessageSource@http-nio-8080-exec-1] Loading properties [C:\Users\salva\OneDrive\Escritorio\DP II\Workspace-22.0\Projects\Acme-One\target\classes\WEB-INF\views\master\master-en.i18n] with encoding 'utf-8' 
2022-02-25 23:50:59.415 DEBUG [acme.framework.configuration.ExtendedMessageSource@http-nio-8080-exec-1] Loading properties [C:\Users\salva\OneDrive\Escritorio\DP II\Workspace-22.0\Projects\Acme-One\target\classes\WEB-INF\views\master\throwables-en.i18n] with encoding 'utf-8' 
2022-02-25 23:50:59.416 DEBUG [acme.framework.configuration.ExtendedMessageSource@http-nio-8080-exec-1] Loading properties [C:\Users\salva\OneDrive\Escritorio\DP II\Workspace-22.0\Projects\Acme-One\target\classes\WEB-INF\views\master\validation-en.i18n] with encoding 'utf-8' 
2022-02-25 23:50:59.791 DEBUG [org.apache.jasper.servlet.JspServlet@http-nio-8080-exec-1] JspEngine --> /WEB-INF/views/fragments/welcome.jsp 
2022-02-25 23:50:59.792 DEBUG [org.apache.jasper.servlet.JspServlet@http-nio-8080-exec-1] ServletPath: /WEB-INF/views/master/page.jsp 
2022-02-25 23:50:59.793 DEBUG [org.apache.jasper.servlet.JspServlet@http-nio-8080-exec-1] PathInfo: null 
2022-02-25 23:50:59.798 DEBUG [org.apache.jasper.servlet.JspServlet@http-nio-8080-exec-1] RealPath: C:\Users\salva\OneDrive\Escritorio\DP II\Workspace-22.0\Projects\Acme-One\target\classes\WEB-INF\views\fragments\welcome.jsp 
2022-02-25 23:50:59.799 DEBUG [org.apache.jasper.servlet.JspServlet@http-nio-8080-exec-1] RequestURI: /hello-world-22.1/WEB-INF/views/master/page.jsp 
2022-02-25 23:50:59.800 DEBUG [org.apache.jasper.servlet.JspServlet@http-nio-8080-exec-1] QueryString: null 
2022-02-25 23:51:00.639 DEBUG [org.hibernate.SQL@http-nio-8080-exec-1] select useraccoun0_.id as id1_0_, useraccoun0_.version as version2_0_, useraccoun0_.enabled as enabled1_6_, useraccoun0_.identity as identity2_6_, useraccoun0_.password as password3_6_, useraccoun0_.username as username4_6_ from user_account useraccoun0_ where useraccoun0_.username=? 
2022-02-25 23:51:00.696 TRACE [org.hibernate.type.descriptor.sql.BasicBinder@http-nio-8080-exec-1] binding parameter [1] as [VARCHAR] - [anonymous] 
2022-02-25 23:51:00.842 DEBUG [org.hibernate.SQL@http-nio-8080-exec-1] select roles0_.user_account_id as user_acc1_7_0_, roles0_.id as id1_7_0_, roles0_.id as id1_0_1_, roles0_.version as version2_0_1_, roles0_.user_account_id as user_acc1_7_1_, roles0_.company as company1_4_1_, roles0_.sector as sector2_4_1_, roles0_.company as company1_5_1_, roles0_.sector as sector2_5_1_, roles0_.clazz_ as clazz_1_ from ( select id, version, user_account_id, company, sector, 2 as clazz_ from consumer union all select id, version, user_account_id, company, sector, 3 as clazz_ from provider union all select id, version, user_account_id, null as company, null as sector, 5 as clazz_ from administrator union all select id, version, user_account_id, null as company, null as sector, 6 as clazz_ from anonymous union all select id, version, user_account_id, null as company, null as sector, 7 as clazz_ from authenticated ) roles0_ where roles0_.user_account_id=? 
2022-02-25 23:51:00.845 TRACE [org.hibernate.type.descriptor.sql.BasicBinder@http-nio-8080-exec-1] binding parameter [1] as [INTEGER] - [1] 
2022-02-25 23:51:25.673 DEBUG [acme.framework.components.tiles.DynamicTilesView@http-nio-8080-exec-10] View name 'master/panic', model {} 
2022-02-25 23:51:25.677 DEBUG [org.apache.jasper.servlet.JspServlet@http-nio-8080-exec-10] JspEngine --> /WEB-INF/views/master/page.jsp 
2022-02-25 23:51:25.678 DEBUG [org.apache.jasper.servlet.JspServlet@http-nio-8080-exec-10] ServletPath: /WEB-INF/views/master/page.jsp 
2022-02-25 23:51:25.679 DEBUG [org.apache.jasper.servlet.JspServlet@http-nio-8080-exec-10] PathInfo: null 
2022-02-25 23:51:25.685 DEBUG [org.apache.jasper.servlet.JspServlet@http-nio-8080-exec-10] RealPath: C:\Users\salva\OneDrive\Escritorio\DP II\Workspace-22.0\Projects\Acme-One\target\classes\WEB-INF\views\master\page.jsp 
2022-02-25 23:51:25.686 DEBUG [org.apache.jasper.servlet.JspServlet@http-nio-8080-exec-10] RequestURI: /hello-world-22.1/WEB-INF/views/master/page.jsp 
2022-02-25 23:51:25.687 DEBUG [org.apache.jasper.servlet.JspServlet@http-nio-8080-exec-10] QueryString: null 
2022-02-25 23:51:25.997 DEBUG [org.apache.jasper.servlet.JspServlet@http-nio-8080-exec-10] JspEngine --> /WEB-INF/views/master/panic.jsp 
2022-02-25 23:51:25.998 DEBUG [org.apache.jasper.servlet.JspServlet@http-nio-8080-exec-10] ServletPath: /WEB-INF/views/master/page.jsp 
2022-02-25 23:51:25.999 DEBUG [org.apache.jasper.servlet.JspServlet@http-nio-8080-exec-10] PathInfo: null 
2022-02-25 23:51:26.001 DEBUG [org.apache.jasper.servlet.JspServlet@http-nio-8080-exec-10] RealPath: C:\Users\salva\OneDrive\Escritorio\DP II\Workspace-22.0\Projects\Acme-One\target\classes\WEB-INF\views\master\panic.jsp 
2022-02-25 23:51:26.002 DEBUG [org.apache.jasper.servlet.JspServlet@http-nio-8080-exec-10] RequestURI: /hello-world-22.1/WEB-INF/views/master/page.jsp 
2022-02-25 23:51:26.002 DEBUG [org.apache.jasper.servlet.JspServlet@http-nio-8080-exec-10] QueryString: null 
2022-02-25 23:51:26.688 ERROR [org.apache.jsp.WEB_002dINF.views.master.panic_jsp@http-nio-8080-exec-10] HTTP GET /hello-world-22.1/WEB-INF/views/master/page.jsp HTTP/1.1 
2022-02-25 23:51:26.689 ERROR [org.apache.jsp.WEB_002dINF.views.master.panic_jsp@http-nio-8080-exec-10] Status: 404 
2022-02-25 23:51:26.988 DEBUG [org.hibernate.SQL@http-nio-8080-exec-10] select useraccoun0_.id as id1_0_, useraccoun0_.version as version2_0_, useraccoun0_.enabled as enabled1_6_, useraccoun0_.identity as identity2_6_, useraccoun0_.password as password3_6_, useraccoun0_.username as username4_6_ from user_account useraccoun0_ where useraccoun0_.username=? 
2022-02-25 23:51:26.990 TRACE [org.hibernate.type.descriptor.sql.BasicBinder@http-nio-8080-exec-10] binding parameter [1] as [VARCHAR] - [anonymous] 
2022-02-25 23:51:26.993 DEBUG [org.hibernate.SQL@http-nio-8080-exec-10] select roles0_.user_account_id as user_acc1_7_0_, roles0_.id as id1_7_0_, roles0_.id as id1_0_1_, roles0_.version as version2_0_1_, roles0_.user_account_id as user_acc1_7_1_, roles0_.company as company1_4_1_, roles0_.sector as sector2_4_1_, roles0_.company as company1_5_1_, roles0_.sector as sector2_5_1_, roles0_.clazz_ as clazz_1_ from ( select id, version, user_account_id, company, sector, 2 as clazz_ from consumer union all select id, version, user_account_id, company, sector, 3 as clazz_ from provider union all select id, version, user_account_id, null as company, null as sector, 5 as clazz_ from administrator union all select id, version, user_account_id, null as company, null as sector, 6 as clazz_ from anonymous union all select id, version, user_account_id, null as company, null as sector, 7 as clazz_ from authenticated ) roles0_ where roles0_.user_account_id=? 
2022-02-25 23:51:26.995 TRACE [org.hibernate.type.descriptor.sql.BasicBinder@http-nio-8080-exec-10] binding parameter [1] as [INTEGER] - [1] 
2022-02-25 23:51:40.775 DEBUG [acme.framework.components.tiles.DynamicTilesView@http-nio-8080-exec-1] View name 'fragments/welcome', model {} 
2022-02-25 23:51:40.777 DEBUG [org.apache.jasper.servlet.JspServlet@http-nio-8080-exec-1] JspEngine --> /WEB-INF/views/master/page.jsp 
2022-02-25 23:51:40.778 DEBUG [org.apache.jasper.servlet.JspServlet@http-nio-8080-exec-1] ServletPath: /WEB-INF/views/master/page.jsp 
2022-02-25 23:51:40.778 DEBUG [org.apache.jasper.servlet.JspServlet@http-nio-8080-exec-1] PathInfo: null 
2022-02-25 23:51:40.783 DEBUG [org.apache.jasper.servlet.JspServlet@http-nio-8080-exec-1] RealPath: C:\Users\salva\OneDrive\Escritorio\DP II\Workspace-22.0\Projects\Acme-One\target\classes\WEB-INF\views\master\page.jsp 
2022-02-25 23:51:40.784 DEBUG [org.apache.jasper.servlet.JspServlet@http-nio-8080-exec-1] RequestURI: /hello-world-22.1/WEB-INF/views/master/page.jsp 
2022-02-25 23:51:40.785 DEBUG [org.apache.jasper.servlet.JspServlet@http-nio-8080-exec-1] QueryString: null 
2022-02-25 23:51:41.009 DEBUG [org.apache.jasper.servlet.JspServlet@http-nio-8080-exec-1] JspEngine --> /WEB-INF/views/fragments/welcome.jsp 
2022-02-25 23:51:41.010 DEBUG [org.apache.jasper.servlet.JspServlet@http-nio-8080-exec-1] ServletPath: /WEB-INF/views/master/page.jsp 
2022-02-25 23:51:41.010 DEBUG [org.apache.jasper.servlet.JspServlet@http-nio-8080-exec-1] PathInfo: null 
2022-02-25 23:51:41.015 DEBUG [org.apache.jasper.servlet.JspServlet@http-nio-8080-exec-1] RealPath: C:\Users\salva\OneDrive\Escritorio\DP II\Workspace-22.0\Projects\Acme-One\target\classes\WEB-INF\views\fragments\welcome.jsp 
2022-02-25 23:51:41.016 DEBUG [org.apache.jasper.servlet.JspServlet@http-nio-8080-exec-1] RequestURI: /hello-world-22.1/WEB-INF/views/master/page.jsp 
2022-02-25 23:51:41.017 DEBUG [org.apache.jasper.servlet.JspServlet@http-nio-8080-exec-1] QueryString: null 
2022-02-25 23:51:41.181 DEBUG [org.hibernate.SQL@http-nio-8080-exec-1] select useraccoun0_.id as id1_0_, useraccoun0_.version as version2_0_, useraccoun0_.enabled as enabled1_6_, useraccoun0_.identity as identity2_6_, useraccoun0_.password as password3_6_, useraccoun0_.username as username4_6_ from user_account useraccoun0_ where useraccoun0_.username=? 
2022-02-25 23:51:41.183 TRACE [org.hibernate.type.descriptor.sql.BasicBinder@http-nio-8080-exec-1] binding parameter [1] as [VARCHAR] - [anonymous] 
2022-02-25 23:51:41.186 DEBUG [org.hibernate.SQL@http-nio-8080-exec-1] select roles0_.user_account_id as user_acc1_7_0_, roles0_.id as id1_7_0_, roles0_.id as id1_0_1_, roles0_.version as version2_0_1_, roles0_.user_account_id as user_acc1_7_1_, roles0_.company as company1_4_1_, roles0_.sector as sector2_4_1_, roles0_.company as company1_5_1_, roles0_.sector as sector2_5_1_, roles0_.clazz_ as clazz_1_ from ( select id, version, user_account_id, company, sector, 2 as clazz_ from consumer union all select id, version, user_account_id, company, sector, 3 as clazz_ from provider union all select id, version, user_account_id, null as company, null as sector, 5 as clazz_ from administrator union all select id, version, user_account_id, null as company, null as sector, 6 as clazz_ from anonymous union all select id, version, user_account_id, null as company, null as sector, 7 as clazz_ from authenticated ) roles0_ where roles0_.user_account_id=? 
2022-02-25 23:51:41.187 TRACE [org.hibernate.type.descriptor.sql.BasicBinder@http-nio-8080-exec-1] binding parameter [1] as [INTEGER] - [1] 
2022-02-25 23:58:48.805 DEBUG [acme.framework.components.tiles.DynamicTilesView@http-nio-8080-exec-1] View name 'fragments/welcome', model {} 
2022-02-25 23:58:48.806 DEBUG [org.apache.jasper.servlet.JspServlet@http-nio-8080-exec-1] JspEngine --> /WEB-INF/views/master/page.jsp 
2022-02-25 23:58:48.807 DEBUG [org.apache.jasper.servlet.JspServlet@http-nio-8080-exec-1] ServletPath: /WEB-INF/views/master/page.jsp 
2022-02-25 23:58:48.807 DEBUG [org.apache.jasper.servlet.JspServlet@http-nio-8080-exec-1] PathInfo: null 
2022-02-25 23:58:48.809 DEBUG [org.apache.jasper.servlet.JspServlet@http-nio-8080-exec-1] RealPath: C:\Users\salva\OneDrive\Escritorio\DP II\Workspace-22.0\Projects\Acme-One\target\classes\WEB-INF\views\master\page.jsp 
2022-02-25 23:58:48.809 DEBUG [org.apache.jasper.servlet.JspServlet@http-nio-8080-exec-1] RequestURI: /hello-world-22.1/WEB-INF/views/master/page.jsp 
2022-02-25 23:58:48.809 DEBUG [org.apache.jasper.servlet.JspServlet@http-nio-8080-exec-1] QueryString: null 
2022-02-25 23:58:48.930 DEBUG [org.apache.jasper.servlet.JspServlet@http-nio-8080-exec-1] JspEngine --> /WEB-INF/views/fragments/welcome.jsp 
2022-02-25 23:58:48.930 DEBUG [org.apache.jasper.servlet.JspServlet@http-nio-8080-exec-1] ServletPath: /WEB-INF/views/master/page.jsp 
2022-02-25 23:58:48.931 DEBUG [org.apache.jasper.servlet.JspServlet@http-nio-8080-exec-1] PathInfo: null 
2022-02-25 23:58:48.933 DEBUG [org.apache.jasper.servlet.JspServlet@http-nio-8080-exec-1] RealPath: C:\Users\salva\OneDrive\Escritorio\DP II\Workspace-22.0\Projects\Acme-One\target\classes\WEB-INF\views\fragments\welcome.jsp 
2022-02-25 23:58:48.933 DEBUG [org.apache.jasper.servlet.JspServlet@http-nio-8080-exec-1] RequestURI: /hello-world-22.1/WEB-INF/views/master/page.jsp 
2022-02-25 23:58:48.934 DEBUG [org.apache.jasper.servlet.JspServlet@http-nio-8080-exec-1] QueryString: null 
2022-02-25 23:58:49.026 DEBUG [org.hibernate.SQL@http-nio-8080-exec-1] select useraccoun0_.id as id1_0_, useraccoun0_.version as version2_0_, useraccoun0_.enabled as enabled1_6_, useraccoun0_.identity as identity2_6_, useraccoun0_.password as password3_6_, useraccoun0_.username as username4_6_ from user_account useraccoun0_ where useraccoun0_.username=? 
2022-02-25 23:58:49.027 TRACE [org.hibernate.type.descriptor.sql.BasicBinder@http-nio-8080-exec-1] binding parameter [1] as [VARCHAR] - [anonymous] 
2022-02-25 23:58:49.029 DEBUG [org.hibernate.SQL@http-nio-8080-exec-1] select roles0_.user_account_id as user_acc1_7_0_, roles0_.id as id1_7_0_, roles0_.id as id1_0_1_, roles0_.version as version2_0_1_, roles0_.user_account_id as user_acc1_7_1_, roles0_.company as company1_4_1_, roles0_.sector as sector2_4_1_, roles0_.company as company1_5_1_, roles0_.sector as sector2_5_1_, roles0_.clazz_ as clazz_1_ from ( select id, version, user_account_id, company, sector, 2 as clazz_ from consumer union all select id, version, user_account_id, company, sector, 3 as clazz_ from provider union all select id, version, user_account_id, null as company, null as sector, 5 as clazz_ from administrator union all select id, version, user_account_id, null as company, null as sector, 6 as clazz_ from anonymous union all select id, version, user_account_id, null as company, null as sector, 7 as clazz_ from authenticated ) roles0_ where roles0_.user_account_id=? 
2022-02-25 23:58:49.030 TRACE [org.hibernate.type.descriptor.sql.BasicBinder@http-nio-8080-exec-1] binding parameter [1] as [INTEGER] - [1] 
2022-02-25 23:59:36.527 DEBUG [acme.framework.components.tiles.DynamicTilesView@http-nio-8080-exec-6] View name 'fragments/welcome', model {} 
2022-02-25 23:59:36.529 DEBUG [org.apache.jasper.servlet.JspServlet@http-nio-8080-exec-6] JspEngine --> /WEB-INF/views/master/page.jsp 
2022-02-25 23:59:36.530 DEBUG [org.apache.jasper.servlet.JspServlet@http-nio-8080-exec-6] ServletPath: /WEB-INF/views/master/page.jsp 
2022-02-25 23:59:36.530 DEBUG [org.apache.jasper.servlet.JspServlet@http-nio-8080-exec-6] PathInfo: null 
2022-02-25 23:59:36.535 DEBUG [org.apache.jasper.servlet.JspServlet@http-nio-8080-exec-6] RealPath: C:\Users\salva\OneDrive\Escritorio\DP II\Workspace-22.0\Projects\Acme-One\target\classes\WEB-INF\views\master\page.jsp 
2022-02-25 23:59:36.536 DEBUG [org.apache.jasper.servlet.JspServlet@http-nio-8080-exec-6] RequestURI: /hello-world-22.1/WEB-INF/views/master/page.jsp 
2022-02-25 23:59:36.536 DEBUG [org.apache.jasper.servlet.JspServlet@http-nio-8080-exec-6] QueryString: null 
2022-02-25 23:59:36.645 DEBUG [org.apache.jasper.servlet.JspServlet@http-nio-8080-exec-6] JspEngine --> /WEB-INF/views/fragments/welcome.jsp 
2022-02-25 23:59:36.645 DEBUG [org.apache.jasper.servlet.JspServlet@http-nio-8080-exec-6] ServletPath: /WEB-INF/views/master/page.jsp 
2022-02-25 23:59:36.646 DEBUG [org.apache.jasper.servlet.JspServlet@http-nio-8080-exec-6] PathInfo: null 
2022-02-25 23:59:36.647 DEBUG [org.apache.jasper.servlet.JspServlet@http-nio-8080-exec-6] RealPath: C:\Users\salva\OneDrive\Escritorio\DP II\Workspace-22.0\Projects\Acme-One\target\classes\WEB-INF\views\fragments\welcome.jsp 
2022-02-25 23:59:36.647 DEBUG [org.apache.jasper.servlet.JspServlet@http-nio-8080-exec-6] RequestURI: /hello-world-22.1/WEB-INF/views/master/page.jsp 
2022-02-25 23:59:36.648 DEBUG [org.apache.jasper.servlet.JspServlet@http-nio-8080-exec-6] QueryString: null 
2022-02-25 23:59:36.711 DEBUG [org.hibernate.SQL@http-nio-8080-exec-6] select useraccoun0_.id as id1_0_, useraccoun0_.version as version2_0_, useraccoun0_.enabled as enabled1_6_, useraccoun0_.identity as identity2_6_, useraccoun0_.password as password3_6_, useraccoun0_.username as username4_6_ from user_account useraccoun0_ where useraccoun0_.username=? 
2022-02-25 23:59:36.712 TRACE [org.hibernate.type.descriptor.sql.BasicBinder@http-nio-8080-exec-6] binding parameter [1] as [VARCHAR] - [anonymous] 
2022-02-25 23:59:36.714 DEBUG [org.hibernate.SQL@http-nio-8080-exec-6] select roles0_.user_account_id as user_acc1_7_0_, roles0_.id as id1_7_0_, roles0_.id as id1_0_1_, roles0_.version as version2_0_1_, roles0_.user_account_id as user_acc1_7_1_, roles0_.company as company1_4_1_, roles0_.sector as sector2_4_1_, roles0_.company as company1_5_1_, roles0_.sector as sector2_5_1_, roles0_.clazz_ as clazz_1_ from ( select id, version, user_account_id, company, sector, 2 as clazz_ from consumer union all select id, version, user_account_id, company, sector, 3 as clazz_ from provider union all select id, version, user_account_id, null as company, null as sector, 5 as clazz_ from administrator union all select id, version, user_account_id, null as company, null as sector, 6 as clazz_ from anonymous union all select id, version, user_account_id, null as company, null as sector, 7 as clazz_ from authenticated ) roles0_ where roles0_.user_account_id=? 
2022-02-25 23:59:36.714 TRACE [org.hibernate.type.descriptor.sql.BasicBinder@http-nio-8080-exec-6] binding parameter [1] as [INTEGER] - [1] 
2022-02-25 23:59:40.542 DEBUG [acme.framework.components.tiles.DynamicTilesView@http-nio-8080-exec-8] View name 'master/panic', model {} 
2022-02-25 23:59:40.545 DEBUG [org.apache.jasper.servlet.JspServlet@http-nio-8080-exec-8] JspEngine --> /WEB-INF/views/master/page.jsp 
2022-02-25 23:59:40.545 DEBUG [org.apache.jasper.servlet.JspServlet@http-nio-8080-exec-8] ServletPath: /WEB-INF/views/master/page.jsp 
2022-02-25 23:59:40.546 DEBUG [org.apache.jasper.servlet.JspServlet@http-nio-8080-exec-8] PathInfo: null 
2022-02-25 23:59:40.547 DEBUG [org.apache.jasper.servlet.JspServlet@http-nio-8080-exec-8] RealPath: C:\Users\salva\OneDrive\Escritorio\DP II\Workspace-22.0\Projects\Acme-One\target\classes\WEB-INF\views\master\page.jsp 
2022-02-25 23:59:40.547 DEBUG [org.apache.jasper.servlet.JspServlet@http-nio-8080-exec-8] RequestURI: /hello-world-22.1/WEB-INF/views/master/page.jsp 
2022-02-25 23:59:40.548 DEBUG [org.apache.jasper.servlet.JspServlet@http-nio-8080-exec-8] QueryString: null 
2022-02-25 23:59:40.729 DEBUG [org.apache.jasper.servlet.JspServlet@http-nio-8080-exec-8] JspEngine --> /WEB-INF/views/master/panic.jsp 
2022-02-25 23:59:40.729 DEBUG [org.apache.jasper.servlet.JspServlet@http-nio-8080-exec-8] ServletPath: /WEB-INF/views/master/page.jsp 
2022-02-25 23:59:40.730 DEBUG [org.apache.jasper.servlet.JspServlet@http-nio-8080-exec-8] PathInfo: null 
2022-02-25 23:59:40.733 DEBUG [org.apache.jasper.servlet.JspServlet@http-nio-8080-exec-8] RealPath: C:\Users\salva\OneDrive\Escritorio\DP II\Workspace-22.0\Projects\Acme-One\target\classes\WEB-INF\views\master\panic.jsp 
2022-02-25 23:59:40.735 DEBUG [org.apache.jasper.servlet.JspServlet@http-nio-8080-exec-8] RequestURI: /hello-world-22.1/WEB-INF/views/master/page.jsp 
2022-02-25 23:59:40.736 DEBUG [org.apache.jasper.servlet.JspServlet@http-nio-8080-exec-8] QueryString: null 
2022-02-25 23:59:40.737 ERROR [org.apache.jsp.WEB_002dINF.views.master.panic_jsp@http-nio-8080-exec-8] HTTP GET /hello-world-22.1/WEB-INF/views/master/page.jsp HTTP/1.1 
2022-02-25 23:59:40.737 ERROR [org.apache.jsp.WEB_002dINF.views.master.panic_jsp@http-nio-8080-exec-8] Status: 404 
2022-02-25 23:59:40.949 DEBUG [org.hibernate.SQL@http-nio-8080-exec-8] select useraccoun0_.id as id1_0_, useraccoun0_.version as version2_0_, useraccoun0_.enabled as enabled1_6_, useraccoun0_.identity as identity2_6_, useraccoun0_.password as password3_6_, useraccoun0_.username as username4_6_ from user_account useraccoun0_ where useraccoun0_.username=? 
2022-02-25 23:59:40.950 TRACE [org.hibernate.type.descriptor.sql.BasicBinder@http-nio-8080-exec-8] binding parameter [1] as [VARCHAR] - [anonymous] 
2022-02-25 23:59:40.954 DEBUG [org.hibernate.SQL@http-nio-8080-exec-8] select roles0_.user_account_id as user_acc1_7_0_, roles0_.id as id1_7_0_, roles0_.id as id1_0_1_, roles0_.version as version2_0_1_, roles0_.user_account_id as user_acc1_7_1_, roles0_.company as company1_4_1_, roles0_.sector as sector2_4_1_, roles0_.company as company1_5_1_, roles0_.sector as sector2_5_1_, roles0_.clazz_ as clazz_1_ from ( select id, version, user_account_id, company, sector, 2 as clazz_ from consumer union all select id, version, user_account_id, company, sector, 3 as clazz_ from provider union all select id, version, user_account_id, null as company, null as sector, 5 as clazz_ from administrator union all select id, version, user_account_id, null as company, null as sector, 6 as clazz_ from anonymous union all select id, version, user_account_id, null as company, null as sector, 7 as clazz_ from authenticated ) roles0_ where roles0_.user_account_id=? 
2022-02-25 23:59:40.954 TRACE [org.hibernate.type.descriptor.sql.BasicBinder@http-nio-8080-exec-8] binding parameter [1] as [INTEGER] - [1] 
2022-02-25 23:59:43.848 DEBUG [acme.framework.components.tiles.DynamicTilesView@http-nio-8080-exec-8] View name 'master/panic', model {} 
2022-02-25 23:59:43.850 DEBUG [org.apache.jasper.servlet.JspServlet@http-nio-8080-exec-8] JspEngine --> /WEB-INF/views/master/page.jsp 
2022-02-25 23:59:43.851 DEBUG [org.apache.jasper.servlet.JspServlet@http-nio-8080-exec-8] ServletPath: /WEB-INF/views/master/page.jsp 
2022-02-25 23:59:43.852 DEBUG [org.apache.jasper.servlet.JspServlet@http-nio-8080-exec-8] PathInfo: null 
2022-02-25 23:59:43.855 DEBUG [org.apache.jasper.servlet.JspServlet@http-nio-8080-exec-8] RealPath: C:\Users\salva\OneDrive\Escritorio\DP II\Workspace-22.0\Projects\Acme-One\target\classes\WEB-INF\views\master\page.jsp 
2022-02-25 23:59:43.856 DEBUG [org.apache.jasper.servlet.JspServlet@http-nio-8080-exec-8] RequestURI: /hello-world-22.1/WEB-INF/views/master/page.jsp 
2022-02-25 23:59:43.857 DEBUG [org.apache.jasper.servlet.JspServlet@http-nio-8080-exec-8] QueryString: null 
2022-02-25 23:59:44.081 DEBUG [org.apache.jasper.servlet.JspServlet@http-nio-8080-exec-8] JspEngine --> /WEB-INF/views/master/panic.jsp 
2022-02-25 23:59:44.082 DEBUG [org.apache.jasper.servlet.JspServlet@http-nio-8080-exec-8] ServletPath: /WEB-INF/views/master/page.jsp 
2022-02-25 23:59:44.083 DEBUG [org.apache.jasper.servlet.JspServlet@http-nio-8080-exec-8] PathInfo: null 
2022-02-25 23:59:44.084 DEBUG [org.apache.jasper.servlet.JspServlet@http-nio-8080-exec-8] RealPath: C:\Users\salva\OneDrive\Escritorio\DP II\Workspace-22.0\Projects\Acme-One\target\classes\WEB-INF\views\master\panic.jsp 
2022-02-25 23:59:44.084 DEBUG [org.apache.jasper.servlet.JspServlet@http-nio-8080-exec-8] RequestURI: /hello-world-22.1/WEB-INF/views/master/page.jsp 
2022-02-25 23:59:44.085 DEBUG [org.apache.jasper.servlet.JspServlet@http-nio-8080-exec-8] QueryString: null 
2022-02-25 23:59:44.085 ERROR [org.apache.jsp.WEB_002dINF.views.master.panic_jsp@http-nio-8080-exec-8] HTTP GET /hello-world-22.1/WEB-INF/views/master/page.jsp HTTP/1.1 
2022-02-25 23:59:44.086 ERROR [org.apache.jsp.WEB_002dINF.views.master.panic_jsp@http-nio-8080-exec-8] Status: 404 
2022-02-25 23:59:44.289 DEBUG [org.hibernate.SQL@http-nio-8080-exec-8] select useraccoun0_.id as id1_0_, useraccoun0_.version as version2_0_, useraccoun0_.enabled as enabled1_6_, useraccoun0_.identity as identity2_6_, useraccoun0_.password as password3_6_, useraccoun0_.username as username4_6_ from user_account useraccoun0_ where useraccoun0_.username=? 
2022-02-25 23:59:44.290 TRACE [org.hibernate.type.descriptor.sql.BasicBinder@http-nio-8080-exec-8] binding parameter [1] as [VARCHAR] - [anonymous] 
2022-02-25 23:59:44.293 DEBUG [org.hibernate.SQL@http-nio-8080-exec-8] select roles0_.user_account_id as user_acc1_7_0_, roles0_.id as id1_7_0_, roles0_.id as id1_0_1_, roles0_.version as version2_0_1_, roles0_.user_account_id as user_acc1_7_1_, roles0_.company as company1_4_1_, roles0_.sector as sector2_4_1_, roles0_.company as company1_5_1_, roles0_.sector as sector2_5_1_, roles0_.clazz_ as clazz_1_ from ( select id, version, user_account_id, company, sector, 2 as clazz_ from consumer union all select id, version, user_account_id, company, sector, 3 as clazz_ from provider union all select id, version, user_account_id, null as company, null as sector, 5 as clazz_ from administrator union all select id, version, user_account_id, null as company, null as sector, 6 as clazz_ from anonymous union all select id, version, user_account_id, null as company, null as sector, 7 as clazz_ from authenticated ) roles0_ where roles0_.user_account_id=? 
2022-02-25 23:59:44.294 TRACE [org.hibernate.type.descriptor.sql.BasicBinder@http-nio-8080-exec-8] binding parameter [1] as [INTEGER] - [1] 
