2022-06-02 23:11:41.281 INFO  [acme.Launcher@main] Starting Launcher using Java 1.8.0_281 on DESKTOP-BK397PO with PID 8628 (C:\Users\javie\Desktop\Workspace-22.0\Frameworks\Acme-Framework-22.7\target\classes started by javie in C:\Users\javie\Desktop\Workspace-22.0\Projects\Acme-Toolkits) 
2022-06-02 23:11:41.282 DEBUG [acme.Launcher@main] Running with Spring Boot v2.4.2, Spring v5.3.3 
2022-06-02 23:11:41.283 INFO  [acme.Launcher@main] The following profiles are active: development,default 
2022-06-02 23:11:44.911 DEBUG [org.apache.jasper.servlet.JasperInitializer@main] Initializing Jasper for context [application] 
2022-06-02 23:11:51.613 DEBUG [org.apache.jasper.servlet.JspServlet@main] Scratch dir for the JSP engine is: [C:\Users\javie\AppData\Local\Temp\tomcat.8080.2884643817849783283\work\Tomcat\localhost\acme-toolkits-22.7] 
2022-06-02 23:11:51.615 DEBUG [org.apache.jasper.servlet.JspServlet@main] IMPORTANT: Do not modify the generated servlets 
2022-06-02 23:11:51.631 INFO  [acme.Launcher@main] Started Launcher in 11.198 seconds (JVM running for 11.899) 
2022-06-02 23:11:51.639 DEBUG [acme.Launcher@main] Found classpath entry '/C:/Users/javie/Desktop/Workspace-22.0/Projects/Acme-Toolkits/target/test-classes/' 
2022-06-02 23:11:51.639 DEBUG [acme.Launcher@main] Found classpath entry '/C:/Users/javie/Desktop/Workspace-22.0/Projects/Acme-Toolkits/target/classes/' 
2022-06-02 23:11:51.639 DEBUG [acme.Launcher@main] Found classpath entry '/C:/Users/javie/Desktop/Workspace-22.0/Projects/Acme-Toolkits/SpamDetector/SpamDetector.jar' 
2022-06-02 23:11:51.639 DEBUG [acme.Launcher@main] Found classpath entry '/C:/Users/javie/Desktop/Workspace-22.0/Frameworks/Acme-Framework-22.7/target/classes/' 
2022-06-02 23:11:51.640 DEBUG [acme.Launcher@main] Found classpath entry '/C:/Users/javie/Desktop/Workspace-22.0/Frameworks/Acme-Framework-22.7/target/test-classes/' 
2022-06-02 23:11:51.640 DEBUG [acme.Launcher@main] Found classpath entry '/C:/Users/javie/.m2/repository/org/springframework/boot/spring-boot-starter-tomcat/2.4.2/spring-boot-starter-tomcat-2.4.2.jar' 
2022-06-02 23:11:51.640 DEBUG [acme.Launcher@main] Found classpath entry '/C:/Users/javie/.m2/repository/jakarta/annotation/jakarta.annotation-api/1.3.5/jakarta.annotation-api-1.3.5.jar' 
2022-06-02 23:11:51.640 DEBUG [acme.Launcher@main] Found classpath entry '/C:/Users/javie/.m2/repository/org/apache/tomcat/embed/tomcat-embed-core/9.0.41/tomcat-embed-core-9.0.41.jar' 
2022-06-02 23:11:51.641 DEBUG [acme.Launcher@main] Found classpath entry '/C:/Users/javie/.m2/repository/org/glassfish/jakarta.el/3.0.3/jakarta.el-3.0.3.jar' 
2022-06-02 23:11:51.641 DEBUG [acme.Launcher@main] Found classpath entry '/C:/Users/javie/.m2/repository/org/apache/tomcat/embed/tomcat-embed-websocket/9.0.41/tomcat-embed-websocket-9.0.41.jar' 
2022-06-02 23:11:51.641 DEBUG [acme.Launcher@main] Found classpath entry '/C:/Users/javie/.m2/repository/org/apache/tomcat/embed/tomcat-embed-jasper/9.0.41/tomcat-embed-jasper-9.0.41.jar' 
2022-06-02 23:11:51.641 DEBUG [acme.Launcher@main] Found classpath entry '/C:/Users/javie/.m2/repository/org/apache/tomcat/embed/tomcat-embed-el/9.0.41/tomcat-embed-el-9.0.41.jar' 
2022-06-02 23:11:51.642 DEBUG [acme.Launcher@main] Found classpath entry '/C:/Users/javie/.m2/repository/org/eclipse/jdt/ecj/3.18.0/ecj-3.18.0.jar' 
2022-06-02 23:11:51.642 DEBUG [acme.Launcher@main] Found classpath entry '/C:/Users/javie/.m2/repository/javax/servlet/jstl/1.2/jstl-1.2.jar' 
2022-06-02 23:11:51.642 DEBUG [acme.Launcher@main] Found classpath entry '/C:/Users/javie/.m2/repository/org/springframework/boot/spring-boot-starter-security/2.4.2/spring-boot-starter-security-2.4.2.jar' 
2022-06-02 23:11:51.642 DEBUG [acme.Launcher@main] Found classpath entry '/C:/Users/javie/.m2/repository/org/springframework/boot/spring-boot-starter/2.4.2/spring-boot-starter-2.4.2.jar' 
2022-06-02 23:11:51.642 DEBUG [acme.Launcher@main] Found classpath entry '/C:/Users/javie/.m2/repository/org/springframework/boot/spring-boot/2.4.2/spring-boot-2.4.2.jar' 
2022-06-02 23:11:51.642 DEBUG [acme.Launcher@main] Found classpath entry '/C:/Users/javie/.m2/repository/org/springframework/boot/spring-boot-autoconfigure/2.4.2/spring-boot-autoconfigure-2.4.2.jar' 
2022-06-02 23:11:51.643 DEBUG [acme.Launcher@main] Found classpath entry '/C:/Users/javie/.m2/repository/org/springframework/boot/spring-boot-starter-logging/2.4.2/spring-boot-starter-logging-2.4.2.jar' 
2022-06-02 23:11:51.643 DEBUG [acme.Launcher@main] Found classpath entry '/C:/Users/javie/.m2/repository/ch/qos/logback/logback-classic/1.2.3/logback-classic-1.2.3.jar' 
2022-06-02 23:11:51.643 DEBUG [acme.Launcher@main] Found classpath entry '/C:/Users/javie/.m2/repository/ch/qos/logback/logback-core/1.2.3/logback-core-1.2.3.jar' 
2022-06-02 23:11:51.643 DEBUG [acme.Launcher@main] Found classpath entry '/C:/Users/javie/.m2/repository/org/apache/logging/log4j/log4j-to-slf4j/2.13.3/log4j-to-slf4j-2.13.3.jar' 
2022-06-02 23:11:51.643 DEBUG [acme.Launcher@main] Found classpath entry '/C:/Users/javie/.m2/repository/org/apache/logging/log4j/log4j-api/2.13.3/log4j-api-2.13.3.jar' 
2022-06-02 23:11:51.644 DEBUG [acme.Launcher@main] Found classpath entry '/C:/Users/javie/.m2/repository/org/slf4j/jul-to-slf4j/1.7.30/jul-to-slf4j-1.7.30.jar' 
2022-06-02 23:11:51.644 DEBUG [acme.Launcher@main] Found classpath entry '/C:/Users/javie/.m2/repository/org/yaml/snakeyaml/1.27/snakeyaml-1.27.jar' 
2022-06-02 23:11:51.644 DEBUG [acme.Launcher@main] Found classpath entry '/C:/Users/javie/.m2/repository/org/springframework/spring-aop/5.3.3/spring-aop-5.3.3.jar' 
2022-06-02 23:11:51.645 DEBUG [acme.Launcher@main] Found classpath entry '/C:/Users/javie/.m2/repository/org/springframework/security/spring-security-web/5.4.2/spring-security-web-5.4.2.jar' 
2022-06-02 23:11:51.645 DEBUG [acme.Launcher@main] Found classpath entry '/C:/Users/javie/.m2/repository/org/springframework/security/spring-security-core/5.4.2/spring-security-core-5.4.2.jar' 
2022-06-02 23:11:51.645 DEBUG [acme.Launcher@main] Found classpath entry '/C:/Users/javie/.m2/repository/org/springframework/spring-beans/5.3.3/spring-beans-5.3.3.jar' 
2022-06-02 23:11:51.645 DEBUG [acme.Launcher@main] Found classpath entry '/C:/Users/javie/.m2/repository/org/springframework/spring-context/5.3.3/spring-context-5.3.3.jar' 
2022-06-02 23:11:51.646 DEBUG [acme.Launcher@main] Found classpath entry '/C:/Users/javie/.m2/repository/org/springframework/spring-core/5.3.3/spring-core-5.3.3.jar' 
2022-06-02 23:11:51.646 DEBUG [acme.Launcher@main] Found classpath entry '/C:/Users/javie/.m2/repository/org/springframework/spring-jcl/5.3.3/spring-jcl-5.3.3.jar' 
2022-06-02 23:11:51.646 DEBUG [acme.Launcher@main] Found classpath entry '/C:/Users/javie/.m2/repository/org/springframework/spring-expression/5.3.3/spring-expression-5.3.3.jar' 
2022-06-02 23:11:51.646 DEBUG [acme.Launcher@main] Found classpath entry '/C:/Users/javie/.m2/repository/org/springframework/spring-web/5.3.3/spring-web-5.3.3.jar' 
2022-06-02 23:11:51.646 DEBUG [acme.Launcher@main] Found classpath entry '/C:/Users/javie/.m2/repository/org/springframework/security/spring-security-config/5.4.2/spring-security-config-5.4.2.jar' 
2022-06-02 23:11:51.646 DEBUG [acme.Launcher@main] Found classpath entry '/C:/Users/javie/.m2/repository/org/springframework/security/spring-security-taglibs/5.4.2/spring-security-taglibs-5.4.2.jar' 
2022-06-02 23:11:51.647 DEBUG [acme.Launcher@main] Found classpath entry '/C:/Users/javie/.m2/repository/org/springframework/security/spring-security-acl/5.4.2/spring-security-acl-5.4.2.jar' 
2022-06-02 23:11:51.647 DEBUG [acme.Launcher@main] Found classpath entry '/C:/Users/javie/.m2/repository/org/springframework/spring-jdbc/5.3.3/spring-jdbc-5.3.3.jar' 
2022-06-02 23:11:51.647 DEBUG [acme.Launcher@main] Found classpath entry '/C:/Users/javie/.m2/repository/org/springframework/spring-tx/5.3.3/spring-tx-5.3.3.jar' 
2022-06-02 23:11:51.647 DEBUG [acme.Launcher@main] Found classpath entry '/C:/Users/javie/.m2/repository/org/springframework/boot/spring-boot-starter-web/2.4.2/spring-boot-starter-web-2.4.2.jar' 
2022-06-02 23:11:51.647 DEBUG [acme.Launcher@main] Found classpath entry '/C:/Users/javie/.m2/repository/org/springframework/boot/spring-boot-starter-json/2.4.2/spring-boot-starter-json-2.4.2.jar' 
2022-06-02 23:11:51.647 DEBUG [acme.Launcher@main] Found classpath entry '/C:/Users/javie/.m2/repository/com/fasterxml/jackson/core/jackson-databind/2.11.4/jackson-databind-2.11.4.jar' 
2022-06-02 23:11:51.647 DEBUG [acme.Launcher@main] Found classpath entry '/C:/Users/javie/.m2/repository/com/fasterxml/jackson/core/jackson-annotations/2.11.4/jackson-annotations-2.11.4.jar' 
2022-06-02 23:11:51.648 DEBUG [acme.Launcher@main] Found classpath entry '/C:/Users/javie/.m2/repository/com/fasterxml/jackson/core/jackson-core/2.11.4/jackson-core-2.11.4.jar' 
2022-06-02 23:11:51.648 DEBUG [acme.Launcher@main] Found classpath entry '/C:/Users/javie/.m2/repository/com/fasterxml/jackson/datatype/jackson-datatype-jdk8/2.11.4/jackson-datatype-jdk8-2.11.4.jar' 
2022-06-02 23:11:51.648 DEBUG [acme.Launcher@main] Found classpath entry '/C:/Users/javie/.m2/repository/com/fasterxml/jackson/datatype/jackson-datatype-jsr310/2.11.4/jackson-datatype-jsr310-2.11.4.jar' 
2022-06-02 23:11:51.648 DEBUG [acme.Launcher@main] Found classpath entry '/C:/Users/javie/.m2/repository/com/fasterxml/jackson/module/jackson-module-parameter-names/2.11.4/jackson-module-parameter-names-2.11.4.jar' 
2022-06-02 23:11:51.648 DEBUG [acme.Launcher@main] Found classpath entry '/C:/Users/javie/.m2/repository/org/springframework/spring-webmvc/5.3.3/spring-webmvc-5.3.3.jar' 
2022-06-02 23:11:51.648 DEBUG [acme.Launcher@main] Found classpath entry '/C:/Users/javie/.m2/repository/org/apache/tiles/tiles-jsp/3.0.8/tiles-jsp-3.0.8.jar' 
2022-06-02 23:11:51.648 DEBUG [acme.Launcher@main] Found classpath entry '/C:/Users/javie/.m2/repository/org/apache/tiles/tiles-servlet/3.0.8/tiles-servlet-3.0.8.jar' 
2022-06-02 23:11:51.648 DEBUG [acme.Launcher@main] Found classpath entry '/C:/Users/javie/.m2/repository/org/apache/tiles/tiles-core/3.0.8/tiles-core-3.0.8.jar' 
2022-06-02 23:11:51.649 DEBUG [acme.Launcher@main] Found classpath entry '/C:/Users/javie/.m2/repository/commons-digester/commons-digester/2.0/commons-digester-2.0.jar' 
2022-06-02 23:11:51.649 DEBUG [acme.Launcher@main] Found classpath entry '/C:/Users/javie/.m2/repository/org/slf4j/jcl-over-slf4j/1.7.30/jcl-over-slf4j-1.7.30.jar' 
2022-06-02 23:11:51.649 DEBUG [acme.Launcher@main] Found classpath entry '/C:/Users/javie/.m2/repository/org/apache/tiles/tiles-request-servlet/1.0.7/tiles-request-servlet-1.0.7.jar' 
2022-06-02 23:11:51.649 DEBUG [acme.Launcher@main] Found classpath entry '/C:/Users/javie/.m2/repository/org/apache/tiles/tiles-template/3.0.8/tiles-template-3.0.8.jar' 
2022-06-02 23:11:51.649 DEBUG [acme.Launcher@main] Found classpath entry '/C:/Users/javie/.m2/repository/org/apache/tiles/tiles-api/3.0.8/tiles-api-3.0.8.jar' 
2022-06-02 23:11:51.649 DEBUG [acme.Launcher@main] Found classpath entry '/C:/Users/javie/.m2/repository/org/apache/tiles/tiles-autotag-core-runtime/1.2/tiles-autotag-core-runtime-1.2.jar' 
2022-06-02 23:11:51.649 DEBUG [acme.Launcher@main] Found classpath entry '/C:/Users/javie/.m2/repository/org/slf4j/slf4j-api/1.7.30/slf4j-api-1.7.30.jar' 
2022-06-02 23:11:51.650 DEBUG [acme.Launcher@main] Found classpath entry '/C:/Users/javie/.m2/repository/org/apache/tiles/tiles-request-jsp/1.0.7/tiles-request-jsp-1.0.7.jar' 
2022-06-02 23:11:51.650 DEBUG [acme.Launcher@main] Found classpath entry '/C:/Users/javie/.m2/repository/org/apache/tiles/tiles-request-api/1.0.7/tiles-request-api-1.0.7.jar' 
2022-06-02 23:11:51.650 DEBUG [acme.Launcher@main] Found classpath entry '/C:/Users/javie/.m2/repository/org/springframework/boot/spring-boot-starter-data-jpa/2.4.2/spring-boot-starter-data-jpa-2.4.2.jar' 
2022-06-02 23:11:51.650 DEBUG [acme.Launcher@main] Found classpath entry '/C:/Users/javie/.m2/repository/org/springframework/boot/spring-boot-starter-aop/2.4.2/spring-boot-starter-aop-2.4.2.jar' 
2022-06-02 23:11:51.650 DEBUG [acme.Launcher@main] Found classpath entry '/C:/Users/javie/.m2/repository/org/aspectj/aspectjweaver/1.9.6/aspectjweaver-1.9.6.jar' 
2022-06-02 23:11:51.650 DEBUG [acme.Launcher@main] Found classpath entry '/C:/Users/javie/.m2/repository/org/springframework/boot/spring-boot-starter-jdbc/2.4.2/spring-boot-starter-jdbc-2.4.2.jar' 
2022-06-02 23:11:51.650 DEBUG [acme.Launcher@main] Found classpath entry '/C:/Users/javie/.m2/repository/jakarta/transaction/jakarta.transaction-api/1.3.3/jakarta.transaction-api-1.3.3.jar' 
2022-06-02 23:11:51.650 DEBUG [acme.Launcher@main] Found classpath entry '/C:/Users/javie/.m2/repository/jakarta/persistence/jakarta.persistence-api/2.2.3/jakarta.persistence-api-2.2.3.jar' 
2022-06-02 23:11:51.651 DEBUG [acme.Launcher@main] Found classpath entry '/C:/Users/javie/.m2/repository/org/hibernate/hibernate-core/5.4.27.Final/hibernate-core-5.4.27.Final.jar' 
2022-06-02 23:11:51.651 DEBUG [acme.Launcher@main] Found classpath entry '/C:/Users/javie/.m2/repository/org/jboss/logging/jboss-logging/3.4.1.Final/jboss-logging-3.4.1.Final.jar' 
2022-06-02 23:11:51.651 DEBUG [acme.Launcher@main] Found classpath entry '/C:/Users/javie/.m2/repository/org/javassist/javassist/3.27.0-GA/javassist-3.27.0-GA.jar' 
2022-06-02 23:11:51.651 DEBUG [acme.Launcher@main] Found classpath entry '/C:/Users/javie/.m2/repository/antlr/antlr/2.7.7/antlr-2.7.7.jar' 
2022-06-02 23:11:51.651 DEBUG [acme.Launcher@main] Found classpath entry '/C:/Users/javie/.m2/repository/org/jboss/jandex/2.1.3.Final/jandex-2.1.3.Final.jar' 
2022-06-02 23:11:51.651 DEBUG [acme.Launcher@main] Found classpath entry '/C:/Users/javie/.m2/repository/com/fasterxml/classmate/1.5.1/classmate-1.5.1.jar' 
2022-06-02 23:11:51.651 DEBUG [acme.Launcher@main] Found classpath entry '/C:/Users/javie/.m2/repository/org/dom4j/dom4j/2.1.3/dom4j-2.1.3.jar' 
2022-06-02 23:11:51.651 DEBUG [acme.Launcher@main] Found classpath entry '/C:/Users/javie/.m2/repository/org/hibernate/common/hibernate-commons-annotations/5.1.2.Final/hibernate-commons-annotations-5.1.2.Final.jar' 
2022-06-02 23:11:51.651 DEBUG [acme.Launcher@main] Found classpath entry '/C:/Users/javie/.m2/repository/org/glassfish/jaxb/jaxb-runtime/2.3.3/jaxb-runtime-2.3.3.jar' 
2022-06-02 23:11:51.651 DEBUG [acme.Launcher@main] Found classpath entry '/C:/Users/javie/.m2/repository/org/glassfish/jaxb/txw2/2.3.3/txw2-2.3.3.jar' 
2022-06-02 23:11:51.652 DEBUG [acme.Launcher@main] Found classpath entry '/C:/Users/javie/.m2/repository/com/sun/istack/istack-commons-runtime/3.0.11/istack-commons-runtime-3.0.11.jar' 
2022-06-02 23:11:51.652 DEBUG [acme.Launcher@main] Found classpath entry '/C:/Users/javie/.m2/repository/com/sun/activation/jakarta.activation/1.2.2/jakarta.activation-1.2.2.jar' 
2022-06-02 23:11:51.652 DEBUG [acme.Launcher@main] Found classpath entry '/C:/Users/javie/.m2/repository/org/springframework/data/spring-data-jpa/2.4.3/spring-data-jpa-2.4.3.jar' 
2022-06-02 23:11:51.652 DEBUG [acme.Launcher@main] Found classpath entry '/C:/Users/javie/.m2/repository/org/springframework/data/spring-data-commons/2.4.3/spring-data-commons-2.4.3.jar' 
2022-06-02 23:11:51.652 DEBUG [acme.Launcher@main] Found classpath entry '/C:/Users/javie/.m2/repository/org/springframework/spring-orm/5.3.3/spring-orm-5.3.3.jar' 
2022-06-02 23:11:51.652 DEBUG [acme.Launcher@main] Found classpath entry '/C:/Users/javie/.m2/repository/org/springframework/spring-aspects/5.3.3/spring-aspects-5.3.3.jar' 
2022-06-02 23:11:51.652 DEBUG [acme.Launcher@main] Found classpath entry '/C:/Users/javie/.m2/repository/org/springframework/boot/spring-boot-starter-validation/2.4.2/spring-boot-starter-validation-2.4.2.jar' 
2022-06-02 23:11:51.652 DEBUG [acme.Launcher@main] Found classpath entry '/C:/Users/javie/.m2/repository/org/hibernate/validator/hibernate-validator/6.1.7.Final/hibernate-validator-6.1.7.Final.jar' 
2022-06-02 23:11:51.652 DEBUG [acme.Launcher@main] Found classpath entry '/C:/Users/javie/.m2/repository/jakarta/validation/jakarta.validation-api/2.0.2/jakarta.validation-api-2.0.2.jar' 
2022-06-02 23:11:51.653 DEBUG [acme.Launcher@main] Found classpath entry '/C:/Users/javie/.m2/repository/mysql/mysql-connector-java/8.0.22/mysql-connector-java-8.0.22.jar' 
2022-06-02 23:11:51.653 DEBUG [acme.Launcher@main] Found classpath entry '/C:/Users/javie/.m2/repository/com/zaxxer/HikariCP/3.4.5/HikariCP-3.4.5.jar' 
2022-06-02 23:11:51.653 DEBUG [acme.Launcher@main] Found classpath entry '/C:/Users/javie/.m2/repository/org/springframework/boot/spring-boot-starter-test/2.4.2/spring-boot-starter-test-2.4.2.jar' 
2022-06-02 23:11:51.653 DEBUG [acme.Launcher@main] Found classpath entry '/C:/Users/javie/.m2/repository/org/springframework/boot/spring-boot-test/2.4.2/spring-boot-test-2.4.2.jar' 
2022-06-02 23:11:51.653 DEBUG [acme.Launcher@main] Found classpath entry '/C:/Users/javie/.m2/repository/org/springframework/boot/spring-boot-test-autoconfigure/2.4.2/spring-boot-test-autoconfigure-2.4.2.jar' 
2022-06-02 23:11:51.653 DEBUG [acme.Launcher@main] Found classpath entry '/C:/Users/javie/.m2/repository/com/jayway/jsonpath/json-path/2.4.0/json-path-2.4.0.jar' 
2022-06-02 23:11:51.653 DEBUG [acme.Launcher@main] Found classpath entry '/C:/Users/javie/.m2/repository/net/minidev/json-smart/2.3/json-smart-2.3.jar' 
2022-06-02 23:11:51.653 DEBUG [acme.Launcher@main] Found classpath entry '/C:/Users/javie/.m2/repository/net/minidev/accessors-smart/1.2/accessors-smart-1.2.jar' 
2022-06-02 23:11:51.653 DEBUG [acme.Launcher@main] Found classpath entry '/C:/Users/javie/.m2/repository/org/ow2/asm/asm/5.0.4/asm-5.0.4.jar' 
2022-06-02 23:11:51.654 DEBUG [acme.Launcher@main] Found classpath entry '/C:/Users/javie/.m2/repository/jakarta/xml/bind/jakarta.xml.bind-api/2.3.3/jakarta.xml.bind-api-2.3.3.jar' 
2022-06-02 23:11:51.654 DEBUG [acme.Launcher@main] Found classpath entry '/C:/Users/javie/.m2/repository/jakarta/activation/jakarta.activation-api/1.2.2/jakarta.activation-api-1.2.2.jar' 
2022-06-02 23:11:51.654 DEBUG [acme.Launcher@main] Found classpath entry '/C:/Users/javie/.m2/repository/org/assertj/assertj-core/3.18.1/assertj-core-3.18.1.jar' 
2022-06-02 23:11:51.654 DEBUG [acme.Launcher@main] Found classpath entry '/C:/Users/javie/.m2/repository/org/hamcrest/hamcrest/2.2/hamcrest-2.2.jar' 
2022-06-02 23:11:51.654 DEBUG [acme.Launcher@main] Found classpath entry '/C:/Users/javie/.m2/repository/org/junit/jupiter/junit-jupiter/5.7.0/junit-jupiter-5.7.0.jar' 
2022-06-02 23:11:51.654 DEBUG [acme.Launcher@main] Found classpath entry '/C:/Users/javie/.m2/repository/org/mockito/mockito-core/3.6.28/mockito-core-3.6.28.jar' 
2022-06-02 23:11:51.654 DEBUG [acme.Launcher@main] Found classpath entry '/C:/Users/javie/.m2/repository/net/bytebuddy/byte-buddy-agent/1.10.19/byte-buddy-agent-1.10.19.jar' 
2022-06-02 23:11:51.654 DEBUG [acme.Launcher@main] Found classpath entry '/C:/Users/javie/.m2/repository/org/objenesis/objenesis/3.1/objenesis-3.1.jar' 
2022-06-02 23:11:51.654 DEBUG [acme.Launcher@main] Found classpath entry '/C:/Users/javie/.m2/repository/org/mockito/mockito-junit-jupiter/3.6.28/mockito-junit-jupiter-3.6.28.jar' 
2022-06-02 23:11:51.654 DEBUG [acme.Launcher@main] Found classpath entry '/C:/Users/javie/.m2/repository/org/skyscreamer/jsonassert/1.5.0/jsonassert-1.5.0.jar' 
2022-06-02 23:11:51.655 DEBUG [acme.Launcher@main] Found classpath entry '/C:/Users/javie/.m2/repository/com/vaadin/external/google/android-json/0.0.20131108.vaadin1/android-json-0.0.20131108.vaadin1.jar' 
2022-06-02 23:11:51.655 DEBUG [acme.Launcher@main] Found classpath entry '/C:/Users/javie/.m2/repository/org/springframework/spring-test/5.3.3/spring-test-5.3.3.jar' 
2022-06-02 23:11:51.655 DEBUG [acme.Launcher@main] Found classpath entry '/C:/Users/javie/.m2/repository/org/xmlunit/xmlunit-core/2.7.0/xmlunit-core-2.7.0.jar' 
2022-06-02 23:11:51.655 DEBUG [acme.Launcher@main] Found classpath entry '/C:/Users/javie/.m2/repository/org/junit/jupiter/junit-jupiter-engine/5.7.0/junit-jupiter-engine-5.7.0.jar' 
2022-06-02 23:11:51.655 DEBUG [acme.Launcher@main] Found classpath entry '/C:/Users/javie/.m2/repository/org/apiguardian/apiguardian-api/1.1.0/apiguardian-api-1.1.0.jar' 
2022-06-02 23:11:51.655 DEBUG [acme.Launcher@main] Found classpath entry '/C:/Users/javie/.m2/repository/org/junit/platform/junit-platform-engine/1.7.0/junit-platform-engine-1.7.0.jar' 
2022-06-02 23:11:51.655 DEBUG [acme.Launcher@main] Found classpath entry '/C:/Users/javie/.m2/repository/org/junit/jupiter/junit-jupiter-api/5.7.0/junit-jupiter-api-5.7.0.jar' 
2022-06-02 23:11:51.656 DEBUG [acme.Launcher@main] Found classpath entry '/C:/Users/javie/.m2/repository/org/opentest4j/opentest4j/1.2.0/opentest4j-1.2.0.jar' 
2022-06-02 23:11:51.656 DEBUG [acme.Launcher@main] Found classpath entry '/C:/Users/javie/.m2/repository/org/junit/platform/junit-platform-commons/1.7.0/junit-platform-commons-1.7.0.jar' 
2022-06-02 23:11:51.656 DEBUG [acme.Launcher@main] Found classpath entry '/C:/Users/javie/.m2/repository/org/junit/jupiter/junit-jupiter-params/5.7.0/junit-jupiter-params-5.7.0.jar' 
2022-06-02 23:11:51.656 DEBUG [acme.Launcher@main] Found classpath entry '/C:/Users/javie/.m2/repository/org/junit/platform/junit-platform-launcher/1.7.0/junit-platform-launcher-1.7.0.jar' 
2022-06-02 23:11:51.656 DEBUG [acme.Launcher@main] Found classpath entry '/C:/Users/javie/.m2/repository/org/seleniumhq/selenium/selenium-java/3.141.59/selenium-java-3.141.59.jar' 
2022-06-02 23:11:51.656 DEBUG [acme.Launcher@main] Found classpath entry '/C:/Users/javie/.m2/repository/org/seleniumhq/selenium/selenium-api/3.141.59/selenium-api-3.141.59.jar' 
2022-06-02 23:11:51.656 DEBUG [acme.Launcher@main] Found classpath entry '/C:/Users/javie/.m2/repository/org/seleniumhq/selenium/selenium-chrome-driver/3.141.59/selenium-chrome-driver-3.141.59.jar' 
2022-06-02 23:11:51.657 DEBUG [acme.Launcher@main] Found classpath entry '/C:/Users/javie/.m2/repository/org/seleniumhq/selenium/selenium-edge-driver/3.141.59/selenium-edge-driver-3.141.59.jar' 
2022-06-02 23:11:51.657 DEBUG [acme.Launcher@main] Found classpath entry '/C:/Users/javie/.m2/repository/org/seleniumhq/selenium/selenium-firefox-driver/3.141.59/selenium-firefox-driver-3.141.59.jar' 
2022-06-02 23:11:51.657 DEBUG [acme.Launcher@main] Found classpath entry '/C:/Users/javie/.m2/repository/org/seleniumhq/selenium/selenium-ie-driver/3.141.59/selenium-ie-driver-3.141.59.jar' 
2022-06-02 23:11:51.657 DEBUG [acme.Launcher@main] Found classpath entry '/C:/Users/javie/.m2/repository/org/seleniumhq/selenium/selenium-opera-driver/3.141.59/selenium-opera-driver-3.141.59.jar' 
2022-06-02 23:11:51.657 DEBUG [acme.Launcher@main] Found classpath entry '/C:/Users/javie/.m2/repository/org/seleniumhq/selenium/selenium-remote-driver/3.141.59/selenium-remote-driver-3.141.59.jar' 
2022-06-02 23:11:51.657 DEBUG [acme.Launcher@main] Found classpath entry '/C:/Users/javie/.m2/repository/org/seleniumhq/selenium/selenium-safari-driver/3.141.59/selenium-safari-driver-3.141.59.jar' 
2022-06-02 23:11:51.657 DEBUG [acme.Launcher@main] Found classpath entry '/C:/Users/javie/.m2/repository/org/seleniumhq/selenium/selenium-support/3.141.59/selenium-support-3.141.59.jar' 
2022-06-02 23:11:51.657 DEBUG [acme.Launcher@main] Found classpath entry '/C:/Users/javie/.m2/repository/net/bytebuddy/byte-buddy/1.10.19/byte-buddy-1.10.19.jar' 
2022-06-02 23:11:51.657 DEBUG [acme.Launcher@main] Found classpath entry '/C:/Users/javie/.m2/repository/org/apache/commons/commons-exec/1.3/commons-exec-1.3.jar' 
2022-06-02 23:11:51.658 DEBUG [acme.Launcher@main] Found classpath entry '/C:/Users/javie/.m2/repository/com/google/guava/guava/25.0-jre/guava-25.0-jre.jar' 
2022-06-02 23:11:51.658 DEBUG [acme.Launcher@main] Found classpath entry '/C:/Users/javie/.m2/repository/com/google/code/findbugs/jsr305/1.3.9/jsr305-1.3.9.jar' 
2022-06-02 23:11:51.658 DEBUG [acme.Launcher@main] Found classpath entry '/C:/Users/javie/.m2/repository/org/checkerframework/checker-compat-qual/2.0.0/checker-compat-qual-2.0.0.jar' 
2022-06-02 23:11:51.658 DEBUG [acme.Launcher@main] Found classpath entry '/C:/Users/javie/.m2/repository/com/google/errorprone/error_prone_annotations/2.1.3/error_prone_annotations-2.1.3.jar' 
2022-06-02 23:11:51.658 DEBUG [acme.Launcher@main] Found classpath entry '/C:/Users/javie/.m2/repository/com/google/j2objc/j2objc-annotations/1.1/j2objc-annotations-1.1.jar' 
2022-06-02 23:11:51.658 DEBUG [acme.Launcher@main] Found classpath entry '/C:/Users/javie/.m2/repository/org/codehaus/mojo/animal-sniffer-annotations/1.14/animal-sniffer-annotations-1.14.jar' 
2022-06-02 23:11:51.658 DEBUG [acme.Launcher@main] Found classpath entry '/C:/Users/javie/.m2/repository/com/squareup/okhttp3/okhttp/3.14.9/okhttp-3.14.9.jar' 
2022-06-02 23:11:51.658 DEBUG [acme.Launcher@main] Found classpath entry '/C:/Users/javie/.m2/repository/com/squareup/okio/okio/1.14.0/okio-1.14.0.jar' 
2022-06-02 23:11:51.659 DEBUG [acme.Launcher@main] Found classpath entry '/C:/Users/javie/.m2/repository/org/apache/commons/commons-lang3/3.11/commons-lang3-3.11.jar' 
2022-06-02 23:11:51.659 DEBUG [acme.Launcher@main] Found classpath entry '/C:/Users/javie/.m2/repository/org/apache/commons/commons-text/1.8/commons-text-1.8.jar' 
2022-06-02 23:11:51.659 DEBUG [acme.Launcher@main] Found classpath entry '/C:/Users/javie/.m2/repository/commons-io/commons-io/2.6/commons-io-2.6.jar' 
2022-06-02 23:11:51.659 DEBUG [acme.Launcher@main] Found classpath entry '/C:/Users/javie/.m2/repository/commons-cli/commons-cli/1.4/commons-cli-1.4.jar' 
2022-06-02 23:11:51.659 DEBUG [acme.Launcher@main] Found classpath entry '/C:/Users/javie/.m2/repository/org/projectlombok/lombok/1.18.16/lombok-1.18.16.jar' 
2022-06-02 23:11:51.659 DEBUG [acme.Launcher@main] Found classpath entry '/C:/Users/javie/.m2/repository/com/opencsv/opencsv/5.4/opencsv-5.4.jar' 
2022-06-02 23:11:51.659 DEBUG [acme.Launcher@main] Found classpath entry '/C:/Users/javie/.m2/repository/commons-beanutils/commons-beanutils/1.9.4/commons-beanutils-1.9.4.jar' 
2022-06-02 23:11:51.659 DEBUG [acme.Launcher@main] Found classpath entry '/C:/Users/javie/.m2/repository/commons-logging/commons-logging/1.2/commons-logging-1.2.jar' 
2022-06-02 23:11:51.660 DEBUG [acme.Launcher@main] Found classpath entry '/C:/Users/javie/.m2/repository/commons-collections/commons-collections/3.2.2/commons-collections-3.2.2.jar' 
2022-06-02 23:11:51.660 DEBUG [acme.Launcher@main] Found classpath entry '/C:/Users/javie/.m2/repository/org/apache/commons/commons-collections4/4.4/commons-collections4-4.4.jar' 
2022-06-02 23:11:51.818 DEBUG [acme.Launcher@main] Found entity class 'acme.entities.Announcement 
2022-06-02 23:11:51.818 DEBUG [acme.Launcher@main] Found entity class 'acme.entities.Artifact 
2022-06-02 23:11:51.818 DEBUG [acme.Launcher@main] Found entity class 'acme.entities.ArtifactToolkit 
2022-06-02 23:11:51.818 DEBUG [acme.Launcher@main] Found entity class 'acme.entities.CHIMPUM 
2022-06-02 23:11:51.818 DEBUG [acme.Launcher@main] Found entity class 'acme.entities.Chirp 
2022-06-02 23:11:51.819 DEBUG [acme.Launcher@main] Found entity class 'acme.entities.Configuration 
2022-06-02 23:11:51.819 DEBUG [acme.Launcher@main] Found entity class 'acme.entities.Patronage 
2022-06-02 23:11:51.819 DEBUG [acme.Launcher@main] Found entity class 'acme.entities.PatronageReport 
2022-06-02 23:11:51.819 DEBUG [acme.Launcher@main] Found entity class 'acme.entities.Toolkit 
2022-06-02 23:11:51.819 DEBUG [acme.Launcher@main] Found entity class 'acme.roles.Consumer 
2022-06-02 23:11:51.819 DEBUG [acme.Launcher@main] Found entity class 'acme.roles.Inventor 
2022-06-02 23:11:51.819 DEBUG [acme.Launcher@main] Found entity class 'acme.roles.Patron 
2022-06-02 23:11:51.819 DEBUG [acme.Launcher@main] Found entity class 'acme.roles.Provider 
2022-06-02 23:11:51.819 DEBUG [acme.Launcher@main] Found entity class 'acme.framework.entities.UserAccount 
2022-06-02 23:11:51.819 DEBUG [acme.Launcher@main] Found entity class 'acme.framework.roles.Administrator 
2022-06-02 23:11:51.819 DEBUG [acme.Launcher@main] Found entity class 'acme.framework.roles.Anonymous 
2022-06-02 23:11:51.819 DEBUG [acme.Launcher@main] Found entity class 'acme.framework.roles.Any 
2022-06-02 23:11:51.819 DEBUG [acme.Launcher@main] Found entity class 'acme.framework.roles.Authenticated 
2022-06-02 23:11:51.823 INFO  [acme.Launcher@main] Running application (Standalone) 
2022-06-02 23:12:07.997 DEBUG [acme.framework.components.tiles.DynamicTilesView@http-nio-8080-exec-3] View name 'fragments/welcome', model {} 
2022-06-02 23:12:08.017 DEBUG [org.apache.tiles.definition.dao.BaseLocaleUrlDefinitionDAO@http-nio-8080-exec-3] File Resource file:/C:/Users/javie/Desktop/Workspace-22.0/Projects/Acme-Toolkits/target/classes/WEB-INF/views/master/tiles_en.xml at file:/C:/Users/javie/Desktop/Workspace-22.0/Projects/Acme-Toolkits/target/classes/WEB-INF/views/master/tiles_en.xml not found, continue 
2022-06-02 23:12:08.028 DEBUG [org.apache.jasper.servlet.JspServlet@http-nio-8080-exec-3] JspEngine --> /WEB-INF/views/master/page.jsp 
2022-06-02 23:12:08.028 DEBUG [org.apache.jasper.servlet.JspServlet@http-nio-8080-exec-3] ServletPath: /WEB-INF/views/master/page.jsp 
2022-06-02 23:12:08.029 DEBUG [org.apache.jasper.servlet.JspServlet@http-nio-8080-exec-3] PathInfo: null 
2022-06-02 23:12:08.031 DEBUG [org.apache.jasper.servlet.JspServlet@http-nio-8080-exec-3] RealPath: C:\Users\javie\Desktop\Workspace-22.0\Projects\Acme-Toolkits\target\classes\WEB-INF\views\master\page.jsp 
2022-06-02 23:12:08.031 DEBUG [org.apache.jasper.servlet.JspServlet@http-nio-8080-exec-3] RequestURI: /acme-toolkits-22.7/WEB-INF/views/master/page.jsp 
2022-06-02 23:12:08.032 DEBUG [org.apache.jasper.servlet.JspServlet@http-nio-8080-exec-3] QueryString: null 
2022-06-02 23:12:12.757 DEBUG [acme.framework.configuration.ExtendedMessageSource@http-nio-8080-exec-3] Loading properties [C:\Users\javie\Desktop\Workspace-22.0\Projects\Acme-Toolkits\target\classes\WEB-INF\views\administrator\administrator-dashboard\messages-en.i18n] with encoding 'utf-8' 
2022-06-02 23:12:12.759 DEBUG [acme.framework.configuration.ExtendedMessageSource@http-nio-8080-exec-3] Loading properties [C:\Users\javie\Desktop\Workspace-22.0\Projects\Acme-Toolkits\target\classes\WEB-INF\views\administrator\announcement\messages-en.i18n] with encoding 'utf-8' 
2022-06-02 23:12:12.760 DEBUG [acme.framework.configuration.ExtendedMessageSource@http-nio-8080-exec-3] Loading properties [C:\Users\javie\Desktop\Workspace-22.0\Projects\Acme-Toolkits\target\classes\WEB-INF\views\administrator\configuration\messages-en.i18n] with encoding 'utf-8' 
2022-06-02 23:12:12.760 DEBUG [acme.framework.configuration.ExtendedMessageSource@http-nio-8080-exec-3] Loading properties [C:\Users\javie\Desktop\Workspace-22.0\Projects\Acme-Toolkits\target\classes\WEB-INF\views\administrator\user-account\messages-en.i18n] with encoding 'utf-8' 
2022-06-02 23:12:12.761 DEBUG [acme.framework.configuration.ExtendedMessageSource@http-nio-8080-exec-3] Loading properties [C:\Users\javie\Desktop\Workspace-22.0\Projects\Acme-Toolkits\target\classes\WEB-INF\views\anonymous\user-account\messages-en.i18n] with encoding 'utf-8' 
2022-06-02 23:12:12.762 DEBUG [acme.framework.configuration.ExtendedMessageSource@http-nio-8080-exec-3] Loading properties [C:\Users\javie\Desktop\Workspace-22.0\Projects\Acme-Toolkits\target\classes\WEB-INF\views\any\artifact\messages-en.i18n] with encoding 'utf-8' 
2022-06-02 23:12:12.762 DEBUG [acme.framework.configuration.ExtendedMessageSource@http-nio-8080-exec-3] Loading properties [C:\Users\javie\Desktop\Workspace-22.0\Projects\Acme-Toolkits\target\classes\WEB-INF\views\any\artifact-toolkit\messages-en.i18n] with encoding 'utf-8' 
2022-06-02 23:12:12.763 DEBUG [acme.framework.configuration.ExtendedMessageSource@http-nio-8080-exec-3] Loading properties [C:\Users\javie\Desktop\Workspace-22.0\Projects\Acme-Toolkits\target\classes\WEB-INF\views\any\chirp\messsages-en.i18n] with encoding 'utf-8' 
2022-06-02 23:12:12.764 DEBUG [acme.framework.configuration.ExtendedMessageSource@http-nio-8080-exec-3] Loading properties [C:\Users\javie\Desktop\Workspace-22.0\Projects\Acme-Toolkits\target\classes\WEB-INF\views\any\toolkit\messages-en.i18n] with encoding 'utf-8' 
2022-06-02 23:12:12.765 DEBUG [acme.framework.configuration.ExtendedMessageSource@http-nio-8080-exec-3] Loading properties [C:\Users\javie\Desktop\Workspace-22.0\Projects\Acme-Toolkits\target\classes\WEB-INF\views\any\user-account\messages-en.i18n] with encoding 'utf-8' 
2022-06-02 23:12:12.765 DEBUG [acme.framework.configuration.ExtendedMessageSource@http-nio-8080-exec-3] Loading properties [C:\Users\javie\Desktop\Workspace-22.0\Projects\Acme-Toolkits\target\classes\WEB-INF\views\authenticated\announcement\messages-en.i18n] with encoding 'utf-8' 
2022-06-02 23:12:12.766 DEBUG [acme.framework.configuration.ExtendedMessageSource@http-nio-8080-exec-3] Loading properties [C:\Users\javie\Desktop\Workspace-22.0\Projects\Acme-Toolkits\target\classes\WEB-INF\views\authenticated\configuration\messages-en.i18n] with encoding 'utf-8' 
2022-06-02 23:12:12.767 DEBUG [acme.framework.configuration.ExtendedMessageSource@http-nio-8080-exec-3] Loading properties [C:\Users\javie\Desktop\Workspace-22.0\Projects\Acme-Toolkits\target\classes\WEB-INF\views\authenticated\consumer\messsages-en.i18n] with encoding 'utf-8' 
2022-06-02 23:12:12.767 DEBUG [acme.framework.configuration.ExtendedMessageSource@http-nio-8080-exec-3] Loading properties [C:\Users\javie\Desktop\Workspace-22.0\Projects\Acme-Toolkits\target\classes\WEB-INF\views\authenticated\inventor\messages-en.i18n] with encoding 'utf-8' 
2022-06-02 23:12:12.768 DEBUG [acme.framework.configuration.ExtendedMessageSource@http-nio-8080-exec-3] Loading properties [C:\Users\javie\Desktop\Workspace-22.0\Projects\Acme-Toolkits\target\classes\WEB-INF\views\authenticated\money-exchange\messsages-en.i18n] with encoding 'utf-8' 
2022-06-02 23:12:12.769 DEBUG [acme.framework.configuration.ExtendedMessageSource@http-nio-8080-exec-3] Loading properties [C:\Users\javie\Desktop\Workspace-22.0\Projects\Acme-Toolkits\target\classes\WEB-INF\views\authenticated\patron\messages-en.i18n] with encoding 'utf-8' 
2022-06-02 23:12:12.770 DEBUG [acme.framework.configuration.ExtendedMessageSource@http-nio-8080-exec-3] Loading properties [C:\Users\javie\Desktop\Workspace-22.0\Projects\Acme-Toolkits\target\classes\WEB-INF\views\authenticated\provider\messsages-en.i18n] with encoding 'utf-8' 
2022-06-02 23:12:12.771 DEBUG [acme.framework.configuration.ExtendedMessageSource@http-nio-8080-exec-3] Loading properties [C:\Users\javie\Desktop\Workspace-22.0\Projects\Acme-Toolkits\target\classes\WEB-INF\views\authenticated\user-account\messages-en.i18n] with encoding 'utf-8' 
2022-06-02 23:12:12.772 DEBUG [acme.framework.configuration.ExtendedMessageSource@http-nio-8080-exec-3] Loading properties [C:\Users\javie\Desktop\Workspace-22.0\Projects\Acme-Toolkits\target\classes\WEB-INF\views\fragments\banner-en.i18n] with encoding 'utf-8' 
2022-06-02 23:12:12.773 DEBUG [acme.framework.configuration.ExtendedMessageSource@http-nio-8080-exec-3] Loading properties [C:\Users\javie\Desktop\Workspace-22.0\Projects\Acme-Toolkits\target\classes\WEB-INF\views\fragments\company-en.i18n] with encoding 'utf-8' 
2022-06-02 23:12:12.774 DEBUG [acme.framework.configuration.ExtendedMessageSource@http-nio-8080-exec-3] Loading properties [C:\Users\javie\Desktop\Workspace-22.0\Projects\Acme-Toolkits\target\classes\WEB-INF\views\fragments\footer-en.i18n] with encoding 'utf-8' 
2022-06-02 23:12:12.775 DEBUG [acme.framework.configuration.ExtendedMessageSource@http-nio-8080-exec-3] Loading properties [C:\Users\javie\Desktop\Workspace-22.0\Projects\Acme-Toolkits\target\classes\WEB-INF\views\fragments\license-en.i18n] with encoding 'utf-8' 
2022-06-02 23:12:12.776 DEBUG [acme.framework.configuration.ExtendedMessageSource@http-nio-8080-exec-3] Loading properties [C:\Users\javie\Desktop\Workspace-22.0\Projects\Acme-Toolkits\target\classes\WEB-INF\views\fragments\menu-en.i18n] with encoding 'utf-8' 
2022-06-02 23:12:12.777 DEBUG [acme.framework.configuration.ExtendedMessageSource@http-nio-8080-exec-3] Loading properties [C:\Users\javie\Desktop\Workspace-22.0\Projects\Acme-Toolkits\target\classes\WEB-INF\views\fragments\messsages-en.i18n] with encoding 'utf-8' 
2022-06-02 23:12:12.778 DEBUG [acme.framework.configuration.ExtendedMessageSource@http-nio-8080-exec-3] Loading properties [C:\Users\javie\Desktop\Workspace-22.0\Projects\Acme-Toolkits\target\classes\WEB-INF\views\fragments\title-en.i18n] with encoding 'utf-8' 
2022-06-02 23:12:12.779 DEBUG [acme.framework.configuration.ExtendedMessageSource@http-nio-8080-exec-3] Loading properties [C:\Users\javie\Desktop\Workspace-22.0\Projects\Acme-Toolkits\target\classes\WEB-INF\views\fragments\welcome-en.i18n] with encoding 'utf-8' 
2022-06-02 23:12:12.780 DEBUG [acme.framework.configuration.ExtendedMessageSource@http-nio-8080-exec-3] Loading properties [C:\Users\javie\Desktop\Workspace-22.0\Projects\Acme-Toolkits\target\classes\WEB-INF\views\inventor\artifact\messages-en.i18n] with encoding 'utf-8' 
2022-06-02 23:12:12.781 DEBUG [acme.framework.configuration.ExtendedMessageSource@http-nio-8080-exec-3] Loading properties [C:\Users\javie\Desktop\Workspace-22.0\Projects\Acme-Toolkits\target\classes\WEB-INF\views\inventor\chimpum\messages-en.i18n] with encoding 'utf-8' 
2022-06-02 23:12:12.783 DEBUG [acme.framework.configuration.ExtendedMessageSource@http-nio-8080-exec-3] Loading properties [C:\Users\javie\Desktop\Workspace-22.0\Projects\Acme-Toolkits\target\classes\WEB-INF\views\inventor\patronage\messages-en.i18n] with encoding 'utf-8' 
2022-06-02 23:12:12.784 DEBUG [acme.framework.configuration.ExtendedMessageSource@http-nio-8080-exec-3] Loading properties [C:\Users\javie\Desktop\Workspace-22.0\Projects\Acme-Toolkits\target\classes\WEB-INF\views\inventor\patronage-report\messages-en.i18n] with encoding 'utf-8' 
2022-06-02 23:12:12.785 DEBUG [acme.framework.configuration.ExtendedMessageSource@http-nio-8080-exec-3] Loading properties [C:\Users\javie\Desktop\Workspace-22.0\Projects\Acme-Toolkits\target\classes\WEB-INF\views\inventor\toolkit\messages-en.i18n] with encoding 'utf-8' 
2022-06-02 23:12:12.787 DEBUG [acme.framework.configuration.ExtendedMessageSource@http-nio-8080-exec-3] Loading properties [C:\Users\javie\Desktop\Workspace-22.0\Projects\Acme-Toolkits\target\classes\WEB-INF\views\master\defaults-en.i18n] with encoding 'utf-8' 
2022-06-02 23:12:12.788 DEBUG [acme.framework.configuration.ExtendedMessageSource@http-nio-8080-exec-3] Loading properties [C:\Users\javie\Desktop\Workspace-22.0\Projects\Acme-Toolkits\target\classes\WEB-INF\views\master\master-en.i18n] with encoding 'utf-8' 
2022-06-02 23:12:12.789 DEBUG [acme.framework.configuration.ExtendedMessageSource@http-nio-8080-exec-3] Loading properties [C:\Users\javie\Desktop\Workspace-22.0\Projects\Acme-Toolkits\target\classes\WEB-INF\views\master\throwables-en.i18n] with encoding 'utf-8' 
2022-06-02 23:12:12.789 DEBUG [acme.framework.configuration.ExtendedMessageSource@http-nio-8080-exec-3] Loading properties [C:\Users\javie\Desktop\Workspace-22.0\Projects\Acme-Toolkits\target\classes\WEB-INF\views\master\validation-en.i18n] with encoding 'utf-8' 
2022-06-02 23:12:12.791 DEBUG [acme.framework.configuration.ExtendedMessageSource@http-nio-8080-exec-3] Loading properties [C:\Users\javie\Desktop\Workspace-22.0\Projects\Acme-Toolkits\target\classes\WEB-INF\views\patron\patron-dashboard\messages-en.i18n] with encoding 'utf-8' 
2022-06-02 23:12:12.792 DEBUG [acme.framework.configuration.ExtendedMessageSource@http-nio-8080-exec-3] Loading properties [C:\Users\javie\Desktop\Workspace-22.0\Projects\Acme-Toolkits\target\classes\WEB-INF\views\patron\patronage\messages-en.i18n] with encoding 'utf-8' 
2022-06-02 23:12:12.793 DEBUG [acme.framework.configuration.ExtendedMessageSource@http-nio-8080-exec-3] Loading properties [C:\Users\javie\Desktop\Workspace-22.0\Projects\Acme-Toolkits\target\classes\WEB-INF\views\patron\patronage-report\messsages-en.i18n] with encoding 'utf-8' 
2022-06-02 23:12:13.030 DEBUG [org.apache.jasper.servlet.JspServlet@http-nio-8080-exec-3] JspEngine --> /WEB-INF/views/fragments/welcome.jsp 
2022-06-02 23:12:13.031 DEBUG [org.apache.jasper.servlet.JspServlet@http-nio-8080-exec-3] ServletPath: /WEB-INF/views/master/page.jsp 
2022-06-02 23:12:13.031 DEBUG [org.apache.jasper.servlet.JspServlet@http-nio-8080-exec-3] PathInfo: null 
2022-06-02 23:12:13.033 DEBUG [org.apache.jasper.servlet.JspServlet@http-nio-8080-exec-3] RealPath: C:\Users\javie\Desktop\Workspace-22.0\Projects\Acme-Toolkits\target\classes\WEB-INF\views\fragments\welcome.jsp 
2022-06-02 23:12:13.033 DEBUG [org.apache.jasper.servlet.JspServlet@http-nio-8080-exec-3] RequestURI: /acme-toolkits-22.7/WEB-INF/views/master/page.jsp 
2022-06-02 23:12:13.034 DEBUG [org.apache.jasper.servlet.JspServlet@http-nio-8080-exec-3] QueryString: null 
2022-06-02 23:12:13.415 DEBUG [org.hibernate.SQL@http-nio-8080-exec-3] select useraccoun0_.id as id1_0_, useraccoun0_.version as version2_0_, useraccoun0_.enabled as enabled1_18_, useraccoun0_.identity as identity2_18_, useraccoun0_.password as password3_18_, useraccoun0_.username as username4_18_ from user_account useraccoun0_ where useraccoun0_.username=? 
2022-06-02 23:12:13.437 TRACE [org.hibernate.type.descriptor.sql.BasicBinder@http-nio-8080-exec-3] binding parameter [1] as [VARCHAR] - [anonymous] 
2022-06-02 23:12:13.495 DEBUG [org.hibernate.SQL@http-nio-8080-exec-3] select roles0_.user_account_id as user_acc1_19_0_, roles0_.id as id1_19_0_, roles0_.id as id1_0_1_, roles0_.version as version2_0_1_, roles0_.user_account_id as user_acc1_19_1_, roles0_.company as company1_11_1_, roles0_.sector as sector2_11_1_, roles0_.company as company1_12_1_, roles0_.link as link2_12_1_, roles0_.statement as statemen3_12_1_, roles0_.company as company1_13_1_, roles0_.link as link2_13_1_, roles0_.statement as statemen3_13_1_, roles0_.company as company1_16_1_, roles0_.sector as sector2_16_1_, roles0_.clazz_ as clazz_1_ from ( select id, version, user_account_id, company, sector, null as link, null as statement, 11 as clazz_ from consumer union all select id, version, user_account_id, company, null as sector, link, statement, 12 as clazz_ from inventor union all select id, version, user_account_id, company, null as sector, link, statement, 13 as clazz_ from patron union all select id, version, user_account_id, company, sector, null as link, null as statement, 14 as clazz_ from provider union all select id, version, user_account_id, null as company, null as sector, null as link, null as statement, 16 as clazz_ from administrator union all select id, version, user_account_id, null as company, null as sector, null as link, null as statement, 17 as clazz_ from anonymous union all select id, version, user_account_id, null as company, null as sector, null as link, null as statement, 18 as clazz_ from any union all select id, version, user_account_id, null as company, null as sector, null as link, null as statement, 19 as clazz_ from authenticated ) roles0_ where roles0_.user_account_id=? 
2022-06-02 23:12:13.497 TRACE [org.hibernate.type.descriptor.sql.BasicBinder@http-nio-8080-exec-3] binding parameter [1] as [INTEGER] - [1] 
2022-06-02 23:12:15.519 DEBUG [acme.framework.components.tiles.DynamicTilesView@http-nio-8080-exec-3] View name 'master/sign-in', model {username=, password=, remember=false} 
2022-06-02 23:12:15.522 DEBUG [org.apache.jasper.servlet.JspServlet@http-nio-8080-exec-3] JspEngine --> /WEB-INF/views/master/page.jsp 
2022-06-02 23:12:15.522 DEBUG [org.apache.jasper.servlet.JspServlet@http-nio-8080-exec-3] ServletPath: /WEB-INF/views/master/page.jsp 
2022-06-02 23:12:15.523 DEBUG [org.apache.jasper.servlet.JspServlet@http-nio-8080-exec-3] PathInfo: null 
2022-06-02 23:12:15.526 DEBUG [org.apache.jasper.servlet.JspServlet@http-nio-8080-exec-3] RealPath: C:\Users\javie\Desktop\Workspace-22.0\Projects\Acme-Toolkits\target\classes\WEB-INF\views\master\page.jsp 
2022-06-02 23:12:15.527 DEBUG [org.apache.jasper.servlet.JspServlet@http-nio-8080-exec-3] RequestURI: /acme-toolkits-22.7/WEB-INF/views/master/page.jsp 
2022-06-02 23:12:15.527 DEBUG [org.apache.jasper.servlet.JspServlet@http-nio-8080-exec-3] QueryString: null 
2022-06-02 23:12:15.681 DEBUG [org.apache.jasper.servlet.JspServlet@http-nio-8080-exec-3] JspEngine --> /WEB-INF/views/master/sign-in.jsp 
2022-06-02 23:12:15.681 DEBUG [org.apache.jasper.servlet.JspServlet@http-nio-8080-exec-3] ServletPath: /WEB-INF/views/master/page.jsp 
2022-06-02 23:12:15.682 DEBUG [org.apache.jasper.servlet.JspServlet@http-nio-8080-exec-3] PathInfo: null 
2022-06-02 23:12:15.682 DEBUG [org.apache.jasper.servlet.JspServlet@http-nio-8080-exec-3] RealPath: C:\Users\javie\Desktop\Workspace-22.0\Projects\Acme-Toolkits\target\classes\WEB-INF\views\master\sign-in.jsp 
2022-06-02 23:12:15.683 DEBUG [org.apache.jasper.servlet.JspServlet@http-nio-8080-exec-3] RequestURI: /acme-toolkits-22.7/WEB-INF/views/master/page.jsp 
2022-06-02 23:12:15.683 DEBUG [org.apache.jasper.servlet.JspServlet@http-nio-8080-exec-3] QueryString: null 
2022-06-02 23:12:17.830 DEBUG [org.hibernate.SQL@http-nio-8080-exec-3] select useraccoun0_.id as id1_0_, useraccoun0_.version as version2_0_, useraccoun0_.enabled as enabled1_18_, useraccoun0_.identity as identity2_18_, useraccoun0_.password as password3_18_, useraccoun0_.username as username4_18_ from user_account useraccoun0_ where useraccoun0_.username=? 
2022-06-02 23:12:17.830 TRACE [org.hibernate.type.descriptor.sql.BasicBinder@http-nio-8080-exec-3] binding parameter [1] as [VARCHAR] - [anonymous] 
2022-06-02 23:12:17.832 DEBUG [org.hibernate.SQL@http-nio-8080-exec-3] select roles0_.user_account_id as user_acc1_19_0_, roles0_.id as id1_19_0_, roles0_.id as id1_0_1_, roles0_.version as version2_0_1_, roles0_.user_account_id as user_acc1_19_1_, roles0_.company as company1_11_1_, roles0_.sector as sector2_11_1_, roles0_.company as company1_12_1_, roles0_.link as link2_12_1_, roles0_.statement as statemen3_12_1_, roles0_.company as company1_13_1_, roles0_.link as link2_13_1_, roles0_.statement as statemen3_13_1_, roles0_.company as company1_16_1_, roles0_.sector as sector2_16_1_, roles0_.clazz_ as clazz_1_ from ( select id, version, user_account_id, company, sector, null as link, null as statement, 11 as clazz_ from consumer union all select id, version, user_account_id, company, null as sector, link, statement, 12 as clazz_ from inventor union all select id, version, user_account_id, company, null as sector, link, statement, 13 as clazz_ from patron union all select id, version, user_account_id, company, sector, null as link, null as statement, 14 as clazz_ from provider union all select id, version, user_account_id, null as company, null as sector, null as link, null as statement, 16 as clazz_ from administrator union all select id, version, user_account_id, null as company, null as sector, null as link, null as statement, 17 as clazz_ from anonymous union all select id, version, user_account_id, null as company, null as sector, null as link, null as statement, 18 as clazz_ from any union all select id, version, user_account_id, null as company, null as sector, null as link, null as statement, 19 as clazz_ from authenticated ) roles0_ where roles0_.user_account_id=? 
2022-06-02 23:12:17.833 TRACE [org.hibernate.type.descriptor.sql.BasicBinder@http-nio-8080-exec-3] binding parameter [1] as [INTEGER] - [1] 
2022-06-02 23:12:28.285 DEBUG [org.hibernate.SQL@http-nio-8080-exec-3] select useraccoun0_.id as id1_0_, useraccoun0_.version as version2_0_, useraccoun0_.enabled as enabled1_18_, useraccoun0_.identity as identity2_18_, useraccoun0_.password as password3_18_, useraccoun0_.username as username4_18_ from user_account useraccoun0_ where useraccoun0_.username=? 
2022-06-02 23:12:28.286 TRACE [org.hibernate.type.descriptor.sql.BasicBinder@http-nio-8080-exec-3] binding parameter [1] as [VARCHAR] - [inventor1] 
2022-06-02 23:12:28.289 DEBUG [org.hibernate.SQL@http-nio-8080-exec-3] select roles0_.user_account_id as user_acc1_19_0_, roles0_.id as id1_19_0_, roles0_.id as id1_0_1_, roles0_.version as version2_0_1_, roles0_.user_account_id as user_acc1_19_1_, roles0_.company as company1_11_1_, roles0_.sector as sector2_11_1_, roles0_.company as company1_12_1_, roles0_.link as link2_12_1_, roles0_.statement as statemen3_12_1_, roles0_.company as company1_13_1_, roles0_.link as link2_13_1_, roles0_.statement as statemen3_13_1_, roles0_.company as company1_16_1_, roles0_.sector as sector2_16_1_, roles0_.clazz_ as clazz_1_ from ( select id, version, user_account_id, company, sector, null as link, null as statement, 11 as clazz_ from consumer union all select id, version, user_account_id, company, null as sector, link, statement, 12 as clazz_ from inventor union all select id, version, user_account_id, company, null as sector, link, statement, 13 as clazz_ from patron union all select id, version, user_account_id, company, sector, null as link, null as statement, 14 as clazz_ from provider union all select id, version, user_account_id, null as company, null as sector, null as link, null as statement, 16 as clazz_ from administrator union all select id, version, user_account_id, null as company, null as sector, null as link, null as statement, 17 as clazz_ from anonymous union all select id, version, user_account_id, null as company, null as sector, null as link, null as statement, 18 as clazz_ from any union all select id, version, user_account_id, null as company, null as sector, null as link, null as statement, 19 as clazz_ from authenticated ) roles0_ where roles0_.user_account_id=? 
2022-06-02 23:12:28.290 TRACE [org.hibernate.type.descriptor.sql.BasicBinder@http-nio-8080-exec-3] binding parameter [1] as [INTEGER] - [7] 
2022-06-02 23:12:28.311 DEBUG [acme.framework.components.tiles.DynamicTilesView@http-nio-8080-exec-2] View name 'fragments/welcome', model {} 
2022-06-02 23:12:28.313 DEBUG [org.apache.jasper.servlet.JspServlet@http-nio-8080-exec-2] JspEngine --> /WEB-INF/views/master/page.jsp 
2022-06-02 23:12:28.313 DEBUG [org.apache.jasper.servlet.JspServlet@http-nio-8080-exec-2] ServletPath: /WEB-INF/views/master/page.jsp 
2022-06-02 23:12:28.314 DEBUG [org.apache.jasper.servlet.JspServlet@http-nio-8080-exec-2] PathInfo: null 
2022-06-02 23:12:28.317 DEBUG [org.apache.jasper.servlet.JspServlet@http-nio-8080-exec-2] RealPath: C:\Users\javie\Desktop\Workspace-22.0\Projects\Acme-Toolkits\target\classes\WEB-INF\views\master\page.jsp 
2022-06-02 23:12:28.318 DEBUG [org.apache.jasper.servlet.JspServlet@http-nio-8080-exec-2] RequestURI: /acme-toolkits-22.7/WEB-INF/views/master/page.jsp 
2022-06-02 23:12:28.318 DEBUG [org.apache.jasper.servlet.JspServlet@http-nio-8080-exec-2] QueryString: null 
2022-06-02 23:12:28.481 DEBUG [org.apache.jasper.servlet.JspServlet@http-nio-8080-exec-2] JspEngine --> /WEB-INF/views/fragments/welcome.jsp 
2022-06-02 23:12:28.483 DEBUG [org.apache.jasper.servlet.JspServlet@http-nio-8080-exec-2] ServletPath: /WEB-INF/views/master/page.jsp 
2022-06-02 23:12:28.484 DEBUG [org.apache.jasper.servlet.JspServlet@http-nio-8080-exec-2] PathInfo: null 
2022-06-02 23:12:28.488 DEBUG [org.apache.jasper.servlet.JspServlet@http-nio-8080-exec-2] RealPath: C:\Users\javie\Desktop\Workspace-22.0\Projects\Acme-Toolkits\target\classes\WEB-INF\views\fragments\welcome.jsp 
2022-06-02 23:12:28.488 DEBUG [org.apache.jasper.servlet.JspServlet@http-nio-8080-exec-2] RequestURI: /acme-toolkits-22.7/WEB-INF/views/master/page.jsp 
2022-06-02 23:12:28.488 DEBUG [org.apache.jasper.servlet.JspServlet@http-nio-8080-exec-2] QueryString: null 
2022-06-02 23:12:31.954 DEBUG [acme.framework.controllers.AbstractController@http-nio-8080-exec-9] DISPATCHING GET /acme-toolkits-22.7/inventor/artifact/list 
2022-06-02 23:12:31.955 DEBUG [acme.framework.controllers.AbstractController@http-nio-8080-exec-9] Command: list 
2022-06-02 23:12:31.955 DEBUG [acme.framework.controllers.AbstractController@http-nio-8080-exec-9] Model:   {} 
2022-06-02 23:12:31.955 DEBUG [acme.framework.controllers.AbstractController@http-nio-8080-exec-9] Locale:  en 
2022-06-02 23:12:31.955 DEBUG [acme.framework.controllers.AbstractController@http-nio-8080-exec-9] Starting transaction 52992b1c-c778-4fd2-8e40-a2118cc2e15b 
2022-06-02 23:12:31.971 DEBUG [org.hibernate.SQL@http-nio-8080-exec-9] select inventor0_.id as id1_0_, inventor0_.version as version2_0_, inventor0_.user_account_id as user_acc1_19_, inventor0_.company as company1_12_, inventor0_.link as link2_12_, inventor0_.statement as statemen3_12_ from inventor inventor0_ where inventor0_.user_account_id=? 
2022-06-02 23:12:31.971 TRACE [org.hibernate.type.descriptor.sql.BasicBinder@http-nio-8080-exec-9] binding parameter [1] as [INTEGER] - [7] 
2022-06-02 23:12:31.973 DEBUG [org.hibernate.SQL@http-nio-8080-exec-9] select useraccoun0_.id as id1_0_0_, useraccoun0_.version as version2_0_0_, useraccoun0_.enabled as enabled1_18_0_, useraccoun0_.identity as identity2_18_0_, useraccoun0_.password as password3_18_0_, useraccoun0_.username as username4_18_0_ from user_account useraccoun0_ where useraccoun0_.id=? 
2022-06-02 23:12:31.973 TRACE [org.hibernate.type.descriptor.sql.BasicBinder@http-nio-8080-exec-9] binding parameter [1] as [INTEGER] - [7] 
2022-06-02 23:12:32.009 DEBUG [org.hibernate.SQL@http-nio-8080-exec-9] select artifact0_.id as id1_0_, artifact0_.version as version2_0_, artifact0_.artifact_type as artifact1_5_, artifact0_.code as code2_5_, artifact0_.description as descript3_5_, artifact0_.inventor_id as invento10_5_, artifact0_.is_public as is_publi4_5_, artifact0_.link as link5_5_, artifact0_.name as name6_5_, artifact0_.retail_price_amount as retail_p7_5_, artifact0_.retail_price_currency as retail_p8_5_, artifact0_.technology as technolo9_5_ from artifact artifact0_ where artifact0_.inventor_id=? 
2022-06-02 23:12:32.009 TRACE [org.hibernate.type.descriptor.sql.BasicBinder@http-nio-8080-exec-9] binding parameter [1] as [INTEGER] - [11] 
2022-06-02 23:12:32.031 DEBUG [acme.framework.controllers.AbstractController@http-nio-8080-exec-9] Committing transaction 52992b1c-c778-4fd2-8e40-a2118cc2e15b 
2022-06-02 23:12:32.033 DEBUG [acme.framework.controllers.AbstractController@http-nio-8080-exec-9] Starting transaction f0527c67-e8a6-4d60-8cd7-4d060c312479 
2022-06-02 23:12:32.035 DEBUG [acme.framework.controllers.AbstractController@http-nio-8080-exec-9] Committing transaction f0527c67-e8a6-4d60-8cd7-4d060c312479 
2022-06-02 23:12:32.036 DEBUG [acme.framework.controllers.AbstractController@http-nio-8080-exec-9] SERVING GET /acme-toolkits-22.7/inventor/artifact/list 
2022-06-02 23:12:32.036 DEBUG [acme.framework.controllers.AbstractController@http-nio-8080-exec-9] Result: ModelAndView [view="inventor/artifact/list"; model={description[1]=This is a sample COMPONENT, description[2]=This is a sample TOOL, version[2]=0, description[0]=This is a sample TOOL, version[1]=0, artifactType[0]=TOOL, technology[0]=Messurer, list$size=3, technology[1]=Messurer, artifactType[2]=TOOL, artifactType[1]=COMPONENT, technology[2]=Messurer, version[0]=0, name[2]=Metro, id[1]=13, id[0]=12, id[2]=14, name[1]=Ruler, name[0]=Metro, command=list, principal=acme.framework.entities.Principal@74cc1aab}] 
2022-06-02 23:12:32.044 DEBUG [acme.framework.components.tiles.DynamicTilesView@http-nio-8080-exec-9] View name 'inventor/artifact/list', model {description[1]=This is a sample COMPONENT, description[2]=This is a sample TOOL, version[2]=0, description[0]=This is a sample TOOL, version[1]=0, artifactType[0]=TOOL, technology[0]=Messurer, list$size=3, technology[1]=Messurer, artifactType[2]=TOOL, artifactType[1]=COMPONENT, technology[2]=Messurer, version[0]=0, name[2]=Metro, id[1]=13, id[0]=12, id[2]=14, name[1]=Ruler, name[0]=Metro, command=list, principal=acme.framework.entities.Principal@74cc1aab, org.springframework.validation.BindingResult.principal=org.springframework.validation.BeanPropertyBindingResult: 0 errors} 
2022-06-02 23:12:32.046 DEBUG [org.apache.jasper.servlet.JspServlet@http-nio-8080-exec-9] JspEngine --> /WEB-INF/views/master/page.jsp 
2022-06-02 23:12:32.046 DEBUG [org.apache.jasper.servlet.JspServlet@http-nio-8080-exec-9] ServletPath: /WEB-INF/views/master/page.jsp 
2022-06-02 23:12:32.047 DEBUG [org.apache.jasper.servlet.JspServlet@http-nio-8080-exec-9] PathInfo: null 
2022-06-02 23:12:32.047 DEBUG [org.apache.jasper.servlet.JspServlet@http-nio-8080-exec-9] RealPath: C:\Users\javie\Desktop\Workspace-22.0\Projects\Acme-Toolkits\target\classes\WEB-INF\views\master\page.jsp 
2022-06-02 23:12:32.047 DEBUG [org.apache.jasper.servlet.JspServlet@http-nio-8080-exec-9] RequestURI: /acme-toolkits-22.7/WEB-INF/views/master/page.jsp 
2022-06-02 23:12:32.048 DEBUG [org.apache.jasper.servlet.JspServlet@http-nio-8080-exec-9] QueryString: null 
2022-06-02 23:12:32.196 DEBUG [org.apache.jasper.servlet.JspServlet@http-nio-8080-exec-9] JspEngine --> /WEB-INF/views/inventor/artifact/list.jsp 
2022-06-02 23:12:32.197 DEBUG [org.apache.jasper.servlet.JspServlet@http-nio-8080-exec-9] ServletPath: /WEB-INF/views/master/page.jsp 
2022-06-02 23:12:32.197 DEBUG [org.apache.jasper.servlet.JspServlet@http-nio-8080-exec-9] PathInfo: null 
2022-06-02 23:12:32.199 DEBUG [org.apache.jasper.servlet.JspServlet@http-nio-8080-exec-9] RealPath: C:\Users\javie\Desktop\Workspace-22.0\Projects\Acme-Toolkits\target\classes\WEB-INF\views\inventor\artifact\list.jsp 
2022-06-02 23:12:32.200 DEBUG [org.apache.jasper.servlet.JspServlet@http-nio-8080-exec-9] RequestURI: /acme-toolkits-22.7/WEB-INF/views/master/page.jsp 
2022-06-02 23:12:32.200 DEBUG [org.apache.jasper.servlet.JspServlet@http-nio-8080-exec-9] QueryString: null 
2022-06-02 23:12:45.354 DEBUG [acme.framework.controllers.AbstractController@http-nio-8080-exec-5] DISPATCHING GET /acme-toolkits-22.7/inventor/artifact/show 
2022-06-02 23:12:45.354 DEBUG [acme.framework.controllers.AbstractController@http-nio-8080-exec-5] Command: show 
2022-06-02 23:12:45.355 DEBUG [acme.framework.controllers.AbstractController@http-nio-8080-exec-5] Model:   {id=14} 
2022-06-02 23:12:45.355 DEBUG [acme.framework.controllers.AbstractController@http-nio-8080-exec-5] Locale:  en 
2022-06-02 23:12:45.355 DEBUG [acme.framework.controllers.AbstractController@http-nio-8080-exec-5] Starting transaction 17ff53ce-e072-4300-a353-50268fdedcce 
2022-06-02 23:12:45.358 DEBUG [org.hibernate.SQL@http-nio-8080-exec-5] select artifact0_.id as id1_0_, artifact0_.version as version2_0_, artifact0_.artifact_type as artifact1_5_, artifact0_.code as code2_5_, artifact0_.description as descript3_5_, artifact0_.inventor_id as invento10_5_, artifact0_.is_public as is_publi4_5_, artifact0_.link as link5_5_, artifact0_.name as name6_5_, artifact0_.retail_price_amount as retail_p7_5_, artifact0_.retail_price_currency as retail_p8_5_, artifact0_.technology as technolo9_5_ from artifact artifact0_ where artifact0_.id=? 
2022-06-02 23:12:45.359 TRACE [org.hibernate.type.descriptor.sql.BasicBinder@http-nio-8080-exec-5] binding parameter [1] as [INTEGER] - [14] 
2022-06-02 23:12:45.361 DEBUG [org.hibernate.SQL@http-nio-8080-exec-5] select inventor0_.id as id1_0_0_, inventor0_.version as version2_0_0_, inventor0_.user_account_id as user_acc1_19_0_, inventor0_.company as company1_12_0_, inventor0_.link as link2_12_0_, inventor0_.statement as statemen3_12_0_, useraccoun1_.id as id1_0_1_, useraccoun1_.version as version2_0_1_, useraccoun1_.enabled as enabled1_18_1_, useraccoun1_.identity as identity2_18_1_, useraccoun1_.password as password3_18_1_, useraccoun1_.username as username4_18_1_ from inventor inventor0_ inner join user_account useraccoun1_ on inventor0_.user_account_id=useraccoun1_.id where inventor0_.id=? 
2022-06-02 23:12:45.361 TRACE [org.hibernate.type.descriptor.sql.BasicBinder@http-nio-8080-exec-5] binding parameter [1] as [INTEGER] - [11] 
2022-06-02 23:12:45.367 DEBUG [org.hibernate.SQL@http-nio-8080-exec-5] select artifact0_.id as id1_0_, artifact0_.version as version2_0_, artifact0_.artifact_type as artifact1_5_, artifact0_.code as code2_5_, artifact0_.description as descript3_5_, artifact0_.inventor_id as invento10_5_, artifact0_.is_public as is_publi4_5_, artifact0_.link as link5_5_, artifact0_.name as name6_5_, artifact0_.retail_price_amount as retail_p7_5_, artifact0_.retail_price_currency as retail_p8_5_, artifact0_.technology as technolo9_5_ from artifact artifact0_ where artifact0_.id=? 
2022-06-02 23:12:45.367 TRACE [org.hibernate.type.descriptor.sql.BasicBinder@http-nio-8080-exec-5] binding parameter [1] as [INTEGER] - [14] 
2022-06-02 23:12:45.370 DEBUG [org.hibernate.SQL@http-nio-8080-exec-5] select configurat0_.default_currency as col_0_0_ from configuration configurat0_ 
2022-06-02 23:12:46.392 DEBUG [acme.framework.controllers.AbstractController@http-nio-8080-exec-5] Committing transaction 17ff53ce-e072-4300-a353-50268fdedcce 
2022-06-02 23:12:46.393 DEBUG [acme.framework.controllers.AbstractController@http-nio-8080-exec-5] Starting transaction 15ee4ec1-9d2e-4017-b557-ded84d801b6c 
2022-06-02 23:12:46.394 DEBUG [acme.framework.controllers.AbstractController@http-nio-8080-exec-5] Committing transaction 15ee4ec1-9d2e-4017-b557-ded84d801b6c 
2022-06-02 23:12:46.395 DEBUG [acme.framework.controllers.AbstractController@http-nio-8080-exec-5] SERVING GET /acme-toolkits-22.7/inventor/artifact/show 
2022-06-02 23:12:46.397 DEBUG [acme.framework.controllers.AbstractController@http-nio-8080-exec-5] Result: ModelAndView [view="inventor/artifact/form"; model={artifactType=TOOL, code=FRS-097-T, inventor.userAccount.username=inventor1, link=https://www.google.es, description=This is a sample TOOL, budgetExchange=<<EUR 10.00>>, technology=Messurer, version=0, budgetExchangeDate=Thu Jun 02 02:00:00 CEST 2022, name=Metro, isPublic=true, id=14, retailPrice=<<EUR 10.00>>, command=show, principal=acme.framework.entities.Principal@74cc1aab}] 
2022-06-02 23:12:46.399 DEBUG [acme.framework.components.tiles.DynamicTilesView@http-nio-8080-exec-5] View name 'inventor/artifact/form', model {artifactType=TOOL, code=FRS-097-T, inventor.userAccount.username=inventor1, link=https://www.google.es, description=This is a sample TOOL, budgetExchange=<<EUR 10.00>>, technology=Messurer, version=0, budgetExchangeDate=Thu Jun 02 02:00:00 CEST 2022, name=Metro, isPublic=true, id=14, retailPrice=<<EUR 10.00>>, command=show, principal=acme.framework.entities.Principal@74cc1aab, org.springframework.validation.BindingResult.budgetExchange=org.springframework.validation.BeanPropertyBindingResult: 0 errors, org.springframework.validation.BindingResult.retailPrice=org.springframework.validation.BeanPropertyBindingResult: 0 errors, org.springframework.validation.BindingResult.principal=org.springframework.validation.BeanPropertyBindingResult: 0 errors} 
2022-06-02 23:12:46.400 DEBUG [org.apache.jasper.servlet.JspServlet@http-nio-8080-exec-5] JspEngine --> /WEB-INF/views/master/page.jsp 
2022-06-02 23:12:46.401 DEBUG [org.apache.jasper.servlet.JspServlet@http-nio-8080-exec-5] ServletPath: /WEB-INF/views/master/page.jsp 
2022-06-02 23:12:46.402 DEBUG [org.apache.jasper.servlet.JspServlet@http-nio-8080-exec-5] PathInfo: null 
2022-06-02 23:12:46.405 DEBUG [org.apache.jasper.servlet.JspServlet@http-nio-8080-exec-5] RealPath: C:\Users\javie\Desktop\Workspace-22.0\Projects\Acme-Toolkits\target\classes\WEB-INF\views\master\page.jsp 
2022-06-02 23:12:46.406 DEBUG [org.apache.jasper.servlet.JspServlet@http-nio-8080-exec-5] RequestURI: /acme-toolkits-22.7/WEB-INF/views/master/page.jsp 
2022-06-02 23:12:46.406 DEBUG [org.apache.jasper.servlet.JspServlet@http-nio-8080-exec-5] QueryString: id=14 
2022-06-02 23:12:46.577 DEBUG [org.apache.jasper.servlet.JspServlet@http-nio-8080-exec-5] JspEngine --> /WEB-INF/views/inventor/artifact/form.jsp 
2022-06-02 23:12:46.578 DEBUG [org.apache.jasper.servlet.JspServlet@http-nio-8080-exec-5] ServletPath: /WEB-INF/views/master/page.jsp 
2022-06-02 23:12:46.578 DEBUG [org.apache.jasper.servlet.JspServlet@http-nio-8080-exec-5] PathInfo: null 
2022-06-02 23:12:46.581 DEBUG [org.apache.jasper.servlet.JspServlet@http-nio-8080-exec-5] RealPath: C:\Users\javie\Desktop\Workspace-22.0\Projects\Acme-Toolkits\target\classes\WEB-INF\views\inventor\artifact\form.jsp 
2022-06-02 23:12:46.582 DEBUG [org.apache.jasper.servlet.JspServlet@http-nio-8080-exec-5] RequestURI: /acme-toolkits-22.7/WEB-INF/views/master/page.jsp 
2022-06-02 23:12:46.582 DEBUG [org.apache.jasper.servlet.JspServlet@http-nio-8080-exec-5] QueryString: id=14 
2022-06-02 23:12:50.453 DEBUG [acme.framework.controllers.AbstractController@http-nio-8080-exec-1] DISPATCHING GET /acme-toolkits-22.7/inventor/artifact/list 
2022-06-02 23:12:50.453 DEBUG [acme.framework.controllers.AbstractController@http-nio-8080-exec-1] Command: list 
2022-06-02 23:12:50.454 DEBUG [acme.framework.controllers.AbstractController@http-nio-8080-exec-1] Model:   {} 
2022-06-02 23:12:50.454 DEBUG [acme.framework.controllers.AbstractController@http-nio-8080-exec-1] Locale:  en 
2022-06-02 23:12:50.454 DEBUG [acme.framework.controllers.AbstractController@http-nio-8080-exec-1] Starting transaction b813f8a5-b350-438e-82ff-fd38fc315ded 
2022-06-02 23:12:50.455 DEBUG [org.hibernate.SQL@http-nio-8080-exec-1] select inventor0_.id as id1_0_, inventor0_.version as version2_0_, inventor0_.user_account_id as user_acc1_19_, inventor0_.company as company1_12_, inventor0_.link as link2_12_, inventor0_.statement as statemen3_12_ from inventor inventor0_ where inventor0_.user_account_id=? 
2022-06-02 23:12:50.456 TRACE [org.hibernate.type.descriptor.sql.BasicBinder@http-nio-8080-exec-1] binding parameter [1] as [INTEGER] - [7] 
2022-06-02 23:12:50.457 DEBUG [org.hibernate.SQL@http-nio-8080-exec-1] select useraccoun0_.id as id1_0_0_, useraccoun0_.version as version2_0_0_, useraccoun0_.enabled as enabled1_18_0_, useraccoun0_.identity as identity2_18_0_, useraccoun0_.password as password3_18_0_, useraccoun0_.username as username4_18_0_ from user_account useraccoun0_ where useraccoun0_.id=? 
2022-06-02 23:12:50.458 TRACE [org.hibernate.type.descriptor.sql.BasicBinder@http-nio-8080-exec-1] binding parameter [1] as [INTEGER] - [7] 
2022-06-02 23:12:50.462 DEBUG [org.hibernate.SQL@http-nio-8080-exec-1] select artifact0_.id as id1_0_, artifact0_.version as version2_0_, artifact0_.artifact_type as artifact1_5_, artifact0_.code as code2_5_, artifact0_.description as descript3_5_, artifact0_.inventor_id as invento10_5_, artifact0_.is_public as is_publi4_5_, artifact0_.link as link5_5_, artifact0_.name as name6_5_, artifact0_.retail_price_amount as retail_p7_5_, artifact0_.retail_price_currency as retail_p8_5_, artifact0_.technology as technolo9_5_ from artifact artifact0_ where artifact0_.inventor_id=? 
2022-06-02 23:12:50.462 TRACE [org.hibernate.type.descriptor.sql.BasicBinder@http-nio-8080-exec-1] binding parameter [1] as [INTEGER] - [11] 
2022-06-02 23:12:50.466 DEBUG [acme.framework.controllers.AbstractController@http-nio-8080-exec-1] Committing transaction b813f8a5-b350-438e-82ff-fd38fc315ded 
2022-06-02 23:12:50.467 DEBUG [acme.framework.controllers.AbstractController@http-nio-8080-exec-1] Starting transaction 5041af18-2107-487f-a112-a5c041732dae 
2022-06-02 23:12:50.468 DEBUG [acme.framework.controllers.AbstractController@http-nio-8080-exec-1] Committing transaction 5041af18-2107-487f-a112-a5c041732dae 
2022-06-02 23:12:50.468 DEBUG [acme.framework.controllers.AbstractController@http-nio-8080-exec-1] SERVING GET /acme-toolkits-22.7/inventor/artifact/list 
2022-06-02 23:12:50.469 DEBUG [acme.framework.controllers.AbstractController@http-nio-8080-exec-1] Result: ModelAndView [view="inventor/artifact/list"; model={description[1]=This is a sample COMPONENT, description[2]=This is a sample TOOL, version[2]=0, description[0]=This is a sample TOOL, version[1]=0, artifactType[0]=TOOL, technology[0]=Messurer, list$size=3, technology[1]=Messurer, artifactType[2]=TOOL, artifactType[1]=COMPONENT, technology[2]=Messurer, version[0]=0, name[2]=Metro, id[1]=13, id[0]=12, id[2]=14, name[1]=Ruler, name[0]=Metro, command=list, principal=acme.framework.entities.Principal@74cc1aab}] 
2022-06-02 23:12:50.469 DEBUG [acme.framework.components.tiles.DynamicTilesView@http-nio-8080-exec-1] View name 'inventor/artifact/list', model {description[1]=This is a sample COMPONENT, description[2]=This is a sample TOOL, version[2]=0, description[0]=This is a sample TOOL, version[1]=0, artifactType[0]=TOOL, technology[0]=Messurer, list$size=3, technology[1]=Messurer, artifactType[2]=TOOL, artifactType[1]=COMPONENT, technology[2]=Messurer, version[0]=0, name[2]=Metro, id[1]=13, id[0]=12, id[2]=14, name[1]=Ruler, name[0]=Metro, command=list, principal=acme.framework.entities.Principal@74cc1aab, org.springframework.validation.BindingResult.principal=org.springframework.validation.BeanPropertyBindingResult: 0 errors} 
2022-06-02 23:12:50.470 DEBUG [org.apache.jasper.servlet.JspServlet@http-nio-8080-exec-1] JspEngine --> /WEB-INF/views/master/page.jsp 
2022-06-02 23:12:50.470 DEBUG [org.apache.jasper.servlet.JspServlet@http-nio-8080-exec-1] ServletPath: /WEB-INF/views/master/page.jsp 
2022-06-02 23:12:50.471 DEBUG [org.apache.jasper.servlet.JspServlet@http-nio-8080-exec-1] PathInfo: null 
2022-06-02 23:12:50.472 DEBUG [org.apache.jasper.servlet.JspServlet@http-nio-8080-exec-1] RealPath: C:\Users\javie\Desktop\Workspace-22.0\Projects\Acme-Toolkits\target\classes\WEB-INF\views\master\page.jsp 
2022-06-02 23:12:50.473 DEBUG [org.apache.jasper.servlet.JspServlet@http-nio-8080-exec-1] RequestURI: /acme-toolkits-22.7/WEB-INF/views/master/page.jsp 
2022-06-02 23:12:50.473 DEBUG [org.apache.jasper.servlet.JspServlet@http-nio-8080-exec-1] QueryString: null 
2022-06-02 23:12:50.643 DEBUG [org.apache.jasper.servlet.JspServlet@http-nio-8080-exec-1] JspEngine --> /WEB-INF/views/inventor/artifact/list.jsp 
2022-06-02 23:12:50.643 DEBUG [org.apache.jasper.servlet.JspServlet@http-nio-8080-exec-1] ServletPath: /WEB-INF/views/master/page.jsp 
2022-06-02 23:12:50.643 DEBUG [org.apache.jasper.servlet.JspServlet@http-nio-8080-exec-1] PathInfo: null 
2022-06-02 23:12:50.647 DEBUG [org.apache.jasper.servlet.JspServlet@http-nio-8080-exec-1] RealPath: C:\Users\javie\Desktop\Workspace-22.0\Projects\Acme-Toolkits\target\classes\WEB-INF\views\inventor\artifact\list.jsp 
2022-06-02 23:12:50.648 DEBUG [org.apache.jasper.servlet.JspServlet@http-nio-8080-exec-1] RequestURI: /acme-toolkits-22.7/WEB-INF/views/master/page.jsp 
2022-06-02 23:12:50.648 DEBUG [org.apache.jasper.servlet.JspServlet@http-nio-8080-exec-1] QueryString: null 
2022-06-02 23:12:53.691 DEBUG [acme.framework.controllers.AbstractController@http-nio-8080-exec-5] DISPATCHING GET /acme-toolkits-22.7/inventor/artifact/show 
2022-06-02 23:12:53.691 DEBUG [acme.framework.controllers.AbstractController@http-nio-8080-exec-5] Command: show 
2022-06-02 23:12:53.691 DEBUG [acme.framework.controllers.AbstractController@http-nio-8080-exec-5] Model:   {id=14} 
2022-06-02 23:12:53.691 DEBUG [acme.framework.controllers.AbstractController@http-nio-8080-exec-5] Locale:  en 
2022-06-02 23:12:53.691 DEBUG [acme.framework.controllers.AbstractController@http-nio-8080-exec-5] Starting transaction 7d933d0f-b3a2-4271-bb5f-1f7f89b31f98 
2022-06-02 23:12:53.693 DEBUG [org.hibernate.SQL@http-nio-8080-exec-5] select artifact0_.id as id1_0_, artifact0_.version as version2_0_, artifact0_.artifact_type as artifact1_5_, artifact0_.code as code2_5_, artifact0_.description as descript3_5_, artifact0_.inventor_id as invento10_5_, artifact0_.is_public as is_publi4_5_, artifact0_.link as link5_5_, artifact0_.name as name6_5_, artifact0_.retail_price_amount as retail_p7_5_, artifact0_.retail_price_currency as retail_p8_5_, artifact0_.technology as technolo9_5_ from artifact artifact0_ where artifact0_.id=? 
2022-06-02 23:12:53.695 TRACE [org.hibernate.type.descriptor.sql.BasicBinder@http-nio-8080-exec-5] binding parameter [1] as [INTEGER] - [14] 
2022-06-02 23:12:53.697 DEBUG [org.hibernate.SQL@http-nio-8080-exec-5] select inventor0_.id as id1_0_0_, inventor0_.version as version2_0_0_, inventor0_.user_account_id as user_acc1_19_0_, inventor0_.company as company1_12_0_, inventor0_.link as link2_12_0_, inventor0_.statement as statemen3_12_0_, useraccoun1_.id as id1_0_1_, useraccoun1_.version as version2_0_1_, useraccoun1_.enabled as enabled1_18_1_, useraccoun1_.identity as identity2_18_1_, useraccoun1_.password as password3_18_1_, useraccoun1_.username as username4_18_1_ from inventor inventor0_ inner join user_account useraccoun1_ on inventor0_.user_account_id=useraccoun1_.id where inventor0_.id=? 
2022-06-02 23:12:53.698 TRACE [org.hibernate.type.descriptor.sql.BasicBinder@http-nio-8080-exec-5] binding parameter [1] as [INTEGER] - [11] 
2022-06-02 23:12:53.702 DEBUG [org.hibernate.SQL@http-nio-8080-exec-5] select artifact0_.id as id1_0_, artifact0_.version as version2_0_, artifact0_.artifact_type as artifact1_5_, artifact0_.code as code2_5_, artifact0_.description as descript3_5_, artifact0_.inventor_id as invento10_5_, artifact0_.is_public as is_publi4_5_, artifact0_.link as link5_5_, artifact0_.name as name6_5_, artifact0_.retail_price_amount as retail_p7_5_, artifact0_.retail_price_currency as retail_p8_5_, artifact0_.technology as technolo9_5_ from artifact artifact0_ where artifact0_.id=? 
2022-06-02 23:12:53.703 TRACE [org.hibernate.type.descriptor.sql.BasicBinder@http-nio-8080-exec-5] binding parameter [1] as [INTEGER] - [14] 
2022-06-02 23:12:53.705 DEBUG [org.hibernate.SQL@http-nio-8080-exec-5] select configurat0_.default_currency as col_0_0_ from configuration configurat0_ 
2022-06-02 23:12:53.938 DEBUG [acme.framework.controllers.AbstractController@http-nio-8080-exec-5] Committing transaction 7d933d0f-b3a2-4271-bb5f-1f7f89b31f98 
2022-06-02 23:12:53.939 DEBUG [acme.framework.controllers.AbstractController@http-nio-8080-exec-5] Starting transaction fe97bb1b-6dcf-4cbf-bd42-b11f1f5f1feb 
2022-06-02 23:12:53.940 DEBUG [acme.framework.controllers.AbstractController@http-nio-8080-exec-5] Committing transaction fe97bb1b-6dcf-4cbf-bd42-b11f1f5f1feb 
2022-06-02 23:12:53.941 DEBUG [acme.framework.controllers.AbstractController@http-nio-8080-exec-5] SERVING GET /acme-toolkits-22.7/inventor/artifact/show 
2022-06-02 23:12:53.941 DEBUG [acme.framework.controllers.AbstractController@http-nio-8080-exec-5] Result: ModelAndView [view="inventor/artifact/form"; model={artifactType=TOOL, code=FRS-097-T, inventor.userAccount.username=inventor1, link=https://www.google.es, description=This is a sample TOOL, budgetExchange=<<EUR 10.00>>, technology=Messurer, version=0, budgetExchangeDate=Thu Jun 02 02:00:00 CEST 2022, name=Metro, isPublic=true, id=14, retailPrice=<<EUR 10.00>>, command=show, principal=acme.framework.entities.Principal@74cc1aab}] 
2022-06-02 23:12:53.941 DEBUG [acme.framework.components.tiles.DynamicTilesView@http-nio-8080-exec-5] View name 'inventor/artifact/form', model {artifactType=TOOL, code=FRS-097-T, inventor.userAccount.username=inventor1, link=https://www.google.es, description=This is a sample TOOL, budgetExchange=<<EUR 10.00>>, technology=Messurer, version=0, budgetExchangeDate=Thu Jun 02 02:00:00 CEST 2022, name=Metro, isPublic=true, id=14, retailPrice=<<EUR 10.00>>, command=show, principal=acme.framework.entities.Principal@74cc1aab, org.springframework.validation.BindingResult.budgetExchange=org.springframework.validation.BeanPropertyBindingResult: 0 errors, org.springframework.validation.BindingResult.retailPrice=org.springframework.validation.BeanPropertyBindingResult: 0 errors, org.springframework.validation.BindingResult.principal=org.springframework.validation.BeanPropertyBindingResult: 0 errors} 
2022-06-02 23:12:53.942 DEBUG [org.apache.jasper.servlet.JspServlet@http-nio-8080-exec-5] JspEngine --> /WEB-INF/views/master/page.jsp 
2022-06-02 23:12:53.942 DEBUG [org.apache.jasper.servlet.JspServlet@http-nio-8080-exec-5] ServletPath: /WEB-INF/views/master/page.jsp 
2022-06-02 23:12:53.943 DEBUG [org.apache.jasper.servlet.JspServlet@http-nio-8080-exec-5] PathInfo: null 
2022-06-02 23:12:53.944 DEBUG [org.apache.jasper.servlet.JspServlet@http-nio-8080-exec-5] RealPath: C:\Users\javie\Desktop\Workspace-22.0\Projects\Acme-Toolkits\target\classes\WEB-INF\views\master\page.jsp 
2022-06-02 23:12:53.944 DEBUG [org.apache.jasper.servlet.JspServlet@http-nio-8080-exec-5] RequestURI: /acme-toolkits-22.7/WEB-INF/views/master/page.jsp 
2022-06-02 23:12:53.945 DEBUG [org.apache.jasper.servlet.JspServlet@http-nio-8080-exec-5] QueryString: id=14 
2022-06-02 23:12:54.098 DEBUG [org.apache.jasper.servlet.JspServlet@http-nio-8080-exec-5] JspEngine --> /WEB-INF/views/inventor/artifact/form.jsp 
2022-06-02 23:12:54.099 DEBUG [org.apache.jasper.servlet.JspServlet@http-nio-8080-exec-5] ServletPath: /WEB-INF/views/master/page.jsp 
2022-06-02 23:12:54.099 DEBUG [org.apache.jasper.servlet.JspServlet@http-nio-8080-exec-5] PathInfo: null 
2022-06-02 23:12:54.100 DEBUG [org.apache.jasper.servlet.JspServlet@http-nio-8080-exec-5] RealPath: C:\Users\javie\Desktop\Workspace-22.0\Projects\Acme-Toolkits\target\classes\WEB-INF\views\inventor\artifact\form.jsp 
2022-06-02 23:12:54.100 DEBUG [org.apache.jasper.servlet.JspServlet@http-nio-8080-exec-5] RequestURI: /acme-toolkits-22.7/WEB-INF/views/master/page.jsp 
2022-06-02 23:12:54.100 DEBUG [org.apache.jasper.servlet.JspServlet@http-nio-8080-exec-5] QueryString: id=14 
