2022-02-25 23:40:09.467 INFO  [acme.Launcher@main] Starting Launcher using Java 1.8.0_281 on LAPTOP-RPDAL2KC with PID 24752 (C:\Users\salva\OneDrive\Escritorio\DP II\Workspace-22.0\Frameworks\Acme-Framework-22.1\target\classes started by salva in C:\Users\salva\OneDrive\Escritorio\DP II\Workspace-22.0\Projects\Acme-One) 
2022-02-25 23:40:09.468 DEBUG [acme.Launcher@main] Running with Spring Boot v2.4.2, Spring v5.3.3 
2022-02-25 23:40:09.470 INFO  [acme.Launcher@main] The following profiles are active: development,populator 
2022-02-25 23:40:16.670 DEBUG [org.apache.jasper.servlet.JasperInitializer@main] Initializing Jasper for context [application] 
2022-02-25 23:40:22.844 DEBUG [org.apache.jasper.servlet.JspServlet@main] Scratch dir for the JSP engine is: [C:\Users\salva\AppData\Local\Temp\tomcat.8083.7347266719949298831\work\Tomcat\localhost\hello-world-22.1] 
2022-02-25 23:40:22.845 DEBUG [org.apache.jasper.servlet.JspServlet@main] IMPORTANT: Do not modify the generated servlets 
2022-02-25 23:40:22.882 INFO  [acme.Launcher@main] Started Launcher in 14.618 seconds (JVM running for 16.197) 
2022-02-25 23:40:22.894 DEBUG [acme.Launcher@main] Found classpath entry '/C:/Users/salva/OneDrive/Escritorio/DP%20II/Workspace-22.0/Projects/Acme-One/target/test-classes/' 
2022-02-25 23:40:22.895 DEBUG [acme.Launcher@main] Found classpath entry '/C:/Users/salva/OneDrive/Escritorio/DP%20II/Workspace-22.0/Projects/Acme-One/target/classes/' 
2022-02-25 23:40:22.896 DEBUG [acme.Launcher@main] Found classpath entry '/C:/Users/salva/OneDrive/Escritorio/DP%20II/Workspace-22.0/Frameworks/Acme-Framework-22.1/target/classes/' 
2022-02-25 23:40:22.896 DEBUG [acme.Launcher@main] Found classpath entry '/C:/Users/salva/OneDrive/Escritorio/DP%20II/Workspace-22.0/Frameworks/Acme-Framework-22.1/target/test-classes/' 
2022-02-25 23:40:22.898 DEBUG [acme.Launcher@main] Found classpath entry '/C:/Users/salva/.m2/repository/org/springframework/boot/spring-boot-starter-tomcat/2.4.2/spring-boot-starter-tomcat-2.4.2.jar' 
2022-02-25 23:40:22.899 DEBUG [acme.Launcher@main] Found classpath entry '/C:/Users/salva/.m2/repository/jakarta/annotation/jakarta.annotation-api/1.3.5/jakarta.annotation-api-1.3.5.jar' 
2022-02-25 23:40:22.899 DEBUG [acme.Launcher@main] Found classpath entry '/C:/Users/salva/.m2/repository/org/apache/tomcat/embed/tomcat-embed-core/9.0.41/tomcat-embed-core-9.0.41.jar' 
2022-02-25 23:40:22.900 DEBUG [acme.Launcher@main] Found classpath entry '/C:/Users/salva/.m2/repository/org/glassfish/jakarta.el/3.0.3/jakarta.el-3.0.3.jar' 
2022-02-25 23:40:22.900 DEBUG [acme.Launcher@main] Found classpath entry '/C:/Users/salva/.m2/repository/org/apache/tomcat/embed/tomcat-embed-websocket/9.0.41/tomcat-embed-websocket-9.0.41.jar' 
2022-02-25 23:40:22.900 DEBUG [acme.Launcher@main] Found classpath entry '/C:/Users/salva/.m2/repository/org/apache/tomcat/embed/tomcat-embed-jasper/9.0.41/tomcat-embed-jasper-9.0.41.jar' 
2022-02-25 23:40:22.901 DEBUG [acme.Launcher@main] Found classpath entry '/C:/Users/salva/.m2/repository/org/apache/tomcat/embed/tomcat-embed-el/9.0.41/tomcat-embed-el-9.0.41.jar' 
2022-02-25 23:40:22.901 DEBUG [acme.Launcher@main] Found classpath entry '/C:/Users/salva/.m2/repository/org/eclipse/jdt/ecj/3.18.0/ecj-3.18.0.jar' 
2022-02-25 23:40:22.901 DEBUG [acme.Launcher@main] Found classpath entry '/C:/Users/salva/.m2/repository/javax/servlet/jstl/1.2/jstl-1.2.jar' 
2022-02-25 23:40:22.902 DEBUG [acme.Launcher@main] Found classpath entry '/C:/Users/salva/.m2/repository/org/springframework/boot/spring-boot-starter-test/2.4.2/spring-boot-starter-test-2.4.2.jar' 
2022-02-25 23:40:22.902 DEBUG [acme.Launcher@main] Found classpath entry '/C:/Users/salva/.m2/repository/org/springframework/boot/spring-boot-starter/2.4.2/spring-boot-starter-2.4.2.jar' 
2022-02-25 23:40:22.902 DEBUG [acme.Launcher@main] Found classpath entry '/C:/Users/salva/.m2/repository/org/springframework/boot/spring-boot/2.4.2/spring-boot-2.4.2.jar' 
2022-02-25 23:40:22.903 DEBUG [acme.Launcher@main] Found classpath entry '/C:/Users/salva/.m2/repository/org/springframework/boot/spring-boot-autoconfigure/2.4.2/spring-boot-autoconfigure-2.4.2.jar' 
2022-02-25 23:40:22.903 DEBUG [acme.Launcher@main] Found classpath entry '/C:/Users/salva/.m2/repository/org/springframework/boot/spring-boot-starter-logging/2.4.2/spring-boot-starter-logging-2.4.2.jar' 
2022-02-25 23:40:22.904 DEBUG [acme.Launcher@main] Found classpath entry '/C:/Users/salva/.m2/repository/ch/qos/logback/logback-classic/1.2.3/logback-classic-1.2.3.jar' 
2022-02-25 23:40:22.904 DEBUG [acme.Launcher@main] Found classpath entry '/C:/Users/salva/.m2/repository/ch/qos/logback/logback-core/1.2.3/logback-core-1.2.3.jar' 
2022-02-25 23:40:22.904 DEBUG [acme.Launcher@main] Found classpath entry '/C:/Users/salva/.m2/repository/org/apache/logging/log4j/log4j-to-slf4j/2.13.3/log4j-to-slf4j-2.13.3.jar' 
2022-02-25 23:40:22.905 DEBUG [acme.Launcher@main] Found classpath entry '/C:/Users/salva/.m2/repository/org/apache/logging/log4j/log4j-api/2.13.3/log4j-api-2.13.3.jar' 
2022-02-25 23:40:22.905 DEBUG [acme.Launcher@main] Found classpath entry '/C:/Users/salva/.m2/repository/org/slf4j/jul-to-slf4j/1.7.30/jul-to-slf4j-1.7.30.jar' 
2022-02-25 23:40:22.906 DEBUG [acme.Launcher@main] Found classpath entry '/C:/Users/salva/.m2/repository/org/yaml/snakeyaml/1.27/snakeyaml-1.27.jar' 
2022-02-25 23:40:22.906 DEBUG [acme.Launcher@main] Found classpath entry '/C:/Users/salva/.m2/repository/org/springframework/boot/spring-boot-test/2.4.2/spring-boot-test-2.4.2.jar' 
2022-02-25 23:40:22.906 DEBUG [acme.Launcher@main] Found classpath entry '/C:/Users/salva/.m2/repository/org/springframework/boot/spring-boot-test-autoconfigure/2.4.2/spring-boot-test-autoconfigure-2.4.2.jar' 
2022-02-25 23:40:22.907 DEBUG [acme.Launcher@main] Found classpath entry '/C:/Users/salva/.m2/repository/com/jayway/jsonpath/json-path/2.4.0/json-path-2.4.0.jar' 
2022-02-25 23:40:22.907 DEBUG [acme.Launcher@main] Found classpath entry '/C:/Users/salva/.m2/repository/net/minidev/json-smart/2.3/json-smart-2.3.jar' 
2022-02-25 23:40:22.908 DEBUG [acme.Launcher@main] Found classpath entry '/C:/Users/salva/.m2/repository/net/minidev/accessors-smart/1.2/accessors-smart-1.2.jar' 
2022-02-25 23:40:22.908 DEBUG [acme.Launcher@main] Found classpath entry '/C:/Users/salva/.m2/repository/org/ow2/asm/asm/5.0.4/asm-5.0.4.jar' 
2022-02-25 23:40:22.908 DEBUG [acme.Launcher@main] Found classpath entry '/C:/Users/salva/.m2/repository/jakarta/xml/bind/jakarta.xml.bind-api/2.3.3/jakarta.xml.bind-api-2.3.3.jar' 
2022-02-25 23:40:22.909 DEBUG [acme.Launcher@main] Found classpath entry '/C:/Users/salva/.m2/repository/jakarta/activation/jakarta.activation-api/1.2.2/jakarta.activation-api-1.2.2.jar' 
2022-02-25 23:40:22.909 DEBUG [acme.Launcher@main] Found classpath entry '/C:/Users/salva/.m2/repository/org/assertj/assertj-core/3.18.1/assertj-core-3.18.1.jar' 
2022-02-25 23:40:22.909 DEBUG [acme.Launcher@main] Found classpath entry '/C:/Users/salva/.m2/repository/org/hamcrest/hamcrest/2.2/hamcrest-2.2.jar' 
2022-02-25 23:40:22.910 DEBUG [acme.Launcher@main] Found classpath entry '/C:/Users/salva/.m2/repository/org/junit/jupiter/junit-jupiter/5.7.0/junit-jupiter-5.7.0.jar' 
2022-02-25 23:40:22.910 DEBUG [acme.Launcher@main] Found classpath entry '/C:/Users/salva/.m2/repository/org/mockito/mockito-core/3.6.28/mockito-core-3.6.28.jar' 
2022-02-25 23:40:22.910 DEBUG [acme.Launcher@main] Found classpath entry '/C:/Users/salva/.m2/repository/net/bytebuddy/byte-buddy-agent/1.10.19/byte-buddy-agent-1.10.19.jar' 
2022-02-25 23:40:22.910 DEBUG [acme.Launcher@main] Found classpath entry '/C:/Users/salva/.m2/repository/org/objenesis/objenesis/3.1/objenesis-3.1.jar' 
2022-02-25 23:40:22.911 DEBUG [acme.Launcher@main] Found classpath entry '/C:/Users/salva/.m2/repository/org/mockito/mockito-junit-jupiter/3.6.28/mockito-junit-jupiter-3.6.28.jar' 
2022-02-25 23:40:22.911 DEBUG [acme.Launcher@main] Found classpath entry '/C:/Users/salva/.m2/repository/org/skyscreamer/jsonassert/1.5.0/jsonassert-1.5.0.jar' 
2022-02-25 23:40:22.911 DEBUG [acme.Launcher@main] Found classpath entry '/C:/Users/salva/.m2/repository/com/vaadin/external/google/android-json/0.0.20131108.vaadin1/android-json-0.0.20131108.vaadin1.jar' 
2022-02-25 23:40:22.912 DEBUG [acme.Launcher@main] Found classpath entry '/C:/Users/salva/.m2/repository/org/springframework/spring-core/5.3.3/spring-core-5.3.3.jar' 
2022-02-25 23:40:22.912 DEBUG [acme.Launcher@main] Found classpath entry '/C:/Users/salva/.m2/repository/org/springframework/spring-jcl/5.3.3/spring-jcl-5.3.3.jar' 
2022-02-25 23:40:22.913 DEBUG [acme.Launcher@main] Found classpath entry '/C:/Users/salva/.m2/repository/org/springframework/spring-test/5.3.3/spring-test-5.3.3.jar' 
2022-02-25 23:40:22.913 DEBUG [acme.Launcher@main] Found classpath entry '/C:/Users/salva/.m2/repository/org/xmlunit/xmlunit-core/2.7.0/xmlunit-core-2.7.0.jar' 
2022-02-25 23:40:22.913 DEBUG [acme.Launcher@main] Found classpath entry '/C:/Users/salva/.m2/repository/org/springframework/boot/spring-boot-starter-security/2.4.2/spring-boot-starter-security-2.4.2.jar' 
2022-02-25 23:40:22.914 DEBUG [acme.Launcher@main] Found classpath entry '/C:/Users/salva/.m2/repository/org/springframework/spring-aop/5.3.3/spring-aop-5.3.3.jar' 
2022-02-25 23:40:22.915 DEBUG [acme.Launcher@main] Found classpath entry '/C:/Users/salva/.m2/repository/org/springframework/security/spring-security-web/5.4.2/spring-security-web-5.4.2.jar' 
2022-02-25 23:40:22.916 DEBUG [acme.Launcher@main] Found classpath entry '/C:/Users/salva/.m2/repository/org/springframework/security/spring-security-core/5.4.2/spring-security-core-5.4.2.jar' 
2022-02-25 23:40:22.916 DEBUG [acme.Launcher@main] Found classpath entry '/C:/Users/salva/.m2/repository/org/springframework/spring-beans/5.3.3/spring-beans-5.3.3.jar' 
2022-02-25 23:40:22.917 DEBUG [acme.Launcher@main] Found classpath entry '/C:/Users/salva/.m2/repository/org/springframework/spring-context/5.3.3/spring-context-5.3.3.jar' 
2022-02-25 23:40:22.917 DEBUG [acme.Launcher@main] Found classpath entry '/C:/Users/salva/.m2/repository/org/springframework/spring-expression/5.3.3/spring-expression-5.3.3.jar' 
2022-02-25 23:40:22.917 DEBUG [acme.Launcher@main] Found classpath entry '/C:/Users/salva/.m2/repository/org/springframework/spring-web/5.3.3/spring-web-5.3.3.jar' 
2022-02-25 23:40:22.918 DEBUG [acme.Launcher@main] Found classpath entry '/C:/Users/salva/.m2/repository/org/springframework/security/spring-security-config/5.4.2/spring-security-config-5.4.2.jar' 
2022-02-25 23:40:22.918 DEBUG [acme.Launcher@main] Found classpath entry '/C:/Users/salva/.m2/repository/org/springframework/security/spring-security-taglibs/5.4.2/spring-security-taglibs-5.4.2.jar' 
2022-02-25 23:40:22.919 DEBUG [acme.Launcher@main] Found classpath entry '/C:/Users/salva/.m2/repository/org/springframework/security/spring-security-acl/5.4.2/spring-security-acl-5.4.2.jar' 
2022-02-25 23:40:22.919 DEBUG [acme.Launcher@main] Found classpath entry '/C:/Users/salva/.m2/repository/org/springframework/spring-jdbc/5.3.3/spring-jdbc-5.3.3.jar' 
2022-02-25 23:40:22.920 DEBUG [acme.Launcher@main] Found classpath entry '/C:/Users/salva/.m2/repository/org/springframework/spring-tx/5.3.3/spring-tx-5.3.3.jar' 
2022-02-25 23:40:22.920 DEBUG [acme.Launcher@main] Found classpath entry '/C:/Users/salva/.m2/repository/org/springframework/boot/spring-boot-starter-web/2.4.2/spring-boot-starter-web-2.4.2.jar' 
2022-02-25 23:40:22.921 DEBUG [acme.Launcher@main] Found classpath entry '/C:/Users/salva/.m2/repository/org/springframework/boot/spring-boot-starter-json/2.4.2/spring-boot-starter-json-2.4.2.jar' 
2022-02-25 23:40:22.921 DEBUG [acme.Launcher@main] Found classpath entry '/C:/Users/salva/.m2/repository/com/fasterxml/jackson/core/jackson-databind/2.11.4/jackson-databind-2.11.4.jar' 
2022-02-25 23:40:22.922 DEBUG [acme.Launcher@main] Found classpath entry '/C:/Users/salva/.m2/repository/com/fasterxml/jackson/core/jackson-annotations/2.11.4/jackson-annotations-2.11.4.jar' 
2022-02-25 23:40:22.922 DEBUG [acme.Launcher@main] Found classpath entry '/C:/Users/salva/.m2/repository/com/fasterxml/jackson/core/jackson-core/2.11.4/jackson-core-2.11.4.jar' 
2022-02-25 23:40:22.923 DEBUG [acme.Launcher@main] Found classpath entry '/C:/Users/salva/.m2/repository/com/fasterxml/jackson/datatype/jackson-datatype-jdk8/2.11.4/jackson-datatype-jdk8-2.11.4.jar' 
2022-02-25 23:40:22.923 DEBUG [acme.Launcher@main] Found classpath entry '/C:/Users/salva/.m2/repository/com/fasterxml/jackson/datatype/jackson-datatype-jsr310/2.11.4/jackson-datatype-jsr310-2.11.4.jar' 
2022-02-25 23:40:22.923 DEBUG [acme.Launcher@main] Found classpath entry '/C:/Users/salva/.m2/repository/com/fasterxml/jackson/module/jackson-module-parameter-names/2.11.4/jackson-module-parameter-names-2.11.4.jar' 
2022-02-25 23:40:22.924 DEBUG [acme.Launcher@main] Found classpath entry '/C:/Users/salva/.m2/repository/org/springframework/spring-webmvc/5.3.3/spring-webmvc-5.3.3.jar' 
2022-02-25 23:40:22.924 DEBUG [acme.Launcher@main] Found classpath entry '/C:/Users/salva/.m2/repository/org/apache/tiles/tiles-jsp/3.0.8/tiles-jsp-3.0.8.jar' 
2022-02-25 23:40:22.924 DEBUG [acme.Launcher@main] Found classpath entry '/C:/Users/salva/.m2/repository/org/apache/tiles/tiles-servlet/3.0.8/tiles-servlet-3.0.8.jar' 
2022-02-25 23:40:22.925 DEBUG [acme.Launcher@main] Found classpath entry '/C:/Users/salva/.m2/repository/org/apache/tiles/tiles-core/3.0.8/tiles-core-3.0.8.jar' 
2022-02-25 23:40:22.925 DEBUG [acme.Launcher@main] Found classpath entry '/C:/Users/salva/.m2/repository/commons-digester/commons-digester/2.0/commons-digester-2.0.jar' 
2022-02-25 23:40:22.925 DEBUG [acme.Launcher@main] Found classpath entry '/C:/Users/salva/.m2/repository/org/slf4j/jcl-over-slf4j/1.7.30/jcl-over-slf4j-1.7.30.jar' 
2022-02-25 23:40:22.926 DEBUG [acme.Launcher@main] Found classpath entry '/C:/Users/salva/.m2/repository/org/apache/tiles/tiles-request-servlet/1.0.7/tiles-request-servlet-1.0.7.jar' 
2022-02-25 23:40:22.926 DEBUG [acme.Launcher@main] Found classpath entry '/C:/Users/salva/.m2/repository/org/apache/tiles/tiles-template/3.0.8/tiles-template-3.0.8.jar' 
2022-02-25 23:40:22.926 DEBUG [acme.Launcher@main] Found classpath entry '/C:/Users/salva/.m2/repository/org/apache/tiles/tiles-api/3.0.8/tiles-api-3.0.8.jar' 
2022-02-25 23:40:22.926 DEBUG [acme.Launcher@main] Found classpath entry '/C:/Users/salva/.m2/repository/org/apache/tiles/tiles-autotag-core-runtime/1.2/tiles-autotag-core-runtime-1.2.jar' 
2022-02-25 23:40:22.927 DEBUG [acme.Launcher@main] Found classpath entry '/C:/Users/salva/.m2/repository/org/slf4j/slf4j-api/1.7.30/slf4j-api-1.7.30.jar' 
2022-02-25 23:40:22.927 DEBUG [acme.Launcher@main] Found classpath entry '/C:/Users/salva/.m2/repository/org/apache/tiles/tiles-request-jsp/1.0.7/tiles-request-jsp-1.0.7.jar' 
2022-02-25 23:40:22.928 DEBUG [acme.Launcher@main] Found classpath entry '/C:/Users/salva/.m2/repository/org/apache/tiles/tiles-request-api/1.0.7/tiles-request-api-1.0.7.jar' 
2022-02-25 23:40:22.928 DEBUG [acme.Launcher@main] Found classpath entry '/C:/Users/salva/.m2/repository/org/springframework/boot/spring-boot-starter-data-jpa/2.4.2/spring-boot-starter-data-jpa-2.4.2.jar' 
2022-02-25 23:40:22.928 DEBUG [acme.Launcher@main] Found classpath entry '/C:/Users/salva/.m2/repository/org/springframework/boot/spring-boot-starter-aop/2.4.2/spring-boot-starter-aop-2.4.2.jar' 
2022-02-25 23:40:22.928 DEBUG [acme.Launcher@main] Found classpath entry '/C:/Users/salva/.m2/repository/org/aspectj/aspectjweaver/1.9.6/aspectjweaver-1.9.6.jar' 
2022-02-25 23:40:22.929 DEBUG [acme.Launcher@main] Found classpath entry '/C:/Users/salva/.m2/repository/org/springframework/boot/spring-boot-starter-jdbc/2.4.2/spring-boot-starter-jdbc-2.4.2.jar' 
2022-02-25 23:40:22.929 DEBUG [acme.Launcher@main] Found classpath entry '/C:/Users/salva/.m2/repository/jakarta/transaction/jakarta.transaction-api/1.3.3/jakarta.transaction-api-1.3.3.jar' 
2022-02-25 23:40:22.930 DEBUG [acme.Launcher@main] Found classpath entry '/C:/Users/salva/.m2/repository/jakarta/persistence/jakarta.persistence-api/2.2.3/jakarta.persistence-api-2.2.3.jar' 
2022-02-25 23:40:22.930 DEBUG [acme.Launcher@main] Found classpath entry '/C:/Users/salva/.m2/repository/org/hibernate/hibernate-core/5.4.27.Final/hibernate-core-5.4.27.Final.jar' 
2022-02-25 23:40:22.931 DEBUG [acme.Launcher@main] Found classpath entry '/C:/Users/salva/.m2/repository/org/jboss/logging/jboss-logging/3.4.1.Final/jboss-logging-3.4.1.Final.jar' 
2022-02-25 23:40:22.932 DEBUG [acme.Launcher@main] Found classpath entry '/C:/Users/salva/.m2/repository/org/javassist/javassist/3.27.0-GA/javassist-3.27.0-GA.jar' 
2022-02-25 23:40:22.932 DEBUG [acme.Launcher@main] Found classpath entry '/C:/Users/salva/.m2/repository/antlr/antlr/2.7.7/antlr-2.7.7.jar' 
2022-02-25 23:40:22.932 DEBUG [acme.Launcher@main] Found classpath entry '/C:/Users/salva/.m2/repository/org/jboss/jandex/2.1.3.Final/jandex-2.1.3.Final.jar' 
2022-02-25 23:40:22.933 DEBUG [acme.Launcher@main] Found classpath entry '/C:/Users/salva/.m2/repository/com/fasterxml/classmate/1.5.1/classmate-1.5.1.jar' 
2022-02-25 23:40:22.933 DEBUG [acme.Launcher@main] Found classpath entry '/C:/Users/salva/.m2/repository/org/dom4j/dom4j/2.1.3/dom4j-2.1.3.jar' 
2022-02-25 23:40:22.934 DEBUG [acme.Launcher@main] Found classpath entry '/C:/Users/salva/.m2/repository/org/hibernate/common/hibernate-commons-annotations/5.1.2.Final/hibernate-commons-annotations-5.1.2.Final.jar' 
2022-02-25 23:40:22.934 DEBUG [acme.Launcher@main] Found classpath entry '/C:/Users/salva/.m2/repository/org/glassfish/jaxb/jaxb-runtime/2.3.3/jaxb-runtime-2.3.3.jar' 
2022-02-25 23:40:22.935 DEBUG [acme.Launcher@main] Found classpath entry '/C:/Users/salva/.m2/repository/org/glassfish/jaxb/txw2/2.3.3/txw2-2.3.3.jar' 
2022-02-25 23:40:22.935 DEBUG [acme.Launcher@main] Found classpath entry '/C:/Users/salva/.m2/repository/com/sun/istack/istack-commons-runtime/3.0.11/istack-commons-runtime-3.0.11.jar' 
2022-02-25 23:40:22.935 DEBUG [acme.Launcher@main] Found classpath entry '/C:/Users/salva/.m2/repository/com/sun/activation/jakarta.activation/1.2.2/jakarta.activation-1.2.2.jar' 
2022-02-25 23:40:22.936 DEBUG [acme.Launcher@main] Found classpath entry '/C:/Users/salva/.m2/repository/org/springframework/data/spring-data-jpa/2.4.3/spring-data-jpa-2.4.3.jar' 
2022-02-25 23:40:22.936 DEBUG [acme.Launcher@main] Found classpath entry '/C:/Users/salva/.m2/repository/org/springframework/data/spring-data-commons/2.4.3/spring-data-commons-2.4.3.jar' 
2022-02-25 23:40:22.936 DEBUG [acme.Launcher@main] Found classpath entry '/C:/Users/salva/.m2/repository/org/springframework/spring-orm/5.3.3/spring-orm-5.3.3.jar' 
2022-02-25 23:40:22.936 DEBUG [acme.Launcher@main] Found classpath entry '/C:/Users/salva/.m2/repository/org/springframework/spring-aspects/5.3.3/spring-aspects-5.3.3.jar' 
2022-02-25 23:40:22.937 DEBUG [acme.Launcher@main] Found classpath entry '/C:/Users/salva/.m2/repository/org/springframework/boot/spring-boot-starter-validation/2.4.2/spring-boot-starter-validation-2.4.2.jar' 
2022-02-25 23:40:22.938 DEBUG [acme.Launcher@main] Found classpath entry '/C:/Users/salva/.m2/repository/org/hibernate/validator/hibernate-validator/6.1.7.Final/hibernate-validator-6.1.7.Final.jar' 
2022-02-25 23:40:22.938 DEBUG [acme.Launcher@main] Found classpath entry '/C:/Users/salva/.m2/repository/jakarta/validation/jakarta.validation-api/2.0.2/jakarta.validation-api-2.0.2.jar' 
2022-02-25 23:40:22.938 DEBUG [acme.Launcher@main] Found classpath entry '/C:/Users/salva/.m2/repository/mysql/mysql-connector-java/8.0.22/mysql-connector-java-8.0.22.jar' 
2022-02-25 23:40:22.939 DEBUG [acme.Launcher@main] Found classpath entry '/C:/Users/salva/.m2/repository/com/zaxxer/HikariCP/3.4.5/HikariCP-3.4.5.jar' 
2022-02-25 23:40:22.939 DEBUG [acme.Launcher@main] Found classpath entry '/C:/Users/salva/.m2/repository/org/junit/jupiter/junit-jupiter-engine/5.7.0/junit-jupiter-engine-5.7.0.jar' 
2022-02-25 23:40:22.940 DEBUG [acme.Launcher@main] Found classpath entry '/C:/Users/salva/.m2/repository/org/apiguardian/apiguardian-api/1.1.0/apiguardian-api-1.1.0.jar' 
2022-02-25 23:40:22.940 DEBUG [acme.Launcher@main] Found classpath entry '/C:/Users/salva/.m2/repository/org/junit/platform/junit-platform-engine/1.7.0/junit-platform-engine-1.7.0.jar' 
2022-02-25 23:40:22.941 DEBUG [acme.Launcher@main] Found classpath entry '/C:/Users/salva/.m2/repository/org/junit/jupiter/junit-jupiter-api/5.7.0/junit-jupiter-api-5.7.0.jar' 
2022-02-25 23:40:22.941 DEBUG [acme.Launcher@main] Found classpath entry '/C:/Users/salva/.m2/repository/org/opentest4j/opentest4j/1.2.0/opentest4j-1.2.0.jar' 
2022-02-25 23:40:22.941 DEBUG [acme.Launcher@main] Found classpath entry '/C:/Users/salva/.m2/repository/org/junit/platform/junit-platform-commons/1.7.0/junit-platform-commons-1.7.0.jar' 
2022-02-25 23:40:22.941 DEBUG [acme.Launcher@main] Found classpath entry '/C:/Users/salva/.m2/repository/org/junit/jupiter/junit-jupiter-params/5.7.0/junit-jupiter-params-5.7.0.jar' 
2022-02-25 23:40:22.941 DEBUG [acme.Launcher@main] Found classpath entry '/C:/Users/salva/.m2/repository/org/junit/platform/junit-platform-launcher/1.7.0/junit-platform-launcher-1.7.0.jar' 
2022-02-25 23:40:22.942 DEBUG [acme.Launcher@main] Found classpath entry '/C:/Users/salva/.m2/repository/org/seleniumhq/selenium/selenium-java/3.141.59/selenium-java-3.141.59.jar' 
2022-02-25 23:40:22.942 DEBUG [acme.Launcher@main] Found classpath entry '/C:/Users/salva/.m2/repository/org/seleniumhq/selenium/selenium-api/3.141.59/selenium-api-3.141.59.jar' 
2022-02-25 23:40:22.942 DEBUG [acme.Launcher@main] Found classpath entry '/C:/Users/salva/.m2/repository/org/seleniumhq/selenium/selenium-chrome-driver/3.141.59/selenium-chrome-driver-3.141.59.jar' 
2022-02-25 23:40:22.942 DEBUG [acme.Launcher@main] Found classpath entry '/C:/Users/salva/.m2/repository/org/seleniumhq/selenium/selenium-edge-driver/3.141.59/selenium-edge-driver-3.141.59.jar' 
2022-02-25 23:40:22.943 DEBUG [acme.Launcher@main] Found classpath entry '/C:/Users/salva/.m2/repository/org/seleniumhq/selenium/selenium-firefox-driver/3.141.59/selenium-firefox-driver-3.141.59.jar' 
2022-02-25 23:40:22.943 DEBUG [acme.Launcher@main] Found classpath entry '/C:/Users/salva/.m2/repository/org/seleniumhq/selenium/selenium-ie-driver/3.141.59/selenium-ie-driver-3.141.59.jar' 
2022-02-25 23:40:22.943 DEBUG [acme.Launcher@main] Found classpath entry '/C:/Users/salva/.m2/repository/org/seleniumhq/selenium/selenium-opera-driver/3.141.59/selenium-opera-driver-3.141.59.jar' 
2022-02-25 23:40:22.944 DEBUG [acme.Launcher@main] Found classpath entry '/C:/Users/salva/.m2/repository/org/seleniumhq/selenium/selenium-remote-driver/3.141.59/selenium-remote-driver-3.141.59.jar' 
2022-02-25 23:40:22.944 DEBUG [acme.Launcher@main] Found classpath entry '/C:/Users/salva/.m2/repository/org/seleniumhq/selenium/selenium-safari-driver/3.141.59/selenium-safari-driver-3.141.59.jar' 
2022-02-25 23:40:22.944 DEBUG [acme.Launcher@main] Found classpath entry '/C:/Users/salva/.m2/repository/org/seleniumhq/selenium/selenium-support/3.141.59/selenium-support-3.141.59.jar' 
2022-02-25 23:40:22.944 DEBUG [acme.Launcher@main] Found classpath entry '/C:/Users/salva/.m2/repository/net/bytebuddy/byte-buddy/1.10.19/byte-buddy-1.10.19.jar' 
2022-02-25 23:40:22.944 DEBUG [acme.Launcher@main] Found classpath entry '/C:/Users/salva/.m2/repository/org/apache/commons/commons-exec/1.3/commons-exec-1.3.jar' 
2022-02-25 23:40:22.945 DEBUG [acme.Launcher@main] Found classpath entry '/C:/Users/salva/.m2/repository/com/google/guava/guava/25.0-jre/guava-25.0-jre.jar' 
2022-02-25 23:40:22.945 DEBUG [acme.Launcher@main] Found classpath entry '/C:/Users/salva/.m2/repository/com/google/code/findbugs/jsr305/1.3.9/jsr305-1.3.9.jar' 
2022-02-25 23:40:22.945 DEBUG [acme.Launcher@main] Found classpath entry '/C:/Users/salva/.m2/repository/org/checkerframework/checker-compat-qual/2.0.0/checker-compat-qual-2.0.0.jar' 
2022-02-25 23:40:22.945 DEBUG [acme.Launcher@main] Found classpath entry '/C:/Users/salva/.m2/repository/com/google/errorprone/error_prone_annotations/2.1.3/error_prone_annotations-2.1.3.jar' 
2022-02-25 23:40:22.947 DEBUG [acme.Launcher@main] Found classpath entry '/C:/Users/salva/.m2/repository/com/google/j2objc/j2objc-annotations/1.1/j2objc-annotations-1.1.jar' 
2022-02-25 23:40:22.947 DEBUG [acme.Launcher@main] Found classpath entry '/C:/Users/salva/.m2/repository/org/codehaus/mojo/animal-sniffer-annotations/1.14/animal-sniffer-annotations-1.14.jar' 
2022-02-25 23:40:22.947 DEBUG [acme.Launcher@main] Found classpath entry '/C:/Users/salva/.m2/repository/com/squareup/okhttp3/okhttp/3.14.9/okhttp-3.14.9.jar' 
2022-02-25 23:40:22.947 DEBUG [acme.Launcher@main] Found classpath entry '/C:/Users/salva/.m2/repository/com/squareup/okio/okio/1.14.0/okio-1.14.0.jar' 
2022-02-25 23:40:22.947 DEBUG [acme.Launcher@main] Found classpath entry '/C:/Users/salva/.m2/repository/org/apache/commons/commons-lang3/3.11/commons-lang3-3.11.jar' 
2022-02-25 23:40:22.948 DEBUG [acme.Launcher@main] Found classpath entry '/C:/Users/salva/.m2/repository/org/apache/commons/commons-text/1.8/commons-text-1.8.jar' 
2022-02-25 23:40:22.948 DEBUG [acme.Launcher@main] Found classpath entry '/C:/Users/salva/.m2/repository/commons-io/commons-io/2.6/commons-io-2.6.jar' 
2022-02-25 23:40:22.948 DEBUG [acme.Launcher@main] Found classpath entry '/C:/Users/salva/.m2/repository/commons-cli/commons-cli/1.4/commons-cli-1.4.jar' 
2022-02-25 23:40:22.949 DEBUG [acme.Launcher@main] Found classpath entry '/C:/Users/salva/.m2/repository/org/projectlombok/lombok/1.18.16/lombok-1.18.16.jar' 
2022-02-25 23:40:22.949 DEBUG [acme.Launcher@main] Found classpath entry '/C:/Users/salva/.m2/repository/com/opencsv/opencsv/5.4/opencsv-5.4.jar' 
2022-02-25 23:40:22.949 DEBUG [acme.Launcher@main] Found classpath entry '/C:/Users/salva/.m2/repository/commons-beanutils/commons-beanutils/1.9.4/commons-beanutils-1.9.4.jar' 
2022-02-25 23:40:22.949 DEBUG [acme.Launcher@main] Found classpath entry '/C:/Users/salva/.m2/repository/commons-logging/commons-logging/1.2/commons-logging-1.2.jar' 
2022-02-25 23:40:22.950 DEBUG [acme.Launcher@main] Found classpath entry '/C:/Users/salva/.m2/repository/commons-collections/commons-collections/3.2.2/commons-collections-3.2.2.jar' 
2022-02-25 23:40:22.950 DEBUG [acme.Launcher@main] Found classpath entry '/C:/Users/salva/.m2/repository/org/apache/commons/commons-collections4/4.4/commons-collections4-4.4.jar' 
2022-02-25 23:40:22.950 DEBUG [acme.Launcher@main] Found classpath entry '/C:/Users/salva/OneDrive/Escritorio/DP%20II/Workspace-22.0/Tools/IDEs/eclipse-jee-2021-12-R/configuration/org.eclipse.osgi/418/0/.cp/lib/javaagent-shaded.jar' 
2022-02-25 23:40:23.103 DEBUG [acme.Launcher@main] Found entity class 'acme.roles.Consumer 
2022-02-25 23:40:23.104 DEBUG [acme.Launcher@main] Found entity class 'acme.roles.Provider 
2022-02-25 23:40:23.104 DEBUG [acme.Launcher@main] Found entity class 'acme.framework.entities.UserAccount 
2022-02-25 23:40:23.104 DEBUG [acme.Launcher@main] Found entity class 'acme.framework.roles.Administrator 
2022-02-25 23:40:23.104 DEBUG [acme.Launcher@main] Found entity class 'acme.framework.roles.Anonymous 
2022-02-25 23:40:23.104 DEBUG [acme.Launcher@main] Found entity class 'acme.framework.roles.Authenticated 
2022-02-25 23:40:23.110 INFO  [acme.Launcher@main] Populating (initial data) 
2022-02-25 23:40:23.111 INFO  [acme.framework.components.database.DatabasePopulator@main] Building database schema 
2022-02-25 23:40:23.159 DEBUG [acme.framework.components.database.DatabaseUtil@main] Executing script. 
2022-02-25 23:40:23.160 DEBUG [acme.framework.components.database.DatabaseUtil@main] Starting new transaction. 
2022-02-25 23:40:23.175 DEBUG [acme.framework.components.database.DatabaseUtil@main] Executing command 'set transaction isolation level read uncommitted;'. 
2022-02-25 23:40:23.193 DEBUG [acme.framework.components.database.DatabaseUtil@main] Starting transaction '155934691'. 
2022-02-25 23:40:23.194 DEBUG [acme.framework.components.database.DatabaseUtil@main] Executing script command 'set foreign_key_checks=0'. 
2022-02-25 23:40:23.194 DEBUG [acme.framework.components.database.DatabaseUtil@main] Executing script command 'drop table if exists administrator'. 
2022-02-25 23:40:23.257 DEBUG [acme.framework.components.database.DatabaseUtil@main] Executing script command 'drop table if exists anonymous'. 
2022-02-25 23:40:23.273 DEBUG [acme.framework.components.database.DatabaseUtil@main] Executing script command 'drop table if exists authenticated'. 
2022-02-25 23:40:23.287 DEBUG [acme.framework.components.database.DatabaseUtil@main] Executing script command 'drop table if exists consumer'. 
2022-02-25 23:40:23.301 DEBUG [acme.framework.components.database.DatabaseUtil@main] Executing script command 'drop table if exists hibernate_sequence'. 
2022-02-25 23:40:23.314 DEBUG [acme.framework.components.database.DatabaseUtil@main] Executing script command 'drop table if exists provider'. 
2022-02-25 23:40:23.327 DEBUG [acme.framework.components.database.DatabaseUtil@main] Executing script command 'drop table if exists user_account'. 
2022-02-25 23:40:23.340 DEBUG [acme.framework.components.database.DatabaseUtil@main] Executing script command 'set foreign_key_checks=1'. 
2022-02-25 23:40:23.340 DEBUG [acme.framework.components.database.DatabaseUtil@main] Committing transaction '155934691'. 
2022-02-25 23:40:23.352 DEBUG [acme.framework.components.database.DatabaseUtil@main] Executing script. 
2022-02-25 23:40:23.353 DEBUG [acme.framework.components.database.DatabaseUtil@main] Starting new transaction. 
2022-02-25 23:40:23.353 DEBUG [acme.framework.components.database.DatabaseUtil@main] Executing command 'set transaction isolation level read uncommitted;'. 
2022-02-25 23:40:23.354 DEBUG [acme.framework.components.database.DatabaseUtil@main] Starting transaction '2023006800'. 
2022-02-25 23:40:23.354 DEBUG [acme.framework.components.database.DatabaseUtil@main] Executing script command 'set foreign_key_checks=0'. 
2022-02-25 23:40:23.354 DEBUG [acme.framework.components.database.DatabaseUtil@main] Executing script command 'create table administrator (id integer not null, version integer not null, user_account_id integer, primary key (id)) engine=InnoDB'. 
2022-02-25 23:40:23.371 DEBUG [acme.framework.components.database.DatabaseUtil@main] Executing script command 'create table anonymous (id integer not null, version integer not null, user_account_id integer, primary key (id)) engine=InnoDB'. 
2022-02-25 23:40:23.387 DEBUG [acme.framework.components.database.DatabaseUtil@main] Executing script command 'create table authenticated (id integer not null, version integer not null, user_account_id integer, primary key (id)) engine=InnoDB'. 
2022-02-25 23:40:23.406 DEBUG [acme.framework.components.database.DatabaseUtil@main] Executing script command 'create table consumer (id integer not null, version integer not null, user_account_id integer, company varchar(255), sector varchar(255), primary key (id)) engine=InnoDB'. 
2022-02-25 23:40:23.437 DEBUG [acme.framework.components.database.DatabaseUtil@main] Executing script command 'create table hibernate_sequence (next_val bigint) engine=InnoDB'. 
2022-02-25 23:40:23.472 DEBUG [acme.framework.components.database.DatabaseUtil@main] Executing script command 'insert into hibernate_sequence values ( 1 )'. 
2022-02-25 23:40:23.485 DEBUG [acme.framework.components.database.DatabaseUtil@main] Executing script command 'create table provider (id integer not null, version integer not null, user_account_id integer, company varchar(255), sector varchar(255), primary key (id)) engine=InnoDB'. 
2022-02-25 23:40:23.519 DEBUG [acme.framework.components.database.DatabaseUtil@main] Executing script command 'create table user_account (id integer not null, version integer not null, enabled bit not null, identity blob, password varchar(255), username varchar(255), primary key (id)) engine=InnoDB'. 
2022-02-25 23:40:23.556 DEBUG [acme.framework.components.database.DatabaseUtil@main] Executing script command 'alter table user_account add constraint UK_castjbvpeeus0r8lbpehiu0e4 unique (username)'. 
2022-02-25 23:40:23.600 DEBUG [acme.framework.components.database.DatabaseUtil@main] Executing script command 'alter table administrator add constraint FK_2a5vcjo3stlfcwadosjfq49l1 foreign key (user_account_id) references user_account (id)'. 
2022-02-25 23:40:23.645 DEBUG [acme.framework.components.database.DatabaseUtil@main] Executing script command 'alter table anonymous add constraint FK_6lnbc6fo3om54vugoh8icg78m foreign key (user_account_id) references user_account (id)'. 
2022-02-25 23:40:23.682 DEBUG [acme.framework.components.database.DatabaseUtil@main] Executing script command 'alter table authenticated add constraint FK_h52w0f3wjoi68b63wv9vwon57 foreign key (user_account_id) references user_account (id)'. 
2022-02-25 23:40:23.713 DEBUG [acme.framework.components.database.DatabaseUtil@main] Executing script command 'alter table consumer add constraint FK_6cyha9f1wpj0dpbxrrjddrqed foreign key (user_account_id) references user_account (id)'. 
2022-02-25 23:40:23.745 DEBUG [acme.framework.components.database.DatabaseUtil@main] Executing script command 'alter table provider add constraint FK_b1gwnjqm6ggy9yuiqm0o4rlmd foreign key (user_account_id) references user_account (id)'. 
2022-02-25 23:40:23.776 DEBUG [acme.framework.components.database.DatabaseUtil@main] Executing script command 'set foreign_key_checks=1'. 
2022-02-25 23:40:23.777 DEBUG [acme.framework.components.database.DatabaseUtil@main] Committing transaction '2023006800'. 
2022-02-25 23:40:23.782 INFO  [acme.framework.components.database.DatabasePopulator@main] Reading entities from 'classpath:/WEB-INF/resources/initial-data' 
2022-02-25 23:40:23.793 DEBUG [acme.framework.components.database.Dataset@main] Reading dataset from 'C:\Users\salva\OneDrive\Escritorio\DP II\Workspace-22.0\Projects\Acme-One\target\classes\WEB-INF\resources\initial-data\administrator.csv' 
2022-02-25 23:40:23.923 DEBUG [acme.framework.components.database.Dataset@main] Reading mapping '{key:user-account=user-account-administrator-01, key=administrator-01}' from 'C:\Users\salva\OneDrive\Escritorio\DP II\Workspace-22.0\Projects\Acme-One\target\classes\WEB-INF\resources\initial-data\administrator.csv' 
2022-02-25 23:40:23.925 DEBUG [acme.framework.components.database.Dataset@main] Reading dataset from 'C:\Users\salva\OneDrive\Escritorio\DP II\Workspace-22.0\Projects\Acme-One\target\classes\WEB-INF\resources\initial-data\anonymous.csv' 
2022-02-25 23:40:23.927 DEBUG [acme.framework.components.database.Dataset@main] Reading mapping '{key:user-account=user-account-anonymous-01, key=anonymous-01}' from 'C:\Users\salva\OneDrive\Escritorio\DP II\Workspace-22.0\Projects\Acme-One\target\classes\WEB-INF\resources\initial-data\anonymous.csv' 
2022-02-25 23:40:23.927 DEBUG [acme.framework.components.database.Dataset@main] Reading dataset from 'C:\Users\salva\OneDrive\Escritorio\DP II\Workspace-22.0\Projects\Acme-One\target\classes\WEB-INF\resources\initial-data\authenticated.csv' 
2022-02-25 23:40:23.929 DEBUG [acme.framework.components.database.Dataset@main] Reading mapping '{key:user-account=user-account-administrator-01, key=authenticated-administrator-01}' from 'C:\Users\salva\OneDrive\Escritorio\DP II\Workspace-22.0\Projects\Acme-One\target\classes\WEB-INF\resources\initial-data\authenticated.csv' 
2022-02-25 23:40:23.930 DEBUG [acme.framework.components.database.Dataset@main] Reading dataset from 'C:\Users\salva\OneDrive\Escritorio\DP II\Workspace-22.0\Projects\Acme-One\target\classes\WEB-INF\resources\initial-data\user-account.csv' 
2022-02-25 23:40:23.931 DEBUG [acme.framework.components.database.Dataset@main] Reading mapping '{password=HIDDEN-PASSWORD, identity=UserIdentity{name: 'John', surname: 'Doe', email: 'john.doe@acme.com'}, key=user-account-anonymous-01, enabled=false, username=anonymous}' from 'C:\Users\salva\OneDrive\Escritorio\DP II\Workspace-22.0\Projects\Acme-One\target\classes\WEB-INF\resources\initial-data\user-account.csv' 
2022-02-25 23:40:23.931 DEBUG [acme.framework.components.database.Dataset@main] Reading mapping '{password=administrator, identity=UserIdentity{name: 'Administrator', surname: 'Acme', email: 'administrator@acme.com'}, key=user-account-administrator-01, enabled=true, username=administrator}' from 'C:\Users\salva\OneDrive\Escritorio\DP II\Workspace-22.0\Projects\Acme-One\target\classes\WEB-INF\resources\initial-data\user-account.csv' 
2022-02-25 23:40:23.932 DEBUG [acme.framework.components.database.EntityWeb@main] Setting attributes of entities of class acme.framework.roles.Authenticated 
2022-02-25 23:40:23.932 DEBUG [acme.framework.components.database.EntityWeb@main] Setting attributes of entities of class acme.framework.entities.UserAccount 
2022-02-25 23:40:24.205 DEBUG [acme.framework.components.database.EntityWeb@main] Setting attributes of entities of class acme.framework.roles.Administrator 
2022-02-25 23:40:24.205 DEBUG [acme.framework.components.database.EntityWeb@main] Setting attributes of entities of class acme.framework.roles.Anonymous 
2022-02-25 23:40:24.205 DEBUG [acme.framework.components.database.EntityWeb@main] Linking entities of class acme.framework.roles.Authenticated 
2022-02-25 23:40:24.211 DEBUG [acme.framework.components.database.EntityWeb@main] Linking entities of class acme.framework.entities.UserAccount 
2022-02-25 23:40:24.211 DEBUG [acme.framework.components.database.EntityWeb@main] Linking entities of class acme.framework.roles.Administrator 
2022-02-25 23:40:24.218 DEBUG [acme.framework.components.database.EntityWeb@main] Linking entities of class acme.framework.roles.Anonymous 
2022-02-25 23:40:24.224 INFO  [acme.framework.components.database.DatabasePopulator@main] Validating your entities 
2022-02-25 23:40:24.321 DEBUG [acme.framework.components.database.DatabasePopulator@main] Validating 'acme.framework.entities.UserAccount@user-account-anonymous-01' ... PASS 
2022-02-25 23:40:24.322 DEBUG [acme.framework.components.database.DatabasePopulator@main] Validating 'acme.framework.entities.UserAccount@user-account-administrator-01' ... PASS 
2022-02-25 23:40:24.334 DEBUG [acme.framework.components.database.DatabasePopulator@main] Validating 'acme.framework.roles.Anonymous@anonymous-01' ... PASS 
2022-02-25 23:40:24.339 DEBUG [acme.framework.components.database.DatabasePopulator@main] Validating 'acme.framework.roles.Authenticated@authenticated-administrator-01' ... PASS 
2022-02-25 23:40:24.345 DEBUG [acme.framework.components.database.DatabasePopulator@main] Validating 'acme.framework.roles.Administrator@administrator-01' ... PASS 
2022-02-25 23:40:24.345 INFO  [acme.framework.components.database.DatabasePopulator@main] Sorting your entity classes 
2022-02-25 23:40:24.345 DEBUG [acme.framework.components.database.DatabasePopulator@main] Best topological order for your entity clazzes: 
2022-02-25 23:40:24.346 DEBUG [acme.framework.components.database.DatabasePopulator@main] - acme.framework.entities.UserAccount 
2022-02-25 23:40:24.346 DEBUG [acme.framework.components.database.DatabasePopulator@main] - acme.framework.roles.Authenticated 
2022-02-25 23:40:24.346 DEBUG [acme.framework.components.database.DatabasePopulator@main] - acme.framework.roles.Administrator 
2022-02-25 23:40:24.346 DEBUG [acme.framework.components.database.DatabasePopulator@main] - acme.framework.roles.Anonymous 
2022-02-25 23:40:24.346 INFO  [acme.framework.components.database.DatabasePopulator@main] Persisting your entities 
2022-02-25 23:40:24.347 DEBUG [acme.framework.components.database.DatabaseUtil@main] Starting new transaction. 
2022-02-25 23:40:24.347 DEBUG [acme.framework.components.database.DatabaseUtil@main] Executing command 'set transaction isolation level read uncommitted;'. 
2022-02-25 23:40:24.347 DEBUG [acme.framework.components.database.DatabaseUtil@main] Starting transaction '1431155101'. 
2022-02-25 23:40:24.347 DEBUG [acme.framework.components.database.DatabasePopulator@main] Persising entities of clazz 'acme.framework.entities.UserAccount' 
2022-02-25 23:40:24.366 DEBUG [org.hibernate.SQL@main] select next_val as id_val from hibernate_sequence for update 
2022-02-25 23:40:24.390 DEBUG [org.hibernate.SQL@main] update hibernate_sequence set next_val= ? where next_val=? 
2022-02-25 23:40:24.467 DEBUG [acme.framework.components.database.DatabaseUtil@main] Persisting entity UserAccount(username=anonymous) 
2022-02-25 23:40:24.468 DEBUG [org.hibernate.SQL@main] select next_val as id_val from hibernate_sequence for update 
2022-02-25 23:40:24.469 DEBUG [org.hibernate.SQL@main] update hibernate_sequence set next_val= ? where next_val=? 
2022-02-25 23:40:24.473 DEBUG [acme.framework.components.database.DatabaseUtil@main] Persisting entity UserAccount(username=administrator) 
2022-02-25 23:40:24.473 DEBUG [acme.framework.components.database.DatabasePopulator@main] Persising entities of clazz 'acme.framework.roles.Authenticated' 
2022-02-25 23:40:24.474 DEBUG [org.hibernate.SQL@main] select next_val as id_val from hibernate_sequence for update 
2022-02-25 23:40:24.475 DEBUG [org.hibernate.SQL@main] update hibernate_sequence set next_val= ? where next_val=? 
2022-02-25 23:40:24.479 DEBUG [acme.framework.components.database.DatabaseUtil@main] Persisting entity UserRole(userAccount=UserAccount(username=administrator)) 
2022-02-25 23:40:24.479 DEBUG [acme.framework.components.database.DatabasePopulator@main] Persising entities of clazz 'acme.framework.roles.Administrator' 
2022-02-25 23:40:24.479 DEBUG [org.hibernate.SQL@main] select next_val as id_val from hibernate_sequence for update 
2022-02-25 23:40:24.480 DEBUG [org.hibernate.SQL@main] update hibernate_sequence set next_val= ? where next_val=? 
2022-02-25 23:40:24.483 DEBUG [acme.framework.components.database.DatabaseUtil@main] Persisting entity UserRole(userAccount=UserAccount(username=administrator)) 
2022-02-25 23:40:24.483 DEBUG [acme.framework.components.database.DatabasePopulator@main] Persising entities of clazz 'acme.framework.roles.Anonymous' 
2022-02-25 23:40:24.483 DEBUG [org.hibernate.SQL@main] select next_val as id_val from hibernate_sequence for update 
2022-02-25 23:40:24.484 DEBUG [org.hibernate.SQL@main] update hibernate_sequence set next_val= ? where next_val=? 
2022-02-25 23:40:24.487 DEBUG [acme.framework.components.database.DatabaseUtil@main] Persisting entity UserRole(userAccount=UserAccount(username=anonymous)) 
2022-02-25 23:40:24.488 DEBUG [acme.framework.components.database.DatabaseUtil@main] Committing transaction '1431155101'. 
2022-02-25 23:40:24.527 DEBUG [org.hibernate.SQL@main] insert into user_account (version, enabled, identity, password, username, id) values (?, ?, ?, ?, ?, ?) 
2022-02-25 23:40:24.532 TRACE [org.hibernate.type.descriptor.sql.BasicBinder@main] binding parameter [1] as [INTEGER] - [0] 
2022-02-25 23:40:24.535 TRACE [org.hibernate.type.descriptor.sql.BasicBinder@main] binding parameter [2] as [BOOLEAN] - [false] 
2022-02-25 23:40:24.535 TRACE [org.hibernate.type.descriptor.sql.BasicBinder@main] binding parameter [3] as [BLOB] - [DefaultUserIdentity(name=John, surname=Doe, email=john.doe@acme.com)] 
2022-02-25 23:40:24.539 TRACE [org.hibernate.type.descriptor.sql.BasicBinder@main] binding parameter [4] as [VARCHAR] - [$2a$05$LE1ABklSw0/oJWzV/.O9yODdQY8Hkq9n.GRc87T7Sx45UkfZihzmi] 
2022-02-25 23:40:24.539 TRACE [org.hibernate.type.descriptor.sql.BasicBinder@main] binding parameter [5] as [VARCHAR] - [anonymous] 
2022-02-25 23:40:24.539 TRACE [org.hibernate.type.descriptor.sql.BasicBinder@main] binding parameter [6] as [INTEGER] - [1] 
2022-02-25 23:40:24.549 DEBUG [org.hibernate.SQL@main] insert into user_account (version, enabled, identity, password, username, id) values (?, ?, ?, ?, ?, ?) 
2022-02-25 23:40:24.551 TRACE [org.hibernate.type.descriptor.sql.BasicBinder@main] binding parameter [1] as [INTEGER] - [0] 
2022-02-25 23:40:24.551 TRACE [org.hibernate.type.descriptor.sql.BasicBinder@main] binding parameter [2] as [BOOLEAN] - [true] 
2022-02-25 23:40:24.551 TRACE [org.hibernate.type.descriptor.sql.BasicBinder@main] binding parameter [3] as [BLOB] - [DefaultUserIdentity(name=Administrator, surname=Acme, email=administrator@acme.com)] 
2022-02-25 23:40:24.551 TRACE [org.hibernate.type.descriptor.sql.BasicBinder@main] binding parameter [4] as [VARCHAR] - [$2a$05$ubX.iAs4AAeLhRrhMXbmFOW6itcgfPj96WUDrhnMaAOnEoHzVn/Re] 
2022-02-25 23:40:24.551 TRACE [org.hibernate.type.descriptor.sql.BasicBinder@main] binding parameter [5] as [VARCHAR] - [administrator] 
2022-02-25 23:40:24.551 TRACE [org.hibernate.type.descriptor.sql.BasicBinder@main] binding parameter [6] as [INTEGER] - [2] 
2022-02-25 23:40:24.552 DEBUG [org.hibernate.SQL@main] insert into authenticated (version, user_account_id, id) values (?, ?, ?) 
2022-02-25 23:40:24.553 TRACE [org.hibernate.type.descriptor.sql.BasicBinder@main] binding parameter [1] as [INTEGER] - [0] 
2022-02-25 23:40:24.553 TRACE [org.hibernate.type.descriptor.sql.BasicBinder@main] binding parameter [2] as [INTEGER] - [2] 
2022-02-25 23:40:24.553 TRACE [org.hibernate.type.descriptor.sql.BasicBinder@main] binding parameter [3] as [INTEGER] - [3] 
2022-02-25 23:40:24.560 DEBUG [org.hibernate.SQL@main] insert into administrator (version, user_account_id, id) values (?, ?, ?) 
2022-02-25 23:40:24.561 TRACE [org.hibernate.type.descriptor.sql.BasicBinder@main] binding parameter [1] as [INTEGER] - [0] 
2022-02-25 23:40:24.561 TRACE [org.hibernate.type.descriptor.sql.BasicBinder@main] binding parameter [2] as [INTEGER] - [2] 
2022-02-25 23:40:24.562 TRACE [org.hibernate.type.descriptor.sql.BasicBinder@main] binding parameter [3] as [INTEGER] - [4] 
2022-02-25 23:40:24.567 DEBUG [org.hibernate.SQL@main] insert into anonymous (version, user_account_id, id) values (?, ?, ?) 
2022-02-25 23:40:24.567 TRACE [org.hibernate.type.descriptor.sql.BasicBinder@main] binding parameter [1] as [INTEGER] - [0] 
2022-02-25 23:40:24.568 TRACE [org.hibernate.type.descriptor.sql.BasicBinder@main] binding parameter [2] as [INTEGER] - [1] 
2022-02-25 23:40:24.568 TRACE [org.hibernate.type.descriptor.sql.BasicBinder@main] binding parameter [3] as [INTEGER] - [5] 
2022-02-25 23:40:25.876 INFO  [acme.framework.configuration.ShutdownConfiguration@main] The system is shutting down... 
2022-02-25 23:40:25.907 DEBUG [acme.Launcher@main] Exit code = 0 
